[2016.02.24-16.03.57:372][  0]Log file open, 02/25/16 00:03:57
[2016.02.24-16.03.57:373][  0]LogInit:Display: Running engine for game: ThirdPersonPunch
[2016.02.24-16.03.57:373][  0]LogPlatformFile: Not using cached read wrapper
[2016.02.24-16.03.57:373][  0]LogInit:Display: RandInit(805483623) SRandInit(805483652).
[2016.02.24-16.03.57:373][  0]LogTaskGraph: Started task graph with 4 named threads and 5 total threads.
[2016.02.24-16.03.57:373][  0]LogStats: Stats thread started at 0.122163
[2016.02.24-16.03.57:373][  0]LogInit: Version: 4.10.2-2818068+++depot+UE4-Releases+4.10
[2016.02.24-16.03.57:373][  0]LogInit: API Version: 2758231
[2016.02.24-16.03.57:373][  0]LogInit: Compiled (64-bit): Jan  6 2016 17:36:42
[2016.02.24-16.03.57:373][  0]LogInit: Compiled with Visual C++: 19.00.23026.00
[2016.02.24-16.03.57:373][  0]LogInit: Build Configuration: Development
[2016.02.24-16.03.57:373][  0]LogInit: Branch Name: ++depot+UE4-Releases+4.10
[2016.02.24-16.03.57:373][  0]LogInit: Command line:  /Temp/Autosaves/Game/StarterContent/Maps/UEDPCMinimal_Default -game -PIEVIACONSOLE -ResX=1280 -ResY=720  -Multiprocess -featureleveles2 -faketouches 
[2016.02.24-16.03.57:373][  0]LogInit: Base directory: D:/Epic Games/4.10/Engine/Binaries/Win64/
[2016.02.24-16.03.57:373][  0]LogInit: Rocket: 1
[2016.02.24-16.03.57:398][  0]LogInit: Using libcurl 7.41.0
[2016.02.24-16.03.57:398][  0]LogInit:  - built for x86_64-pc-win32
[2016.02.24-16.03.57:398][  0]LogInit:  - supports SSL with WinSSL
[2016.02.24-16.03.57:398][  0]LogInit:  - other features:
[2016.02.24-16.03.57:398][  0]LogInit:      CURL_VERSION_SSL
[2016.02.24-16.03.57:398][  0]LogInit:      CURL_VERSION_IPV6
[2016.02.24-16.03.57:398][  0]LogInit:      CURL_VERSION_ASYNCHDNS
[2016.02.24-16.03.57:398][  0]LogInit:      CURL_VERSION_LARGEFILE
[2016.02.24-16.03.57:398][  0]LogInit:      CURL_VERSION_IDN
[2016.02.24-16.03.57:398][  0]LogInit:  CurlRequestOptions (configurable via config and command line):
[2016.02.24-16.03.57:398][  0]LogInit:  - bVerifyPeer = true  - Libcurl will verify peer certificate
[2016.02.24-16.03.57:398][  0]LogInit:  - bUseHttpProxy = false  - Libcurl will NOT use HTTP proxy
[2016.02.24-16.03.57:398][  0]LogInit:  - bDontReuseConnections = false  - Libcurl will reuse connections
[2016.02.24-16.03.57:398][  0]LogInit:  - CertBundlePath = nullptr  - Libcurl will use whatever was configured at build time.
[2016.02.24-16.03.57:411][  0]LogInit: Presizing for 0 objects not considered by GC, pre-allocating 0 bytes.
[2016.02.24-16.03.57:435][  0]LogInit: Object subsystem initialized
[2016.02.24-16.03.57:436][  0]LogInit: Selected Device Profile: [Windows]
[2016.02.24-16.03.57:436][  0]LogInit: Applying CVar settings loaded from the selected device profile: [Windows]
[2016.02.24-16.03.57:446][  0]LogInit: Computer: DESKTOP-63HJ9HN
[2016.02.24-16.03.57:446][  0]LogInit: User: ShaunGoh
[2016.02.24-16.03.57:446][  0]LogInit: CPU Page size=4096, Cores=2
[2016.02.24-16.03.57:446][  0]LogInit: High frequency timer resolution =3.609378 MHz
[2016.02.24-16.03.57:446][  0]LogMemory: Memory total: Physical=7.9GB (8GB approx)
[2016.02.24-16.03.57:446][  0]LogMemory: Platform Memory Stats for Windows
[2016.02.24-16.03.57:446][  0]LogMemory: Process Physical Memory: 55.23 MB used, 55.23 MB peak
[2016.02.24-16.03.57:446][  0]LogMemory: Process Virtual Memory: 55.49 MB used, 55.49 MB peak
[2016.02.24-16.03.57:446][  0]LogMemory: Physical Memory: 5597.55 MB used, 8113.81 MB total
[2016.02.24-16.03.57:446][  0]LogMemory: Virtual Memory: 376.58 MB used, 134217728.00 MB total
[2016.02.24-16.03.57:525][  0]LogTextLocalizationManager: No specific translations for ('en-US') exist, so ('en') translations will be used.
[2016.02.24-16.03.58:661][  0]LogD3D11RHI: Found D3D11 adapter 0: Intel(R) HD Graphics 530 (Feature Level 11_0)
[2016.02.24-16.03.58:661][  0]LogD3D11RHI: Adapter has 128MB of dedicated video memory, 0MB of dedicated system memory, and 4056MB of shared system memory, 1 output[s]
[2016.02.24-16.03.58:666][  0]LogD3D11RHI: Found D3D11 adapter 1: Microsoft Basic Render Driver (Feature Level 11_0)
[2016.02.24-16.03.58:666][  0]LogD3D11RHI: Adapter has 0MB of dedicated video memory, 0MB of dedicated system memory, and 4056MB of shared system memory, 0 output[s]
[2016.02.24-16.03.58:666][  0]LogD3D11RHI: Chosen D3D11 Adapter Id = 0
[2016.02.24-16.03.58:679][  0]LogD3D11RHI: !Direct3DDevice
[2016.02.24-16.03.58:679][  0]LogRHI: Texture pool is 1361 MB (70% of 1945 MB)
[2016.02.24-16.03.58:685][  0]LogD3D11RHI: Async texture creation enabled
[2016.02.24-16.03.58:694][  0]LogShaderCompilers: Guid format shader working directory is -22 characters bigger than the processId version (../../../../../MMLS/TGD2251 - GAME PHYSICS/Assignment2/ThirdPersonPunch/Intermediate/Shaders/WorkingDirectory/2880/).
[2016.02.24-16.03.58:694][  0]LogShaderCompilers: Cleaned the shader compiler working directory 'C:/Users/SHAUNG~1/AppData/Local/Temp/UnrealShaderWorkingDir/19D67E774FD231130DB52E9B0F3A1A94/'.
[2016.02.24-16.03.58:694][  0]LogShaderCompilers:Display: Using Local Shader Compiler.
[2016.02.24-16.03.59:938][  0]LogTemp:Display: Loaded TP AllDesktopTargetPlatform
[2016.02.24-16.03.59:949][  0]LogTemp:Display: Loaded TP WindowsClientTargetPlatform
[2016.02.24-16.03.59:959][  0]LogTemp:Display: Loaded TP WindowsNoEditorTargetPlatform
[2016.02.24-16.03.59:971][  0]LogTemp:Display: Loaded TP WindowsServerTargetPlatform
[2016.02.24-16.03.59:978][  0]LogTemp:Display: Loaded TP WindowsTargetPlatform
[2016.02.24-16.03.59:981][  0]LogTemp:Display: Loaded TP AndroidTargetPlatform
[2016.02.24-16.03.59:984][  0]LogTemp:Display: Loaded TP Android_ASTCTargetPlatform
[2016.02.24-16.03.59:988][  0]LogTemp:Display: Loaded TP Android_ATCTargetPlatform
[2016.02.24-16.03.59:995][  0]LogTemp:Display: Loaded TP Android_DXTTargetPlatform
[2016.02.24-16.03.59:998][  0]LogTemp:Display: Loaded TP Android_ETC1TargetPlatform
[2016.02.24-16.04.00:001][  0]LogTemp:Display: Loaded TP Android_ETC2TargetPlatform
[2016.02.24-16.04.00:010][  0]LogTemp:Display: Loaded TP Android_MultiTargetPlatform
[2016.02.24-16.04.00:010][  0]LogTemp:Display: Loaded TP Android_PVRTCTargetPlatform
[2016.02.24-16.04.00:012][  0]LogTemp:Display: Loaded TP HTML5TargetPlatform
[2016.02.24-16.04.00:029][  0]LogTemp:Display: Loaded TP IOSTargetPlatform
[2016.02.24-16.04.00:031][  0]LogTemp:Display: Loaded TP LinuxNoEditorTargetPlatform
[2016.02.24-16.04.00:035][  0]LogTemp:Display: Loaded TP LinuxServerTargetPlatform
[2016.02.24-16.04.00:044][  0]LogTemp:Display: Loaded TP LinuxTargetPlatform
[2016.02.24-16.04.00:044][  0]LogTargetPlatformManager:Display: Building Assets For Windows
[2016.02.24-16.04.00:129][  0]LogDerivedDataCache:Display: Max Cache Size: 512 MB
[2016.02.24-16.04.00:214][  0]LogDerivedDataCache: Loaded boot cache 0.08s 41MB C:/Users/Shaun Goh/AppData/Local/UnrealEngine/4.10/DerivedDataCache/Boot.ddc.
[2016.02.24-16.04.00:214][  0]LogDerivedDataCache:Display: Loaded Boot cache: C:/Users/Shaun Goh/AppData/Local/UnrealEngine/4.10/DerivedDataCache/Boot.ddc
[2016.02.24-16.04.00:214][  0]LogDerivedDataCache: FDerivedDataBackendGraph:  Pak pak cache file ../../../../../MMLS/TGD2251 - GAME PHYSICS/Assignment2/ThirdPersonPunch/DerivedDataCache/DDC.ddp not found, will not use a pak cache.
[2016.02.24-16.04.00:214][  0]LogDerivedDataCache: Unable to find inner node Pak for hierarchical cache Hierarchy.
[2016.02.24-16.04.00:214][  0]LogDerivedDataCache: FDerivedDataBackendGraph:  CompressedPak pak cache file ../../../../../MMLS/TGD2251 - GAME PHYSICS/Assignment2/ThirdPersonPunch/DerivedDataCache/Compressed.ddp not found, will not use a pak cache.
[2016.02.24-16.04.00:214][  0]LogDerivedDataCache: Unable to find inner node CompressedPak for hierarchical cache Hierarchy.
[2016.02.24-16.04.00:311][  0]LogDerivedDataCache:Display: Pak cache opened for reading ../../../Engine/DerivedDataCache/Compressed.ddp.
[2016.02.24-16.04.00:324][  0]LogDerivedDataCache: Using Local data cache path C:/Users/Shaun Goh/AppData/Local/UnrealEngine/Common/DerivedDataCache: Writable
[2016.02.24-16.04.