[2016.02.24-21.12.04:041][  0]Log file open, 02/25/16 05:12:04
[2016.02.24-21.12.04:041][  0]LogInit:Display: Running engine for game: ThirdPersonPunch
[2016.02.24-21.12.04:041][  0]LogPlatformFile: Not using cached read wrapper
[2016.02.24-21.12.04:041][  0]LogInit:Display: RandInit(-1188399529) SRandInit(-1188399526).
[2016.02.24-21.12.04:041][  0]LogTaskGraph: Started task graph with 4 named threads and 5 total threads.
[2016.02.24-21.12.04:041][  0]LogStats: Stats thread started at 0.087982
[2016.02.24-21.12.04:041][  0]LogInit: Version: 4.10.2-2818068+++depot+UE4-Releases+4.10
[2016.02.24-21.12.04:041][  0]LogInit: API Version: 2758231
[2016.02.24-21.12.04:042][  0]LogInit: Compiled (64-bit): Jan  6 2016 17:36:42
[2016.02.24-21.12.04:042][  0]LogInit: Compiled with Visual C++: 19.00.23026.00
[2016.02.24-21.12.04:042][  0]LogInit: Build Configuration: Development
[2016.02.24-21.12.04:042][  0]LogInit: Branch Name: ++depot+UE4-Releases+4.10
[2016.02.24-21.12.04:042][  0]LogInit: Command line: -HTTP=WinInet
[2016.02.24-21.12.04:042][  0]LogInit: Base directory: D:/Epic Games/4.10/Engine/Binaries/Win64/
[2016.02.24-21.12.04:042][  0]LogInit: Rocket: 1
[2016.02.24-21.12.04:053][  0]LogInit: Presizing for 0 objects not considered by GC, pre-allocating 0 bytes.
[2016.02.24-21.12.04:061][  0]LogInit: Object subsystem initialized
[2016.02.24-21.12.04:062][  0]LogInit: Selected Device Profile: [Windows]
[2016.02.24-21.12.04:062][  0]LogInit: Applying CVar settings loaded from the selected device profile: [Windows]
[2016.02.24-21.12.04:078][  0]LogInit: Computer: DESKTOP-63HJ9HN
[2016.02.24-21.12.04:078][  0]LogInit: User: ShaunGoh
[2016.02.24-21.12.04:078][  0]LogInit: CPU Page size=4096, Cores=2
[2016.02.24-21.12.04:078][  0]LogInit: High frequency timer resolution =3.609378 MHz
[2016.02.24-21.12.04:078][  0]LogMemory: Memory total: Physical=7.9GB (8GB approx)
[2016.02.24-21.12.04:078][  0]LogMemory: Platform Memory Stats for Windows
[2016.02.24-21.12.04:078][  0]LogMemory: Process Physical Memory: 55.35 MB used, 55.35 MB peak
[2016.02.24-21.12.04:078][  0]LogMemory: Process Virtual Memory: 57.45 MB used, 57.45 MB peak
[2016.02.24-21.12.04:078][  0]LogMemory: Physical Memory: 5102.80 MB used, 8113.81 MB total
[2016.02.24-21.12.04:078][  0]LogMemory: Virtual Memory: 378.47 MB used, 134217728.00 MB total
[2016.02.24-21.12.04:125][  0]LogTextLocalizationManager: No specific translations for ('en-US') exist, so ('en') translations will be used.
[2016.02.24-21.12.04:715][  0]LogD3D11RHI: Found D3D11 adapter 0: Intel(R) HD Graphics 530 (Feature Level 11_0)
[2016.02.24-21.12.04:715][  0]LogD3D11RHI: Adapter has 128MB of dedicated video memory, 0MB of dedicated system memory, and 4056MB of shared system memory, 1 output[s]
[2016.02.24-21.12.04:716][  0]LogD3D11RHI: Found D3D11 adapter 1: Microsoft Basic Render Driver (Feature Level 11_0)
[2016.02.24-21.12.04:716][  0]LogD3D11RHI: Adapter has 0MB of dedicated video memory, 0MB of dedicated system memory, and 4056MB of shared system memory, 0 output[s]
[2016.02.24-21.12.04:716][  0]LogD3D11RHI: Chosen D3D11 Adapter Id = 0
[2016.02.24-21.12.04:720][  0]LogD3D11RHI: !Direct3DDevice
[2016.02.24-21.12.04:720][  0]LogRHI: Texture pool is 1361 MB (70% of 1945 MB)
[2016.02.24-21.12.04:728][  0]LogD3D11RHI: Async texture creation enabled
[2016.02.24-21.12.04:735][  0]LogShaderCompilers: Guid format shader working directory is -22 characters bigger than the processId version (../../../../../MMLS/TGD2251 - GAME PHYSICS/Assignment2/ThirdPersonPunch/Intermediate/Shaders/WorkingDirectory/2736/).
[2016.02.24-21.12.04:735][  0]LogShaderCompilers: Cleaned the shader compiler working directory 'C:/Users/SHAUNG~1/AppData/Local/Temp/UnrealShaderWorkingDir/60D0800D436CE221AA7ED29A0628C3F3/'.
[2016.02.24-21.12.04:735][  0]LogShaderCompilers:Display: Using Local Shader Compiler.
[2016.02.24-21.12.05:655][  0]LogTemp:Display: Loaded TP AllDesktopTargetPlatform
[2016.02.24-21.12.05:658][  0]LogTemp:Display: Loaded TP WindowsClientTargetPlatform
[2016.02.24-21.12.05:666][  0]LogTemp:Display: Loaded TP WindowsNoEditorTargetPlatform
[2016.02.24-21.12.05:669][  0]LogTemp:Display: Loaded TP WindowsServerTargetPlatform
[2016.02.24-21.12.05:672][  0]LogTemp:Display: Loaded TP WindowsTargetPlatform
[2016.02.24-21.12.05:677][  0]LogTemp:Display: Loaded TP AndroidTargetPlatform
[2016.02.24-21.12.05:679][  0]LogTemp:Display: Loaded TP Android_ASTCTargetPlatform
[2016.02.24-21.12.05:681][  0]LogTemp:Display: Loaded TP Android_ATCTargetPlatform
[2016.02.24-21.12.05:683][  0]LogTemp:Display: Loaded TP Android_DXTTargetPlatform
[2016.02.24-21.12.05:685][  0]LogTemp:Display: Loaded TP Android_ETC1TargetPlatform
[2016.02.24-21.12.05:687][  0]LogTemp:Display: Loaded TP Android_ETC2TargetPlatform
[2016.02.24-21.12.05:691][  0]LogTemp:Display: Loaded TP Android_MultiTargetPlatform
[2016.02.24-21.12.05:691][  0]LogTemp:Display: Loaded TP Android_PVRTCTargetPlatform
[2016.02.24-21.12.05:692][  0]LogTemp:Display: Loaded TP HTML5TargetPlatform
[2016.02.24-21.12.05:713][  0]LogTemp:Display: Loaded TP IOSTargetPlatform
[2016.02.24-21.12.05:715][  0]LogTemp:Display: Loaded TP LinuxNoEditorTargetPlatform
[2016.02.24-21.12.05:718][  0]LogTemp:Display: Loaded TP LinuxServerTargetPlatform
[2016.02.24-21.12.05:720][  0]LogTemp:Display: Loaded TP LinuxTargetPlatform
[2016.02.24-21.12.05:720][  0]LogTargetPlatformManager:Display: Building Assets For Windows
[2016.02.24-21.12.05:780][  0]LogDerivedDataCache:Display: Max Cache Size: 512 MB
[2016.02.24-21.12.05:845][  0]LogDerivedDataCache: Loaded boot cache 0.06s 41MB C:/Users/Shaun Goh/AppData/Local/UnrealEngine/4.10/DerivedDataCache/Boot.ddc.
[2016.02.24-21.12.05:845][  0]LogDerivedDataCache:Display: Loaded Boot cache: C:/Users/Shaun Goh/AppData/Local/UnrealEngine/4.10/DerivedDataCache/Boot.ddc
[2016.02.24-21.12.05:845][  0]LogDerivedDataCache: FDerivedDataBackendGraph:  Pak pak cache file ../../../../../MMLS/TGD2251 - GAME PHYSICS/Assignment2/ThirdPersonPunch/DerivedDataCache/DDC.ddp not found, will not use a pak cache.
[2016.02.24-21.12.05:845][  0]LogDerivedDataCache: Unable to find inner node Pak for hierarchical cache Hierarchy.
[2016.02.24-21.12.05:845][  0]LogDerivedDataCache: FDerivedDataBackendGraph:  CompressedPak pak cache file ../../../../../MMLS/TGD2251 - GAME PHYSICS/Assignment2/ThirdPersonPunch/DerivedDataCache/Compressed.ddp not found, will not use a pak cache.
[2016.02.24-21.12.05:845][  0]LogDerivedDataCache: Unable to find inner node CompressedPak for hierarchical cache Hierarchy.
[2016.02.24-21.12.05:894][  0]LogDerivedDataCache:Display: Pak cache opened for reading ../../../Engine/DerivedDataCache/Compressed.ddp.
[2016.02.24-21.12.05:908][  0]LogDerivedDataCache: Using Local data cache path C:/Users/Shaun Goh/AppData/Local/UnrealEngine/Common/DerivedDataCache: Writable
[2016.02.24-21.12.06:085][  0]LogInit: Selected Device Profile: [Windows]
[2016.02.24-21.12.06:087][  0]LogContentStreaming: Texture pool size is 0.000000MB
[2016.02.24-21.12.06:213][  0]LogMeshUtilities: No automatic mesh reduction module available
[2016.02.24-21.12.06:213][  0]LogMeshUtilities: No automatic mesh merging module available
[2016.02.24-21.12.06:536][  0]LogInit: WinSock: version 1.1 (2.2), MaxSocks=32767, MaxUdp=65467
[2016.02.24-21.12.07:243][  0]UdpMessaging: Initializing bridge on interface 0.0.0.0:0 to multicast group 230.0.0.1:6666.
[2016.02.24-21.12.07:338][  0]LogAssetRegistry: FAssetRegistry took 0.0106 seconds to start up
[2016.02.24-21.12.07:531][  0]SourceControl: Info Source control is disabled
[2016.02.24-21.12.07:571][  0]SourceControl: Info Source control is disabled
[2016.02.24-21.12.07:585][  0]SourceControl: Info Source control is disabled
[2016.02.24-21.12.07:598][  0]SourceControl: Info Source control is disabled
[2016.02.24-21.12.07:765][  0]LogObj: 28633 objects as part of root set at end of initial load.
[2016.02.24-21.12.07:765][  0]LogUObjectAllocator: 6099744 out of 0 bytes used by permanent object pool.
[2016.02.24-21.12.07:816][  0]LogEngine: Initializing Engine...
[2016.02.24-21.12.07:817][  0]LogHMD: Can't find Oculus library dev build: is proper Runtime installed? Version: 0.8.0.0
[2016.02.24-21.12.07:818][  0]LogHMD: SteamVR failed to initialize.  Err: 110
[2016.02.24-21.12.07:960][  0]LogAIModule: Creating AISystem for world NewWorld
[2016.02.24-21.12.07:965][  0]LogInit: XAudio2 using 'Speakers (2- High Definition Audio Device)' : 2 channels at 44.1 kHz using 16 bits per sample (channel mask 0x3)
[2016.02.24-21.12.07:970][  0]LogInit: FAudioDevice initialized.
[2016.02.24-21.12.08:003][  0]LogDerivedDataCache: Saved boot cache 0.03s 41MB C:/Users/Shaun Goh/AppData/Local/UnrealEngine/4.10/DerivedDataCache/Boot.ddc.
[2016.02.24-21.12.08:013][  0]LogInit: Texture streaming: Enabled
[2016.02.24-21.12.08:016][  0]LogAnalytics: Creating configured Analytics provider AnalyticsET
[2016.02.24-21.12.08:016][  0]LogAnalytics: [UEEditor.Rocket.Release] APIServer = http://et2.epicgames.com/ET2/. AppVersion = 4.10.2-2818068+++depot+UE4-Releases+4.10
[2016.02.24-21.12.08:016][  0]LogAnalytics: [UEEditor.Rocket.Release] SetUserId 7722ef384c4720144d202ca43fb8678d|30f4ab32c514423f9162b30ccdae0155|99934fa0-303e-4f28-b544-4cacd01c1c5b
[2016.02.24-21.12.08:016][  0]LogAnalytics: [UEEditor.Rocket.Release] AnalyticsET::StartSession
[2016.02.24-21.12.08:028][  0]LogInit: Transaction tracking system initialized
[2016.02.24-21.12.08:046][  0]BlueprintLog: New page: Editor Load
[2016.02.24-21.12.08:111][  0]LocalizationService: Info Localization service is disabled
[2016.02.24-21.12.08:170][  0]LogConsoleResponse:Display: 
[2016.02.24-21.12.08:326][  0]LogCook:Display: Done creating registry. It took  0.00s.
[2016.02.24-21.12.08:370][  0]LogFileCache: Scanning file cache for directory 'D:/MMLS/TGD2251 - GAME PHYSICS/Assignment2/ThirdPersonPunch/Content/' took 0.02s
[2016.02.24-21.12.08:370][  0]SourceControl: Info Source control is disabled
[2016.02.24-21.12.08:370][  0]Cmd: MAP LOAD FILE="../../../../../MMLS/TGD2251 - GAME PHYSICS/Assignment2/ThirdPersonPunch/Content/StarterContent/Maps/Minimal_Default.umap" TEMPLATE=0 SHOWPROGRESS=1 FEATURELEVEL=3
[2016.02.24-21.12.08:370][  0]LightingResults: New page: Lighting Build
[2016.02.24-21.12.08:372][  0]MapCheck: New page: Map Check
[2016.02.24-21.12.08:372][  0]LightingResults: New page: Lighting Build
[2016.02.24-21.12.08:395][  0]LogParticles: Destroying 0 GPU particle simulations for FXSystem 0x0000006B172D2AC0
[2016.02.24-21.12.08:962][  0]LogAIModule: Creating AISystem for world Minimal_Default
[2016.02.24-21.12.08:969][  0]LogEditorServer: Finished looking for orphan Actors (0.000 secs)
[2016.02.24-21.12.08:969][  0]Cmd: MAP CHECKDEP NOCLEARLOG
[2016.02.24-21.12.09:040][  0]MapCheck: Info Map check complete: 0 Error(s), 0 Warning(s), took 70.234ms to complete.
[2016.02.24-21.12.09:040][  0]LogFileHelpers: Loading map 'Minimal_Default' took 0.670
[2016.02.24-21.12.09:155][  0]LogCollectionManager: Loaded 0 collections in 0.000945 seconds
[2016.02.24-21.12.09:193][  0]LogFileCache: Scanning file cache for directory 'D:/MMLS/TGD2251 - GAME PHYSICS/Assignment2/ThirdPersonPunch/Saved/Collections/' took 0.01s
[2016.02.24-21.12.09:193][  0]LogFileCache: Scanning file cache for directory 'D:/MMLS/TGD2251 - GAME PHYSICS/Assignment2/ThirdPersonPunch/Content/Developers/ShaunGoh/Collections/' took 0.01s
[2016.02.24-21.12.09:193][  0]LogFileCache: Scanning file cache for directory 'D:/MMLS/TGD2251 - GAME PHYSICS/Assignment2/ThirdPersonPunch/Content/Collections/' took 0.01s
[2016.02.24-21.12.09:193][  0]LogCollectionManager: Rebuilt the GUID cache for 0 collections in 0.000001 seconds
[2016.02.24-21.12.09:203][  0]LogContentBrowser: Native class hierarchy populated in 0.0098 seconds. Added 1893 classes and 338 folders.
[2016.02.24-21.12.09:206][  0]LogContentBrowser: Native class hierarchy updated for 'WidgetCarousel' in 0.0002 seconds. Added 0 classes and 0 folders.
[2016.02.24-21.12.09:245][  0]LogContentBrowser: Native class hierarchy updated for 'AddContentDialog' in 0.0004 seconds. Added 0 classes and 0 folders.
[2016.02.24-21.12.09:248][  0]LogContentBrowser: Native class hierarchy updated for 'SceneOutliner' in 0.0003 seconds. Added 1 classes and 2 folders.
[2016.02.24-21.12.09:267][  0]LogCrashTracker: Crashtracker disabled due to settings.
[2016.02.24-21.12.09:270][  0]LogUObjectGlobals:Warning: Failed to find object 'Class None.'
[2016.02.24-21.12.09:300][  0]LogLoad: Full Startup: 5.73 seconds (BP compile: 0.12 seconds)
[2016.02.24-21.12.09:314][  0]LogOcInput: Can't find Oculus library dev build: is proper Runtime installed? Version: 0.8.0.0
[2016.02.24-21.12.09:377][  0]LogContentStreaming: Texture pool size now 200 MB
[2016.02.24-21.12.09:536][  0]LogRenderer: Reallocating scene render targets to support 1208x644 (Frame:2).
[2016.02.24-21.12.10:720][  6]LogAssetRegistry: Asset discovery search completed in 3.3924 seconds
[2016.02.24-21.12.10:721][  6]LogCollectionManager: Rebuilt the object cache for 0 collections in 0.000002 seconds (found 0 objects)
[2016.02.24-21.12.10:721][  6]LogCollectionManager: Fixed up redirectors for 0 collections in 0.000052 seconds (updated 0 objects)
[2016.02.24-21.12.26:423][412]LogLinker:Warning: Asset '../../../Engine/Content/ArtTools/RenderToTexture/Macros/RenderToTextureMacros.uasset' has been saved with empty engine version. The asset will be loaded but may be incompatible.
[2016.02.24-21.12.26:857][412]LogContentBrowser: Native class hierarchy updated for 'BlueprintGraph' in 0.0005 seconds. Added 107 classes and 0 folders.
[2016.02.24-21.12.43:645][762]LogRenderer: Reallocating scene render targets to support 1208x900 (Frame:780).
[2016.02.24-21.13.04:643][169]LogSkeletalMesh: InitArticulated: Bodies already created (/Engine/Transient.DebugSkelMeshComponent_0) - call TermArticulated first.
[2016.02.24-21.16.19:233][ 81]BlueprintLog: New page: Compile NewAnimBlueprint
[2016.02.24-21.16.19:786][ 81]LogActorComponent: UnregisterComponent: (/Engine/Transient.CharMoveComp) Not registered. Aborting.
[2016.02.24-21.16.19:929][ 81]LogParticles: Destroying 0 GPU particle simulations for FXSystem 0x0000006B23FBF240
[2016.02.24-21.16.20:093][ 81]BlueprintEditorCompileResults: Info [0256.52] Compile of NewAnimBlueprint successful! [in 857 ms]
[2016.02.24-21.16.21:471][ 90]LogSavePackage: Save=283.084778ms
[2016.02.24-21.16.21:471][ 90]LogSavePackage: Moving '../../../../../MMLS/TGD2251 - GAME PHYSICS/Assignment2/ThirdPersonPunch/Saved/NewAnimBlueprint74DFEA994C15860576A81DB0913DD712.tmp' to '../../../../../MMLS/TGD2251 - GAME PHYSICS/Assignment2/ThirdPersonPunch/Content/Character/Animation/NewAnimBlueprint.uasset'
[2016.02.24-21.16.21:474][ 90]LogSavePackage: Total save time: 467.935197ms
[2016.02.24-21.16.21:474][ 90]LogSavePackage:Display: Finished SavePackage ../../../../../MMLS/TGD2251 - GAME PHYSICS/Assignment2/ThirdPersonPunch/Content/Character/Animation/NewAnimBlueprint.uasset
[2016.02.24-21.16.26:761][184]LogParticles: Destroying 0 GPU particle simulations for FXSystem 0x0000006B49E3A020
[2016.02.24-21.16.26:762][184]LogParticles: Destroying 0 GPU particle simulations for FXSystem 0x0000006B49E3A840
[2016.02.24-21.16.26:764][184]LogParticles: Destroying 0 GPU particle simulations for FXSystem 0x0000006B499C5BC0
[2016.02.24-21.16.53:137][383]LogBlueprintUserMessages: Early PlayInEditor Detection: Level '/Game/StarterContent/Maps/Minimal_Default.Minimal_Default:PersistentLevel' has LevelScriptBlueprint '/Game/StarterContent/Maps/Minimal_Default.Minimal_Default:PersistentLevel.Minimal_Default' with GeneratedClass '/Game/StarterContent/Maps/Minimal_Default.Minimal_Default_C' with ClassGeneratedBy '/Game/StarterContent/Maps/Minimal_Default.Minimal_Default:PersistentLevel.Minimal_Default'
[2016.02.24-21.16.53:137][383]LogPlayLevel: PlayLevel: No blueprints needed recompiling
[2016.02.24-21.16.53:137][383]PIE: New page: PIE session: Minimal_Default (Feb 25, 2016, 1:16:53 PM)
[2016.02.24-21.16.53:137][383]LogPlayLevel: Creating play world package: /Game/StarterContent/Maps/UEDPIE_0_Minimal_Default
[2016.02.24-21.16.53:147][383]LogPlayLevel: PIE: StaticDuplicateObject took: (0.010356s)
[2016.02.24-21.16.53:148][383]LogAIModule: Creating AISystem for world Minimal_Default
[2016.02.24-21.16.53:148][383]LogPlayLevel: PIE: World Init took: (0.000924s)
[2016.02.24-21.16.53:148][383]LogPlayLevel: PIE: Created PIE world by copying editor world from /Game/StarterContent/Maps/Minimal_Default.Minimal_Default to /Game/StarterContent/Maps/UEDPIE_0_Minimal_Default.Minimal_Default (0.011510s)
[2016.02.24-21.16.53:195][383]LogInit: XAudio2 using 'Speakers (2- High Definition Audio Device)' : 2 channels at 44.1 kHz using 16 bits per sample (channel mask 0x3)
[2016.02.24-21.16.53:200][383]LogInit: FAudioDevice initialized.
[2016.02.24-21.16.53:252][383]LogWorld: Game class is 'MyGame_C'
[2016.02.24-21.16.53:258][383]LogWorld: Bringing World /Game/StarterContent/Maps/UEDPIE_0_Minimal_Default.Minimal_Default up for play (max tick rate 0) at 2016.02.25-05.16.53
[2016.02.24-21.16.53:258][383]LogActor:Warning: GameSession /Game/StarterContent/Maps/UEDPIE_0_Minimal_Default.Minimal_Default:PersistentLevel.GameSession_0 has natively added scene component(s), but none of them were set as the actor's RootComponent - picking one arbitrarily
[2016.02.24-21.16.53:258][383]LogActor:Warning: GameNetworkManager /Game/StarterContent/Maps/UEDPIE_0_Minimal_Default.Minimal_Default:PersistentLevel.GameNetworkManager_0 has natively added scene component(s), but none of them were set as the actor's RootComponent - picking one arbitrarily
[2016.02.24-21.16.53:260][383]LogWorld: Bringing up level for play took: 0.008154
[2016.02.24-21.16.53:262][383]PIE: Info Play in editor start time for /Game/StarterContent/Maps/UEDPIE_0_Minimal_Default 0.13
[2016.02.24-21.16.53:262][383]LogBlueprintUserMessages: Late PlayInEditor Detection: Level '/Game/StarterContent/Maps/Minimal_Default.Minimal_Default:PersistentLevel' has LevelScriptBlueprint '/Game/StarterContent/Maps/Minimal_Default.Minimal_Default:PersistentLevel.Minimal_Default' with GeneratedClass '/Game/StarterContent/Maps/Minimal_Default.Minimal_Default_C' with ClassGeneratedBy '/Game/StarterContent/Maps/Minimal_Default.Minimal_Default:PersistentLevel.Minimal_Default'
[2016.02.24-21.17.05:625][853]LogBlueprintUserMessages: Early EndPlayMap Detection: Level '/Game/StarterContent/Maps/Minimal_Default.Minimal_Default:PersistentLevel' has LevelScriptBlueprint '/Game/StarterContent/Maps/Minimal_Default.Minimal_Default:PersistentLevel.Minimal_Default' with GeneratedClass '/Game/StarterContent/Maps/Minimal_Default.Minimal_Default_C' with ClassGeneratedBy '/Game/StarterContent/Maps/Minimal_Default.Minimal_Default:PersistentLevel.Minimal_Default'
[2016.02.24-21.17.05:686][853]LogBlueprintUserMessages: Late EndPlayMap Detection: Level '/Game/StarterContent/Maps/Minimal_Default.Minimal_Default:PersistentLevel' has LevelScriptBlueprint '/Game/StarterContent/Maps/Minimal_Default.Minimal_Default:PersistentLevel.Minimal_Default' with GeneratedClass '/Game/StarterContent/Maps/Minimal_Default.Minimal_Default_C' with ClassGeneratedBy '/Game/StarterContent/Maps/Minimal_Default.Minimal_Default:PersistentLevel.Minimal_Default'
[2016.02.24-21.17.05:744][853]LogParticles: Destroying 0 GPU particle simulations for FXSystem 0x0000006B4974F740
[2016.02.24-21.17.14:509][ 24]LogSkeletalMesh: InitArticulated: Bodies already created (/Engine/Transient.DebugSkelMeshComponent_2) - call TermArticulated first.
[2016.02.24-21.17.33:096][339]BlueprintLog: New page: Compile NewAnimBlueprint
[2016.02.24-21.17.33:335][339]BlueprintEditorCompileResults: Info [0329.76] Compile of NewAnimBlueprint successful! [in 239 ms]
[2016.02.24-21.17.34:152][350]LogSavePackage: Save=100.912125ms
[2016.02.24-21.17.34:152][350]LogSavePackage: Moving '../../../../../MMLS/TGD2251 - GAME PHYSICS/Assignment2/ThirdPersonPunch/Saved/NewAnimBlueprint4AEA3A0140B42FCD6D3AA58987BE826E.tmp' to '../../../../../MMLS/TGD2251 - GAME PHYSICS/Assignment2/ThirdPersonPunch/Content/Character/Animation/NewAnimBlueprint.uasset'
[2016.02.24-21.17.34:154][350]LogSavePackage: Total save time: 108.983323ms
[2016.02.24-21.17.34:154][350]LogSavePackage:Display: Finished SavePackage ../../../../../MMLS/TGD2251 - GAME PHYSICS/Assignment2/ThirdPersonPunch/Content/Character/Animation/NewAnimBlueprint.uasset
[2016.02.24-21.17.40:353][475]LogBlueprintUserMessages: Early PlayInEditor Detection: Level '/Game/StarterContent/Maps/Minimal_Default.Minimal_Default:PersistentLevel' has LevelScriptBlueprint '/Game/StarterContent/Maps/Minimal_Default.Minimal_Default:PersistentLevel.Minimal_Default' with GeneratedClass '/Game/StarterContent/Maps/Minimal_Default.Minimal_Default_C' with ClassGeneratedBy '/Game/StarterContent/Maps/Minimal_Default.Minimal_Default:PersistentLevel.Minimal_Default'
[2016.02.24-21.17.40:354][475]LogPlayLevel: PlayLevel: No blueprints needed recompiling
[2016.02.24-21.17.40:354][475]PIE: New page: PIE session: Minimal_Default (Feb 25, 2016, 1:17:40 PM)
[2016.02.24-21.17.40:354][475]LogPlayLevel: Creating play world package: /Game/StarterContent/Maps/UEDPIE_0_Minimal_Default
[2016.02.24-21.17.40:368][475]LogPlayLevel: PIE: StaticDuplicateObject took: (0.014742s)
[2016.02.24-21.17.40:370][475]LogAIModule: Creating AISystem for world Minimal_Default
[2016.02.24-21.17.40:370][475]LogPlayLevel: PIE: World Init took: (0.001542s)
[2016.02.24-21.17.40:370][475]LogPlayLevel: PIE: Created PIE world by copying editor world from /Game/StarterContent/Maps/Minimal_Default.Minimal_Default to /Game/StarterContent/Maps/UEDPIE_0_Minimal_Default.Minimal_Default (0.016524s)
[2016.02.24-21.17.40:428][475]LogParticles: Destroying 0 GPU particle simulations for FXSystem 0x0000006B49DEC220
[2016.02.24-21.17.40:429][475]LogParticles: Destroying 0 GPU particle simulations for FXSystem 0x0000006B4BA97BA0
[2016.02.24-21.17.40:445][475]LogParticles: Destroying 0 GPU particle simulations for FXSystem 0x0000006B4BA94FE0
[2016.02.24-21.17.40:445][475]LogInit: XAudio2 using 'Speakers (2- High Definition Audio Device)' : 2 channels at 44.1 kHz using 16 bits per sample (channel mask 0x3)
[2016.02.24-21.17.40:461][475]LogInit: FAudioDevice initialized.
[2016.02.24-21.17.40:507][475]LogWorld: Game class is 'MyGame_C'
[2016.02.24-21.17.40:510][475]LogWorld: Bringing World /Game/StarterContent/Maps/UEDPIE_0_Minimal_Default.Minimal_Default up for play (max tick rate 0) at 2016.02.25-05.17.40
[2016.02.24-21.17.40:510][475]LogActor:Warning: GameSession /Game/StarterContent/Maps/UEDPIE_0_Minimal_Default.Minimal_Default:PersistentLevel.GameSession_1 has natively added scene component(s), but none of them were set as the actor's RootComponent - picking one arbitrarily
[2016.02.24-21.17.40:510][475]LogActor:Warning: GameNetworkManager /Game/StarterContent/Maps/UEDPIE_0_Minimal_Default.Minimal_Default:PersistentLevel.GameNetworkManager_1 has natively added scene component(s), but none of them were set as the actor's RootComponent - picking one arbitrarily
[2016.02.24-21.17.40:511][475]LogWorld: Bringing up level for play took: 0.002804
[2016.02.24-21.17.40:511][475]PIE: Info Play in editor start time for /Game/StarterContent/Maps/UEDPIE_0_Minimal_Default -0.621
[2016.02.24-21.17.40:511][475]LogBlueprintUserMessages: Late PlayInEditor Detection: Level '/Game/StarterContent/Maps/Minimal_Default.Minimal_Default:PersistentLevel' has LevelScriptBlueprint '/Game/StarterContent/Maps/Minimal_Default.Minimal_Default:PersistentLevel.Minimal_Default' with GeneratedClass '/Game/StarterContent/Maps/Minimal_Default.Minimal_Default_C' with ClassGeneratedBy '/Game/StarterContent/Maps/Minimal_Default.Minimal_Default:PersistentLevel.Minimal_Default'
[2016.02.24-21.17.48:019][761]LogBlueprintUserMessages: Early EndPlayMap Detection: Level '/Game/StarterContent/Maps/Minimal_Default.Minimal_Default:PersistentLevel' has LevelScriptBlueprint '/Game/StarterContent/Maps/Minimal_Default.Minimal_Default:PersistentLevel.Minimal_Default' with GeneratedClass '/Game/StarterContent/Maps/Minimal_Default.Minimal_Default_C' with ClassGeneratedBy '/Game/StarterContent/Maps/Minimal_Default.Minimal_Default:PersistentLevel.Minimal_Default'
[2016.02.24-21.17.48:075][761]LogBlueprintUserMessages: Late EndPlayMap Detection: Level '/Game/StarterContent/Maps/Minimal_Default.Minimal_Default:PersistentLevel' has LevelScriptBlueprint '/Game/StarterContent/Maps/Minimal_Default.Minimal_Default:PersistentLevel.Minimal_Default' with GeneratedClass '/Game/StarterContent/Maps/Minimal_Default.Minimal_Default_C' with ClassGeneratedBy '/Game/StarterContent/Maps/Minimal_Default.Minimal_Default:PersistentLevel.Minimal_Default'
[2016.02.24-21.17.48:152][761]LogParticles: Destroying 0 GPU particle simulations for FXSystem 0x0000006B498D59E0
[2016.02.24-21.17.49:074][784]LogBlueprintUserMessages: Early PlayInEditor Detection: Level '/Game/StarterContent/Maps/Minimal_Default.Minimal_Default:PersistentLevel' has LevelScriptBlueprint '/Game/StarterContent/Maps/Minimal_Default.Minimal_Default:PersistentLevel.Minimal_Default' with GeneratedClass '/Game/StarterContent/Maps/Minimal_Default.Minimal_Default_C' with ClassGeneratedBy '/Game/StarterContent/Maps/Minimal_Default.Minimal_Default:PersistentLevel.Minimal_Default'
[2016.02.24-21.17.49:074][784]LogPlayLevel: PlayLevel: No blueprints needed recompiling
[2016.02.24-21.17.49:074][784]PIE: New page: PIE session: Minimal_Default (Feb 25, 2016, 1:17:49 PM)
[2016.02.24-21.17.49:075][784]LogPlayLevel: Creating play world package: /Game/StarterContent/Maps/UEDPIE_0_Minimal_Default
[2016.02.24-21.17.49:086][784]LogPlayLevel: PIE: StaticDuplicateObject took: (0.010687s)
[2016.02.24-21.17.49:088][784]LogAIModule: Creating AISystem for world Minimal_Default
[2016.02.24-21.17.49:088][784]LogPlayLevel: PIE: World Init took: (0.002149s)
[2016.02.24-21.17.49:088][784]LogPlayLevel: PIE: Created PIE world by copying editor world from /Game/StarterContent/Maps/Minimal_Default.Minimal_Default to /Game/StarterContent/Maps/UEDPIE_0_Minimal_Default.Minimal_Default (0.013109s)
[2016.02.24-21.17.49:166][784]LogInit: XAudio2 using 'Speakers (2- High Definition Audio Device)' : 2 channels at 44.1 kHz using 16 bits per sample (channel mask 0x3)
[2016.02.24-21.17.49:178][784]LogInit: FAudioDevice initialized.
[2016.02.24-21.17.49:217][784]LogWorld: Game class is 'MyGame_C'
[2016.02.24-21.17.49:219][784]LogWorld: Bringing World /Game/StarterContent/Maps/UEDPIE_0_Minimal_Default.Minimal_Default up for play (max tick rate 0) at 2016.02.25-05.17.49
[2016.02.24-21.17.49:220][784]LogActor:Warning: GameSession /Game/StarterContent/Maps/UEDPIE_0_Minimal_Default.Minimal_Default:PersistentLevel.GameSession_2 has natively added scene component(s), but none of them were set as the actor's RootComponent - picking one arbitrarily
[2016.02.24-21.17.49:220][784]LogActor:Warning: GameNetworkManager /Game/StarterContent/Maps/UEDPIE_0_Minimal_Default.Minimal_Default:PersistentLevel.GameNetworkManager_2 has natively added scene component(s), but none of them were set as the actor's RootComponent - picking one arbitrarily
[2016.02.24-21.17.49:220][784]LogWorld: Bringing up level for play took: 0.002567
[2016.02.24-21.17.49:221][784]PIE: Info Play in editor start time for /Game/StarterContent/Maps/UEDPIE_0_Minimal_Default 0.089
[2016.02.24-21.17.49:221][784]LogBlueprintUserMessages: Late PlayInEditor Detection: Level '/Game/StarterContent/Maps/Minimal_Default.Minimal_Default:PersistentLevel' has LevelScriptBlueprint '/Game/StarterContent/Maps/Minimal_Default.Minimal_Default:PersistentLevel.Minimal_Default' with GeneratedClass '/Game/StarterContent/Maps/Minimal_Default.Minimal_Default_C' with ClassGeneratedBy '/Game/StarterContent/Maps/Minimal_Default.Minimal_Default:PersistentLevel.Minimal_Default'
[2016.02.24-21.17.49:274][785]LogBlueprintUserMessages: Early EndPlayMap Detection: Level '/Game/StarterContent/Maps/Minimal_Default.Minimal_Default:PersistentLevel' has LevelScriptBlueprint '/Game/StarterContent/Maps/Minimal_Default.Minimal_Default:PersistentLevel.Minimal_Default' with GeneratedClass '/Game/StarterContent/Maps/Minimal_Default.Minimal_Default_C' with ClassGeneratedBy '/Game/StarterContent/Maps/Minimal_Default.Minimal_Default:PersistentLevel.Minimal_Default'
[2016.02.24-21.17.49:307][785]LogBlueprintUserMessages: Late EndPlayMap Detection: Level '/Game/StarterContent/Maps/Minimal_Default.Minimal_Default:PersistentLevel' has LevelScriptBlueprint '/Game/StarterContent/Maps/Minimal_Default.Minimal_Default:PersistentLevel.Minimal_Default' with GeneratedClass '/Game/StarterContent/Maps/Minimal_Default.Minimal_Default_C' with ClassGeneratedBy '/Game/StarterContent/Maps/Minimal_Default.Minimal_Default:PersistentLevel.Minimal_Default'
[2016.02.24-21.17.49:370][786]LogParticles: Destroying 0 GPU particle simulations for FXSystem 0x0000006B23FBF600
[2016.02.24-21.17.52:889][868]LogBlueprintUserMessages: Early PlayInEditor Detection: Level '/Game/StarterContent/Maps/Minimal_Default.Minimal_Default:PersistentLevel' has LevelScriptBlueprint '/Game/StarterContent/Maps/Minimal_Default.Minimal_Default:PersistentLevel.Minimal_Default' with GeneratedClass '/Game/StarterContent/Maps/Minimal_Default.Minimal_Default_C' with ClassGeneratedBy '/Game/StarterContent/Maps/Minimal_Default.Minimal_Default:PersistentLevel.Minimal_Default'
[2016.02.24-21.17.52:889][868]LogPlayLevel: PlayLevel: No blueprints needed recompiling
[2016.02.24-21.17.52:890][868]PIE: New page: PIE session: Minimal_Default (Feb 25, 2016, 1:17:52 PM)
[2016.02.24-21.17.52:890][868]LogPlayLevel: Creating play world package: /Game/StarterContent/Maps/UEDPIE_0_Minimal_Default
[2016.02.24-21.17.52:909][868]LogPlayLevel: PIE: StaticDuplicateObject took: (0.018874s)
[2016.02.24-21.17.52:911][868]LogAIModule: Creating AISystem for world Minimal_Default
[2016.02.24-21.17.52:913][868]LogPlayLevel: PIE: World Init took: (0.003759s)
[2016.02.24-21.17.52:914][868]LogPlayLevel: PIE: Created PIE world by copying editor world from /Game/StarterContent/Maps/Minimal_Default.Minimal_Default to /Game/StarterContent/Maps/UEDPIE_0_Minimal_Default.Minimal_Default (0.023821s)
[2016.02.24-21.17.53:003][868]LogInit: XAudio2 using 'Speakers (2- High Definition Audio Device)' : 2 channels at 44.1 kHz using 16 bits per sample (channel mask 0x3)
[2016.02.24-21.17.53:016][868]LogInit: FAudioDevice initialized.
[2016.02.24-21.17.53:057][868]LogWorld: Game class is 'MyGame_C'
[2016.02.24-21.17.53:060][868]LogWorld: Bringing World /Game/StarterContent/Maps/UEDPIE_0_Minimal_Default.Minimal_Default up for play (max tick rate 0) at 2016.02.25-05.17.53
[2016.02.24-21.17.53:060][868]LogActor:Warning: GameSession /Game/StarterContent/Maps/UEDPIE_0_Minimal_Default.Minimal_Default:PersistentLevel.GameSession_3 has natively added scene component(s), but none of them were set as the actor's RootComponent - picking one arbitrarily
[2016.02.24-21.17.53:060][868]LogActor:Warning: GameNetworkManager /Game/StarterContent/Maps/UEDPIE_0_Minimal_Default.Minimal_Default:PersistentLevel.GameNetworkManager_3 has natively added scene component(s), but none of them were set as the actor's RootComponent - picking one arbitrarily
[2016.02.24-21.17.53:060][868]LogWorld: Bringing up level for play took: 0.002601
[2016.02.24-21.17.53:061][868]PIE: Info Play in editor start time for /Game/StarterContent/Maps/UEDPIE_0_Minimal_Default -0.071
[2016.02.24-21.17.53:061][868]LogBlueprintUserMessages: Late PlayInEditor Detection: Level '/Game/StarterContent/Maps/Minimal_Default.Minimal_Default:PersistentLevel' has LevelScriptBlueprint '/Game/StarterContent/Maps/Minimal_Default.Minimal_Default:PersistentLevel.Minimal_Default' with GeneratedClass '/Game/StarterContent/Maps/Minimal_Default.Minimal_Default_C' with ClassGeneratedBy '/Game/StarterContent/Maps/Minimal_Default.Minimal_Default:PersistentLevel.Minimal_Default'
[2016.02.24-21.17.53:328][876]Set new viewmode: Wireframe
[2016.02.24-21.17.55:393][984]Set new viewmode: Wireframe
[2016.02.24-21.17.56:031][ 19]Set new viewmode: Wireframe
[2016.02.24-21.17.56:248][ 31]Set new viewmode: Unlit
[2016.02.24-21.17.57:516][ 98]Set new viewmode: Lit
[2016.02.24-21.18.02:207][278]LogBlueprintUserMessages: Early EndPlayMap Detection: Level '/Game/StarterContent/Maps/Minimal_Default.Minimal_Default:PersistentLevel' has LevelScriptBlueprint '/Game/StarterContent/Maps/Minimal_Default.Minimal_Default:PersistentLevel.Minimal_Default' with GeneratedClass '/Game/StarterContent/Maps/Minimal_Default.Minimal_Default_C' with ClassGeneratedBy '/Game/StarterContent/Maps/Minimal_Default.Minimal_Default:PersistentLevel.Minimal_Default'
[2016.02.24-21.18.02:263][278]LogBlueprintUserMessages: Late EndPlayMap Detection: Level '/Game/StarterContent/Maps/Minimal_Default.Minimal_Default:PersistentLevel' has LevelScriptBlueprint '/Game/StarterContent/Maps/Minimal_Default.Minimal_Default:PersistentLevel.Minimal_Default' with GeneratedClass '/Game/StarterContent/Maps/Minimal_Default.Minimal_Default_C' with ClassGeneratedBy '/Game/StarterContent/Maps/Minimal_Default.Minimal_Default:PersistentLevel.Minimal_Default'
[2016.02.24-21.18.02:354][279]LogParticles: Destroying 0 GPU particle simulations for FXSystem 0x0000006B4A52CF40
[2016.02.24-21.18.07:729][382]LogSkeletalMesh: InitArticulated: Bodies already created (/Engine/Transient.DebugSkelMeshComponent_4) - call TermArticulated first.
[2016.02.24-21.18.07:890][382]LogContentBrowser:Verbose: The majority of assets in the view are of type: AnimSequence
[2016.02.24-21.18.20:679][608]LogSkeletalMesh: InitArticulated: Bodies already created (/Engine/Transient.DebugSkelMeshComponent_7) - call TermArticulated first.
[2016.02.24-21.19.51:258][425]LogRenderer: Reallocating scene render targets to support 1208x912 (Frame:11061).
[2016.02.24-21.19.51:258][425]LogContentBrowser:Verbose: The majority of assets in the view are of type: AnimSequence
[2016.02.24-21.20.09:942][648]LogContentBrowser:Verbose: The majority of assets in the view are of type: AnimSequence
[2016.02.24-21.21.20:689][618]BlueprintLog: New page: Compile NewAnimBlueprint
[2016.02.24-21.21.21:556][618]LogParticles: Destroying 0 GPU particle simulations for FXSystem 0x0000006B4A01FD80
[2016.02.24-21.21.21:562][618]LogParticles: Destroying 0 GPU particle simulations for FXSystem 0x0000006B0842DF80
[2016.02.24-21.21.21:580][618]LogParticles: Destroying 0 GPU particle simulations for FXSystem 0x0000006B4B99C540
[2016.02.24-21.21.21:584][618]LogParticles: Destroying 0 GPU particle simulations for FXSystem 0x0000006B4B1EAE80
[2016.02.24-21.21.21:586][618]LogParticles: Destroying 0 GPU particle simulations for FXSystem 0x0000006B2E9BEE80
[2016.02.24-21.21.21:587][618]LogParticles: Destroying 0 GPU particle simulations for FXSystem 0x0000006B2E9BC860
[2016.02.24-21.21.21:691][618]BlueprintEditorCompileResults: Info [0558.12] Compile of NewAnimBlueprint successful! [in 1,001 ms]
[2016.02.24-21.21.23:123][630]LogSavePackage: Save=339.336304ms
[2016.02.24-21.21.23:123][630]LogSavePackage: Moving '../../../../../MMLS/TGD2251 - GAME PHYSICS/Assignment2/ThirdPersonPunch/Saved/NewAnimBlueprint7A76F6904EC89B6A32F48DB74582F160.tmp' to '../../../../../MMLS/TGD2251 - GAME PHYSICS/Assignment2/ThirdPersonPunch/Content/Character/Animation/NewAnimBlueprint.uasset'
[2016.02.24-21.21.23:126][630]LogSavePackage: Total save time: 480.795309ms
[2016.02.24-21.21.23:126][630]LogSavePackage:Display: Finished SavePackage ../../../../../MMLS/TGD2251 - GAME PHYSICS/Assignment2/ThirdPersonPunch/Content/Character/Animation/NewAnimBlueprint.uasset
[2016.02.24-21.21.25:930][680]LogBlueprintUserMessages: Early PlayInEditor Detection: Level '/Game/StarterContent/Maps/Minimal_Default.Minimal_Default:PersistentLevel' has LevelScriptBlueprint '/Game/StarterContent/Maps/Minimal_Default.Minimal_Default:PersistentLevel.Minimal_Default' with GeneratedClass '/Game/StarterContent/Maps/Minimal_Default.Minimal_Default_C' with ClassGeneratedBy '/Game/StarterContent/Maps/Minimal_Default.Minimal_Default:PersistentLevel.Minimal_Default'
[2016.02.24-21.21.25:930][680]LogPlayLevel: PlayLevel: No blueprints needed recompiling
[2016.02.24-21.21.25:930][680]PIE: New page: PIE session: Minimal_Default (Feb 25, 2016, 1:21:25 PM)
[2016.02.24-21.21.25:930][680]LogPlayLevel: Creating play world package: /Game/StarterContent/Maps/UEDPIE_0_Minimal_Default
[2016.02.24-21.21.25:956][680]LogPlayLevel: PIE: StaticDuplicateObject took: (0.026088s)
[2016.02.24-21.21.25:957][680]LogAIModule: Creating AISystem for world Minimal_Default
[2016.02.24-21.21.25:958][680]LogPlayLevel: PIE: World Init took: (0.001284s)
[2016.02.24-21.21.25:958][680]LogPlayLevel: PIE: Created PIE world by copying editor world from /Game/StarterContent/Maps/Minimal_Default.Minimal_Default to /Game/StarterContent/Maps/UEDPIE_0_Minimal_Default.Minimal_Default (0.027731s)
[2016.02.24-21.21.26:139][680]LogParticles: Destroying 0 GPU particle simulations for FXSystem 0x0000006B4A01F7E0
[2016.02.24-21.21.26:141][680]LogParticles: Destroying 0 GPU particle simulations for FXSystem 0x0000006B05B86200
[2016.02.24-21.21.26:143][680]LogParticles: Destroying 0 GPU particle simulations for FXSystem 0x0000006B05B849A0
[2016.02.24-21.21.26:166][680]LogInit: XAudio2 using 'Speakers (2- High Definition Audio Device)' : 2 channels at 44.1 kHz using 16 bits per sample (channel mask 0x3)
[2016.02.24-21.21.26:464][680]LogInit: FAudioDevice initialized.
[2016.02.24-21.21.26:624][680]LogWorld: Game class is 'MyGame_C'
[2016.02.24-21.21.26:636][680]LogWorld: Bringing World /Game/StarterContent/Maps/UEDPIE_0_Minimal_Default.Minimal_Default up for play (max tick rate 0) at 2016.02.25-05.21.26
[2016.02.24-21.21.26:637][680]LogActor:Warning: GameSession /Game/StarterContent/Maps/UEDPIE_0_Minimal_Default.Minimal_Default:PersistentLevel.GameSession_4 has natively added scene component(s), but none of them were set as the actor's RootComponent - picking one arbitrarily
[2016.02.24-21.21.26:638][680]LogActor:Warning: GameNetworkManager /Game/StarterContent/Maps/UEDPIE_0_Minimal_Default.Minimal_Default:PersistentLevel.GameNetworkManager_4 has natively added scene component(s), but none of them were set as the actor's RootComponent - picking one arbitrarily
[2016.02.24-21.21.26:639][680]LogWorld: Bringing up level for play took: 0.014512
[2016.02.24-21.21.26:641][680]PIE: Info Play in editor start time for /Game/StarterContent/Maps/UEDPIE_0_Minimal_Default 1.509
[2016.02.24-21.21.26:641][680]LogBlueprintUserMessages: Late PlayInEditor Detection: Level '/Game/StarterContent/Maps/Minimal_Default.Minimal_Default:PersistentLevel' has LevelScriptBlueprint '/Game/StarterContent/Maps/Minimal_Default.Minimal_Default:PersistentLevel.Minimal_Default' with GeneratedClass '/Game/StarterContent/Maps/Minimal_Default.Minimal_Default_C' with ClassGeneratedBy '/Game/StarterContent/Maps/Minimal_Default.Minimal_Default:PersistentLevel.Minimal_Default'
[2016.02.24-21.21.40:769][ 71]LogBlueprintUserMessages: Early EndPlayMap Detection: Level '/Game/StarterContent/Maps/Minimal_Default.Minimal_Default:PersistentLevel' has LevelScriptBlueprint '/Game/StarterContent/Maps/Minimal_Default.Minimal_Default:PersistentLevel.Minimal_Default' with GeneratedClass '/Game/StarterContent/Maps/Minimal_Default.Minimal_Default_C' with ClassGeneratedBy '/Game/StarterContent/Maps/Minimal_Default.Minimal_Default:PersistentLevel.Minimal_Default'
[2016.02.24-21.21.40:855][ 71]LogBlueprintUserMessages: Late EndPlayMap Detection: Level '/Game/StarterContent/Maps/Minimal_Default.Minimal_Default:PersistentLevel' has LevelScriptBlueprint '/Game/StarterContent/Maps/Minimal_Default.Minimal_Default:PersistentLevel.Minimal_Default' with GeneratedClass '/Game/StarterContent/Maps/Minimal_Default.Minimal_Default_C' with ClassGeneratedBy '/Game/StarterContent/Maps/Minimal_Default.Minimal_Default:PersistentLevel.Minimal_Default'
[2016.02.24-21.21.41:254][ 72]LogParticles: Destroying 0 GPU particle simulations for FXSystem 0x0000006B4A52D3A0
[2016.02.24-21.21.57:273][140]LogSkeletalMesh: InitArticulated: Bodies already created (/Engine/Transient.DebugSkelMeshComponent_11) - call TermArticulated first.
[2016.02.24-21.21.59:938][187]LogParticles: Destroying 0 GPU particle simulations for FXSystem 0x0000006B4AFF67A0
[2016.02.24-21.21.59:939][187]LogParticles: Destroying 0 GPU particle simulations for FXSystem 0x0000006B17A81EE0
[2016.02.24-21.22.00:072][187]LogParticles: Destroying 0 GPU particle simulations for FXSystem 0x0000006B17A819E0
[2016.02.24-21.22.00:462][188]Cmd: QUIT_EDITOR
[2016.02.24-21.22.01:338][188]LogWindowsTextInputMethodSystem:Display: IME system now deactivated.
[2016.02.24-21.22.01:398][188]LogExit: Preparing to exit.
[2016.02.24-21.22.01:723][188]LogExit: Editor shut down
[2016.02.24-21.22.01:724][188]LogExit: Transaction tracking system shut down
[2016.02.24-21.22.01:725][188]LogParticles: Destroying 0 GPU particle simulations for FXSystem 0x0000006B0771BA60
[2016.02.24-21.22.01:726][188]LogParticles: Destroying 0 GPU particle simulations for FXSystem 0x0000006B23FBD3A0
[2016.02.24-21.22.01:726][188]LogParticles: Destroying 0 GPU particle simulations for FXSystem 0x0000006B24FEA020
[2016.02.24-21.22.01:726][188]LogParticles: Destroying 0 GPU particle simulations for FXSystem 0x0000006B23D8DEE0
[2016.02.24-21.22.01:726][188]LogParticles: Destroying 0 GPU particle simulations for FXSystem 0x0000006B23D8DC60
[2016.02.24-21.22.01:729][188]LogParticles: Destroying 0 GPU particle simulations for FXSystem 0x0000006B4B284D60
[2016.02.24-21.22.01:730][188]LogParticles: Destroying 0 GPU particle simulations for FXSystem 0x0000006B4B286AC0
[2016.02.24-21.22.01:730][188]LogParticles: Destroying 0 GPU particle simulations for FXSystem 0x0000006B4B99EDE0
[2016.02.24-21.22.01:870][188]LogExit: Object subsystem successfully closed.
[2016.02.24-21.22.01:888][188]LogD3D11RHI: Shutdown
[2016.02.24-21.22.01:888][188]LogD3D11RHI: CleanupD3DDevice
[2016.02.24-21.22.01:989][188]LogD3D11RHI: ~FD3D11DynamicRHI
[2016.02.24-21.22.01:998][188]LogModuleManager: Shutting down and abandoning module CookingStats (201)
[2016.02.24-21.22.01:998][188]LogModuleManager: Shutting down and abandoning module ExternalImagePicker (200)
[2016.02.24-21.22.01:998][188]LogModuleManager: Shutting down and abandoning module BlueprintGraph (199)
[2016.02.24-21.22.01:998][188]LogModuleManager: Shutting down and abandoning module CrashTracker (198)
[2016.02.24-21.22.01:998][188]LogModuleManager: Shutting down and abandoning module SceneOutliner (197)
[2016.02.24-21.22.01:998][188]LogModuleManager: Shutting down and abandoning module SuperSearch (196)
[2016.02.24-21.22.01:998][188]LogModuleManager: Shutting down and abandoning module WidgetCarousel (195)
[2016.02.24-21.22.02:005][188]LogModuleManager: Shutting down and abandoning module AddContentDialog (194)
[2016.02.24-21.22.02:012][188]LogModuleManager: Shutting down and abandoning module EditorWidgets (193)
[2016.02.24-21.22.02:012][188]LogModuleManager: Shutting down and abandoning module CollectionManager (192)
[2016.02.24-21.22.02:012][188]LogModuleManager: Shutting down and abandoning module StatsViewer (191)
[2016.02.24-21.22.02:012][188]LogModuleManager: Shutting down and abandoning module FoliageEdit (190)
[2016.02.24-21.22.02:012][188]LogModuleManager: Shutting down and abandoning module LandscapeEditor (189)
[2016.02.24-21.22.02:012][188]LogModuleManager: Shutting down and abandoning module ActorPickerMode (188)
[2016.02.24-21.22.02:012][188]LogModuleManager: Shutting down and abandoning module GeometryMode (187)
[2016.02.24-21.22.02:012][188]LogModuleManager: Shutting down and abandoning module TextureAlignMode (186)
[2016.02.24-21.22.02:012][188]LogModuleManager: Shutting down and abandoning module BspMode (185)
[2016.02.24-21.22.02:012][188]LogModuleManager: Shutting down and abandoning module PlacementMode (184)
[2016.02.24-21.22.02:012][188]LogModuleManager: Shutting down and abandoning module AutomationWorker (183)
[2016.02.24-21.22.02:012][188]LogModuleManager: Shutting down and abandoning module CharacterAI (182)
[2016.02.24-21.22.02:012][188]LogModuleManager: Shutting down and abandoning module SmartSnapping (181)
[2016.02.24-21.22.02:012][188]LogModuleManager: Shutting down and abandoning module ViewportSnapping (180)
[2016.02.24-21.22.02:012][188]LogModuleManager: Shutting down and abandoning module LogVisualizer (179)
[2016.02.24-21.22.02:012][188]LogModuleManager: Shutting down and abandoning module GameProjectGeneration (178)
[2016.02.24-21.22.02:012][188]LogModuleManager: Shutting down and abandoning module IntroTutorials (177)
[2016.02.24-21.22.02:012][188]LogModuleManager: Shutting down and abandoning module EditorLiveStreaming (176)
[2016.02.24-21.22.02:012][188]LogModuleManager: Shutting down and abandoning module IOSPlatformEditor (175)
[2016.02.24-21.22.02:012][188]LogModuleManager: Shutting down and abandoning module HTML5PlatformEditor (174)
[2016.02.24-21.22.02:012][188]LogModuleManager: Shutting down and abandoning module AndroidDeviceDetection (173)
[2016.02.24-21.22.02:753][188]LogModuleManager: Shutting down and abandoning module AndroidPlatformEditor (172)
[2016.02.24-21.22.02:754][188]LogModuleManager: Shutting down and abandoning module IOSRuntimeSettings (171)
[2016.02.24-21.22.02:754][188]LogModuleManager: Shutting down and abandoning module AndroidRuntimeSettings (170)
[2016.02.24-21.22.02:754][188]LogModuleManager: Shutting down and abandoning module MergeActors (169)
[2016.02.24-21.22.02:754][188]LogModuleManager: Shutting down and abandoning module SizeMap (168)
[2016.02.24-21.22.02:754][188]LogModuleManager: Shutting down and abandoning module TreeMap (167)
[2016.02.24-21.22.02:754][188]LogModuleManager: Shutting down and abandoning module ReferenceViewer (166)
[2016.02.24-21.22.02:754][188]LogModuleManager: Shutting down and abandoning module LocalizationService (165)
[2016.02.24-21.22.02:754][188]LogModuleManager: Shutting down and abandoning module LocalizationDashboard (164)
[2016.02.24-21.22.02:754][188]LogModuleManager: Shutting down and abandoning module HardwareTargeting (163)
[2016.02.24-21.22.02:754][188]LogModuleManager: Shutting down and abandoning module DeviceProfileEditor (162)
[2016.02.24-21.22.02:755][188]LogModuleManager: Shutting down and abandoning module UndoHistory (161)
[2016.02.24-21.22.02:755][188]LogModuleManager: Shutting down and abandoning module GameplayTagsEditor (160)
[2016.02.24-21.22.02:755][188]LogModuleManager: Shutting down and abandoning module UserFeedback (159)
[2016.02.24-21.22.02:755][188]LogModuleManager: Shutting down and abandoning module XmlParser (158)
[2016.02.24-21.22.02:755][188]LogModuleManager: Shutting down and abandoning module Blutility (157)
[2016.02.24-21.22.02:755][188]LogModuleManager: Shutting down and abandoning module ProjectTargetPlatformEditor (156)
[2016.02.24-21.22.02:755][188]LogModuleManager: Shutting down and abandoning module ProjectSettingsViewer (155)
[2016.02.24-21.22.02:755][188]LogModuleManager: Shutting down and abandoning module InputBindingEditor (154)
[2016.02.24-21.22.02:755][188]LogModuleManager: Shutting down and abandoning module EditorSettingsViewer (153)
[2016.02.24-21.22.02:755][188]LogModuleManager: Shutting down and abandoning module SettingsEditor (152)
[2016.02.24-21.22.02:755][188]LogModuleManager: Shutting down and abandoning module ProjectLauncher (151)
[2016.02.24-21.22.02:755][188]LogModuleManager: Shutting down and abandoning module SessionFrontend (150)
[2016.02.24-21.22.02:756][188]LogModuleManager: Shutting down and abandoning module ProfilerClient (149)
[2016.02.24-21.22.02:756][188]LogModuleManager: Shutting down and abandoning module TargetDeviceServices (148)
[2016.02.24-21.22.02:756][188]LogModuleManager: Shutting down and abandoning module DeviceManager (147)
[2016.02.24-21.22.02:756][188]LogModuleManager: Shutting down and abandoning module AutomationController (146)
[2016.02.24-21.22.02:756][188]LogModuleManager: Shutting down and abandoning module AutomationWindow (145)
[2016.02.24-21.22.02:756][188]LogModuleManager: Shutting down and abandoning module Layers (144)
[2016.02.24-21.22.02:756][188]LogModuleManager: Shutting down and abandoning module ComponentVisualizers (143)
[2016.02.24-21.22.02:756][188]LogModuleManager: Shutting down and abandoning module DetailCustomizations (142)
[2016.02.24-21.22.02:756][188]LogModuleManager: Shutting down and abandoning module PackagesDialog (141)
[2016.02.24-21.22.02:756][188]LogModuleManager: Shutting down and abandoning module Persona (140)
[2016.02.24-21.22.02:756][188]LogModuleManager: Shutting down and abandoning module Kismet (139)
[2016.02.24-21.22.02:756][188]LogModuleManager: Shutting down and abandoning module GraphEditor (138)
[2016.02.24-21.22.02:757][188]LogModuleManager: Shutting down and abandoning module ClassViewer (137)
[2016.02.24-21.22.02:757][188]LogModuleManager: Shutting down and abandoning module Toolbox (136)
[2016.02.24-21.22.02:757][188]LogModuleManager: Shutting down and abandoning module ModuleUI (135)
[2016.02.24-21.22.02:757][188]LogModuleManager: Shutting down and abandoning module MovieSceneTools (134)
[2016.02.24-21.22.02:757][188]LogModuleManager: Shutting down and abandoning module OutputLog (133)
[2016.02.24-21.22.02:757][188]LogModuleManager: Shutting down and abandoning module GammaUI (132)
[2016.02.24-21.22.02:757][188]LogModuleManager: Shutting down and abandoning module Documentation (131)
[2016.02.24-21.22.02:757][188]LogModuleManager: Shutting down and abandoning module GameLiveStreaming (130)
[2016.02.24-21.22.02:757][188]LogModuleManager: Shutting down and abandoning module StreamingPauseRendering (129)
[2016.02.24-21.22.02:757][188]LogModuleManager: Shutting down and abandoning module AnalyticsET (128)
[2016.02.24-21.22.02:757][188]LogModuleManager: Shutting down and abandoning module Analytics (127)
[2016.02.24-21.22.02:757][188]LogModuleManager: Shutting down and abandoning module AITestSuite (126)
[2016.02.24-21.22.02:757][188]LogModuleManager: Shutting down and abandoning module GameplayDebugger (125)
[2016.02.24-21.22.02:757][188]LogModuleManager: Shutting down and abandoning module AIModule (124)
[2016.02.24-21.22.02:757][188]LogModuleManager: Shutting down and abandoning module ProfilerService (123)
[2016.02.24-21.22.02:953][188]LogModuleManager: Shutting down and abandoning module TaskGraph (122)
[2016.02.24-21.22.02:953][188]LogModuleManager: Shutting down and abandoning module SlateRemote (121)
[2016.02.24-21.22.02:953][188]LogModuleManager: Shutting down and abandoning module SteamVRController (120)
[2016.02.24-21.22.02:953][188]LogModuleManager: Shutting down and abandoning module SteamVR (119)
[2016.02.24-21.22.02:953][188]LogModuleManager: Shutting down and abandoning module ProceduralMeshComponent (118)
[2016.02.24-21.22.02:953][188]LogModuleManager: Shutting down and abandoning module OculusLibrary (117)
[2016.02.24-21.22.02:953][188]LogModuleManager: Shutting down and abandoning module OculusInput (116)
[2016.02.24-21.22.02:953][188]LogModuleManager: Shutting down and abandoning module LeapMotionController (115)
[2016.02.24-21.22.02:979][188]LogModuleManager: Shutting down and abandoning module CustomMeshComponent (114)
[2016.02.24-21.22.02:979][188]LogModuleManager: Shutting down and abandoning module CableComponent (113)
[2016.02.24-21.22.02:979][188]LogModuleManager: Shutting down and abandoning module ArchVisCharacter (112)
[2016.02.24-21.22.02:979][188]LogModuleManager: Shutting down and abandoning module MessagingDebugger (111)
[2016.02.24-21.22.02:979][188]LogModuleManager: Shutting down and abandoning module MediaPlayerEditor (110)
[2016.02.24-21.22.02:979][188]LogModuleManager: Shutting down and abandoning module HTML5Networking (109)
[2016.02.24-21.22.02:979][188]LogModuleManager: Shutting down and abandoning module SpeedTreeImporter (108)
[2016.02.24-21.22.02:979][188]LogModuleManager: Shutting down and abandoning module PluginBrowser (107)
[2016.02.24-21.22.02:979][188]LogModuleManager: Shutting down and abandoning module EpicSurvey (106)
[2016.02.24-21.22.02:984][188]LogModuleManager: Shutting down and abandoning module DesktopPlatform (105)
[2016.02.24-21.22.02:984][188]LogModuleManager: Shutting down and abandoning module VisualStudioSourceCodeAccess (104)
[2016.02.24-21.22.02:984][188]LogModuleManager: Shutting down and abandoning module UObjectPlugin (103)
[2016.02.24-21.22.02:984][188]LogModuleManager: Shutting down and abandoning module SubversionSourceControl (102)
[2016.02.24-21.22.02:984][188]LogModuleManager: Shutting down and abandoning module PerforceSourceControl (101)
[2016.02.24-21.22.02:984][188]LogModuleManager: Shutting down and abandoning module SourceControl (100)
[2016.02.24-21.22.02:984][188]LogModuleManager: Shutting down and abandoning module GitSourceControl (99)
[2016.02.24-21.22.02:984][188]LogModuleManager: Shutting down and abandoning module LightPropagationVolumeEditor (98)
[2016.02.24-21.22.02:984][188]LogModuleManager: Shutting down and abandoning module PaperTiledImporter (97)
[2016.02.24-21.22.02:984][188]LogModuleManager: Shutting down and abandoning module PaperSpriteSheetImporter (96)
[2016.02.24-21.22.02:985][188]LogModuleManager: Shutting down and abandoning module MeshPaint (95)
[2016.02.24-21.22.02:985][188]LogModuleManager: Shutting down and abandoning module SlateReflector (94)
[2016.02.24-21.22.02:985][188]LogModuleManager: Shutting down and abandoning module HotReload (93)
[2016.02.24-21.22.02:985][188]LogModuleManager: Shutting down and abandoning module MainFrame (92)
[2016.02.24-21.22.02:985][188]LogModuleManager: Shutting down and abandoning module LevelEditor (91)
[2016.02.24-21.22.02:987][188]LogModuleManager: Shutting down and abandoning module DirectoryWatcher (90)
[2016.02.24-21.22.02:988][188]LogModuleManager: Shutting down and abandoning module AssetRegistry (89)
[2016.02.24-21.22.03:125][188]LogModuleManager: Shutting down and abandoning module ContentBrowser (88)
[2016.02.24-21.22.03:126][188]LogModuleManager: Shutting down and abandoning module Paper2DEditor (87)
[2016.02.24-21.22.03:126][188]LogModuleManager: Shutting down and abandoning module UdpMessaging (86)
[2016.02.24-21.22.03:226][188]LogModuleManager: Shutting down and abandoning module LightPropagationVolumeRuntime (85)
[2016.02.24-21.22.03:226][188]LogModuleManager: Shutting down and abandoning module Paper2D (84)
[2016.02.24-21.22.03:226][188]LogModuleManager: Shutting down and abandoning module WindowsMoviePlayer (83)
[2016.02.24-21.22.03:228][188]LogModuleManager: Shutting down and abandoning module Media (82)
[2016.02.24-21.22.03:228][188]LogModuleManager: Shutting down and abandoning module WmfMedia (81)
[2016.02.24-21.22.03:228][188]LogModuleManager: Shutting down and abandoning module OnlineBlueprintSupport (80)
[2016.02.24-21.22.03:228][188]LogModuleManager: Shutting down and abandoning module GameplayTasksEditor (79)
[2016.02.24-21.22.03:228][188]LogModuleManager: Shutting down and abandoning module PropertyEditor (78)
[2016.02.24-21.22.03:229][188]LogModuleManager: Shutting down and abandoning module BehaviorTreeEditor (77)
[2016.02.24-21.22.03:229][188]LogModuleManager: Shutting down and abandoning module FunctionalTesting (76)
[2016.02.24-21.22.03:229][188]LogModuleManager: Shutting down and abandoning module CollisionAnalyzer (75)
[2016.02.24-21.22.03:229][188]LogModuleManager: Shutting down and abandoning module WorkspaceMenuStructure (74)
[2016.02.24-21.22.03:229][188]LogModuleManager: Shutting down and abandoning module MessageLog (73)
[2016.02.24-21.22.03:229][188]LogModuleManager: Shutting down and abandoning module Sequencer (72)
[2016.02.24-21.22.03:229][188]LogModuleManager: Shutting down and abandoning module AssetTools (71)
[2016.02.24-21.22.03:229][188]LogModuleManager: Shutting down and abandoning module UMGEditor (70)
[2016.02.24-21.22.03:229][188]LogModuleManager: Shutting down and abandoning module UMG (69)
[2016.02.24-21.22.03:229][188]LogModuleManager: Shutting down and abandoning module Slate (68)
[2016.02.24-21.22.03:229][188]LogModuleManager: Shutting down and abandoning module EditorStyle (67)
[2016.02.24-21.22.03:230][188]LogModuleManager: Shutting down and abandoning module SessionServices (66)
[2016.02.24-21.22.03:230][188]LogModuleManager: Shutting down and abandoning module SourceCodeAccess (65)
[2016.02.24-21.22.03:230][188]LogModuleManager: Shutting down and abandoning module HeadMountedDisplay (64)
[2016.02.24-21.22.03:230][188]LogModuleManager: Shutting down and abandoning module XAudio2 (63)
[2016.02.24-21.22.03:230][188]LogModuleManager: Shutting down and abandoning module Networking (61)
[2016.02.24-21.22.03:230][188]LogModuleManager: Shutting down and abandoning module Core (60)
[2016.02.24-21.22.03:230][188]LogModuleManager: Shutting down and abandoning module KismetCompiler (59)
[2016.02.24-21.22.03:230][188]LogModuleManager: Shutting down and abandoning module PhysXFormats (58)
[2016.02.24-21.22.03:230][188]LogModuleManager: Shutting down and abandoning module MeshUtilities (57)
[2016.02.24-21.22.03:230][188]LogModuleManager: Shutting down and abandoning module DerivedDataCache (56)
[2016.02.24-21.22.03:266][188]LogDerivedDataCache: Shutdown
[2016.02.24-21.22.03:266][188]LogModuleManager: Shutting down and abandoning module ShaderFormatOpenGL (55)
[2016.02.24-21.22.03:266][188]LogModuleManager: Shutting down and abandoning module ShaderFormatD3D (54)
[2016.02.24-21.22.03:266][188]LogModuleManager: Shutting down and abandoning module MetalShaderFormat (53)
[2016.02.24-21.22.03:266][188]LogModuleManager: Shutting down and abandoning module TextureFormatUncompressed (52)
[2016.02.24-21.22.03:266][188]LogModuleManager: Shutting down and abandoning module TextureFormatPVR (51)
[2016.02.24-21.22.03:266][188]LogModuleManager: Shutting down and abandoning module TextureFormatIntelISPCTexComp (50)
[2016.02.24-21.22.03:266][188]LogModuleManager: Shutting down and abandoning module TextureFormatDXT (49)
[2016.02.24-21.22.03:266][188]LogModuleManager: Shutting down and abandoning module ImageWrapper (48)
[2016.02.24-21.22.03:266][188]LogModuleManager: Shutting down and abandoning module TextureFormatASTC (47)
[2016.02.24-21.22.03:266][188]LogModuleManager: Shutting down and abandoning module TextureFormatAndroid (46)
[2016.02.24-21.22.03:266][188]LogModuleManager: Shutting down and abandoning module AudioFormatOpus (45)
[2016.02.24-21.22.03:266][188]LogModuleManager: Shutting down and abandoning module AudioFormatOgg (44)
[2016.02.24-21.22.03:266][188]LogModuleManager: Shutting down and abandoning module AudioFormatADPCM (43)
[2016.02.24-21.22.03:266][188]LogModuleManager: Shutting down and abandoning module LinuxTargetPlatform (42)
[2016.02.24-21.22.03:266][188]LogModuleManager: Shutting down and abandoning module LinuxServerTargetPlatform (41)
[2016.02.24-21.22.03:266][188]LogModuleManager: Shutting down and abandoning module LinuxNoEditorTargetPlatform (40)
[2016.02.24-21.22.03:266][188]LogModuleManager: Shutting down and abandoning module Messaging (39)
[2016.02.24-21.22.03:266][188]LogModuleManager: Shutting down and abandoning module IOSTargetPlatform (38)
[2016.02.24-21.22.03:266][188]LogModuleManager: Shutting down and abandoning module HTML5TargetPlatform (37)
[2016.02.24-21.22.03:266][188]LogModuleManager: Shutting down and abandoning module Android_PVRTCTargetPlatform (36)
[2016.02.24-21.22.03:266][188]LogModuleManager: Shutting down and abandoning module Android_MultiTargetPlatform (35)
[2016.02.24-21.22.03:266][188]LogModuleManager: Shutting down and abandoning module Android_ETC2TargetPlatform (34)
[2016.02.24-21.22.03:266][188]LogModuleManager: Shutting down and abandoning module Android_ETC1TargetPlatform (33)
[2016.02.24-21.22.03:266][188]LogModuleManager: Shutting down and abandoning module Android_DXTTargetPlatform (32)
[2016.02.24-21.22.03:266][188]LogModuleManager: Shutting down and abandoning module Android_ATCTargetPlatform (31)
[2016.02.24-21.22.03:266][188]LogModuleManager: Shutting down and abandoning module Android_ASTCTargetPlatform (30)
[2016.02.24-21.22.03:266][188]LogModuleManager: Shutting down and abandoning module AndroidTargetPlatform (29)
[2016.02.24-21.22.03:266][188]LogModuleManager: Shutting down and abandoning module WindowsTargetPlatform (28)
[2016.02.24-21.22.03:266][188]LogModuleManager: Shutting down and abandoning module WindowsServerTargetPlatform (27)
[2016.02.24-21.22.03:266][188]LogModuleManager: Shutting down and abandoning module WindowsNoEditorTargetPlatform (26)
[2016.02.24-21.22.03:266][188]LogModuleManager: Shutting down and abandoning module WindowsClientTargetPlatform (25)
[2016.02.24-21.22.03:266][188]LogModuleManager: Shutting down and abandoning module AllDesktopTargetPlatform (24)
[2016.02.24-21.22.03:266][188]LogModuleManager: Shutting down and abandoning module TargetPlatform (23)
[2016.02.24-21.22.03:266][188]LogModuleManager: Shutting down and abandoning module InputCore (22)
[2016.02.24-21.22.03:266][188]LogModuleManager: Shutting down and abandoning module Settings (21)
[2016.02.24-21.22.03:266][188]LogModuleManager: Shutting down and abandoning module OnlineSubsystem (19)
[2016.02.24-21.22.03:266][188]LogModuleManager: Shutting down and abandoning module HTTP (18)
[2016.02.24-21.22.03:767][188]LogModuleManager: Shutting down and abandoning module XMPP (17)
[2016.02.24-21.22.03:767][188]LogModuleManager: Shutting down and abandoning module OculusRift (16)
[2016.02.24-21.22.03:767][188]LogModuleManager: Shutting down and abandoning module ExampleDeviceProfileSelector (15)
[2016.02.24-21.22.03:767][188]LogModuleManager: Shutting down and abandoning module TextureCompressor (14)
[2016.02.24-21.22.03:767][188]LogModuleManager: Shutting down and abandoning module ShaderCore (13)
[2016.02.24-21.22.03:767][188]LogModuleManager: Shutting down and abandoning module Landscape (12)
[2016.02.24-21.22.03:767][188]LogModuleManager: Shutting down and abandoning module SlateRHIRenderer (11)
[2016.02.24-21.22.03:769][188]LogModuleManager: Shutting down and abandoning module OpenGLDrv (10)
[2016.02.24-21.22.03:769][188]LogModuleManager: Shutting down and abandoning module D3D11RHI (9)
[2016.02.24-21.22.03:769][188]LogModuleManager: Shutting down and abandoning module AnimGraphRuntime (8)
[2016.02.24-21.22.03:769][188]LogModuleManager: Shutting down and abandoning module Renderer (7)
[2016.02.24-21.22.03:769][188]LogModuleManager: Shutting down and abandoning module Engine (6)
[2016.02.24-21.22.03:769][188]LogModuleManager: Shutting down and abandoning module CoreUObject (5)
[2016.02.24-21.22.03:769][188]LogModuleManager: Shutting down and abandoning module NetworkFile (4)
[2016.02.24-21.22.03:769][188]LogModuleManager: Shutting down and abandoning module StreamingFile (3)
[2016.02.24-21.22.03:769][188]LogModuleManager: Shutting down and abandoning module SandboxFile (2)
[2016.02.24-21.22.03:769][188]LogModuleManager: Shutting down and abandoning module PakFile (1)
[2016.02.24-21.22.03:770][188]LogExit: Exiting.
[2016.02.24-21.22.03:781][188]Log file closed, 02/25/16 05:22:03
