[2016.02.24-20.25.54:570][  0]Log file open, 02/25/16 04:25:54
[2016.02.24-20.25.54:570][  0]LogInit:Display: Running engine for game: ThirdPersonPunch
[2016.02.24-20.25.54:570][  0]LogPlatformFile: Not using cached read wrapper
[2016.02.24-20.25.54:570][  0]LogInit:Display: RandInit(1699993319) SRandInit(1699993324).
[2016.02.24-20.25.54:570][  0]LogTaskGraph: Started task graph with 4 named threads and 5 total threads.
[2016.02.24-20.25.54:570][  0]LogStats: Stats thread started at 0.089744
[2016.02.24-20.25.54:570][  0]LogInit: Version: 4.10.2-2818068+++depot+UE4-Releases+4.10
[2016.02.24-20.25.54:570][  0]LogInit: API Version: 2758231
[2016.02.24-20.25.54:570][  0]LogInit: Compiled (64-bit): Jan  6 2016 17:36:42
[2016.02.24-20.25.54:570][  0]LogInit: Compiled with Visual C++: 19.00.23026.00
[2016.02.24-20.25.54:570][  0]LogInit: Build Configuration: Development
[2016.02.24-20.25.54:570][  0]LogInit: Branch Name: ++depot+UE4-Releases+4.10
[2016.02.24-20.25.54:570][  0]LogInit: Command line: -HTTP=WinInet
[2016.02.24-20.25.54:570][  0]LogInit: Base directory: D:/Epic Games/4.10/Engine/Binaries/Win64/
[2016.02.24-20.25.54:570][  0]LogInit: Rocket: 1
[2016.02.24-20.25.54:586][  0]LogInit: Presizing for 0 objects not considered by GC, pre-allocating 0 bytes.
[2016.02.24-20.25.54:591][  0]LogInit: Object subsystem initialized
[2016.02.24-20.25.54:593][  0]LogInit: Selected Device Profile: [Windows]
[2016.02.24-20.25.54:593][  0]LogInit: Applying CVar settings loaded from the selected device profile: [Windows]
[2016.02.24-20.25.54:609][  0]LogInit: Computer: DESKTOP-63HJ9HN
[2016.02.24-20.25.54:609][  0]LogInit: User: ShaunGoh
[2016.02.24-20.25.54:609][  0]LogInit: CPU Page size=4096, Cores=2
[2016.02.24-20.25.54:609][  0]LogInit: High frequency timer resolution =3.609378 MHz
[2016.02.24-20.25.54:609][  0]LogMemory: Memory total: Physical=7.9GB (8GB approx)
[2016.02.24-20.25.54:609][  0]LogMemory: Platform Memory Stats for Windows
[2016.02.24-20.25.54:609][  0]LogMemory: Process Physical Memory: 55.29 MB used, 55.29 MB peak
[2016.02.24-20.25.54:609][  0]LogMemory: Process Virtual Memory: 57.39 MB used, 57.39 MB peak
[2016.02.24-20.25.54:609][  0]LogMemory: Physical Memory: 5175.64 MB used, 8113.81 MB total
[2016.02.24-20.25.54:609][  0]LogMemory: Virtual Memory: 378.47 MB used, 134217728.00 MB total
[2016.02.24-20.25.54:646][  0]LogTextLocalizationManager: No specific translations for ('en-US') exist, so ('en') translations will be used.
[2016.02.24-20.25.55:211][  0]LogD3D11RHI: Found D3D11 adapter 0: Intel(R) HD Graphics 530 (Feature Level 11_0)
[2016.02.24-20.25.55:211][  0]LogD3D11RHI: Adapter has 128MB of dedicated video memory, 0MB of dedicated system memory, and 4056MB of shared system memory, 1 output[s]
[2016.02.24-20.25.55:212][  0]LogD3D11RHI: Found D3D11 adapter 1: Microsoft Basic Render Driver (Feature Level 11_0)
[2016.02.24-20.25.55:212][  0]LogD3D11RHI: Adapter has 0MB of dedicated video memory, 0MB of dedicated system memory, and 4056MB of shared system memory, 0 output[s]
[2016.02.24-20.25.55:212][  0]LogD3D11RHI: Chosen D3D11 Adapter Id = 0
[2016.02.24-20.25.55:217][  0]LogD3D11RHI: !Direct3DDevice
[2016.02.24-20.25.55:217][  0]LogRHI: Texture pool is 1361 MB (70% of 1945 MB)
[2016.02.24-20.25.55:222][  0]LogD3D11RHI: Async texture creation enabled
[2016.02.24-20.25.55:225][  0]LogShaderCompilers: Guid format shader working directory is -22 characters bigger than the processId version (../../../../../MMLS/TGD2251 - GAME PHYSICS/Assignment2/ThirdPersonPunch/Intermediate/Shaders/WorkingDirectory/7320/).
[2016.02.24-20.25.55:225][  0]LogShaderCompilers: Cleaned the shader compiler working directory 'C:/Users/SHAUNG~1/AppData/Local/Temp/UnrealShaderWorkingDir/5AAA1CED40C01DA50DEDE59A5F7BB7CD/'.
[2016.02.24-20.25.55:225][  0]LogShaderCompilers:Display: Using Local Shader Compiler.
[2016.02.24-20.25.56:085][  0]LogTemp:Display: Loaded TP AllDesktopTargetPlatform
[2016.02.24-20.25.56:088][  0]LogTemp:Display: Loaded TP WindowsClientTargetPlatform
[2016.02.24-20.25.56:091][  0]LogTemp:Display: Loaded TP WindowsNoEditorTargetPlatform
[2016.02.24-20.25.56:094][  0]LogTemp:Display: Loaded TP WindowsServerTargetPlatform
[2016.02.24-20.25.56:098][  0]LogTemp:Display: Loaded TP WindowsTargetPlatform
[2016.02.24-20.25.56:109][  0]LogTemp:Display: Loaded TP AndroidTargetPlatform
[2016.02.24-20.25.56:113][  0]LogTemp:Display: Loaded TP Android_ASTCTargetPlatform
[2016.02.24-20.25.56:118][  0]LogTemp:Display: Loaded TP Android_ATCTargetPlatform
[2016.02.24-20.25.56:121][  0]LogTemp:Display: Loaded TP Android_DXTTargetPlatform
[2016.02.24-20.25.56:123][  0]LogTemp:Display: Loaded TP Android_ETC1TargetPlatform
[2016.02.24-20.25.56:125][  0]LogTemp:Display: Loaded TP Android_ETC2TargetPlatform
[2016.02.24-20.25.56:131][  0]LogTemp:Display: Loaded TP Android_MultiTargetPlatform
[2016.02.24-20.25.56:131][  0]LogTemp:Display: Loaded TP Android_PVRTCTargetPlatform
[2016.02.24-20.25.56:140][  0]LogTemp:Display: Loaded TP HTML5TargetPlatform
[2016.02.24-20.25.56:159][  0]LogTemp:Display: Loaded TP IOSTargetPlatform
[2016.02.24-20.25.56:162][  0]LogTemp:Display: Loaded TP LinuxNoEditorTargetPlatform
[2016.02.24-20.25.56:172][  0]LogTemp:Display: Loaded TP LinuxServerTargetPlatform
[2016.02.24-20.25.56:176][  0]LogTemp:Display: Loaded TP LinuxTargetPlatform
[2016.02.24-20.25.56:176][  0]LogTargetPlatformManager:Display: Building Assets For Windows
[2016.02.24-20.25.56:240][  0]LogDerivedDataCache:Display: Max Cache Size: 512 MB
[2016.02.24-20.25.56:309][  0]LogDerivedDataCache: Loaded boot cache 0.07s 41MB C:/Users/Shaun Goh/AppData/Local/UnrealEngine/4.10/DerivedDataCache/Boot.ddc.
[2016.02.24-20.25.56:309][  0]LogDerivedDataCache:Display: Loaded Boot cache: C:/Users/Shaun Goh/AppData/Local/UnrealEngine/4.10/DerivedDataCache/Boot.ddc
[2016.02.24-20.25.56:309][  0]LogDerivedDataCache: FDerivedDataBackendGraph:  Pak pak cache file ../../../../../MMLS/TGD2251 - GAME PHYSICS/Assignment2/ThirdPersonPunch/DerivedDataCache/DDC.ddp not found, will not use a pak cache.
[2016.02.24-20.25.56:309][  0]LogDerivedDataCache: Unable to find inner node Pak for hierarchical cache Hierarchy.
[2016.02.24-20.25.56:309][  0]LogDerivedDataCache: FDerivedDataBackendGraph:  CompressedPak pak cache file ../../../../../MMLS/TGD2251 - GAME PHYSICS/Assignment2/ThirdPersonPunch/DerivedDataCache/Compressed.ddp not found, will not use a pak cache.
[2016.02.24-20.25.56:309][  0]LogDerivedDataCache: Unable to find inner node CompressedPak for hierarchical cache Hierarchy.
[2016.02.24-20.25.56:365][  0]LogDerivedDataCache:Display: Pak cache opened for reading ../../../Engine/DerivedDataCache/Compressed.ddp.
[2016.02.24-20.25.56:383][  0]LogDerivedDataCache: Using Local data cache path C:/Users/Shaun Goh/AppData/Local/UnrealEngine/Common/DerivedDataCache: Writable
[2016.02.24-20.25.56:620][  0]LogInit: Selected Device Profile: [Windows]
[2016.02.24-20.25.56:622][  0]LogContentStreaming: Texture pool size is 0.000000MB
[2016.02.24-20.25.56:817][  0]LogMeshUtilities: No automatic mesh reduction module available
[2016.02.24-20.25.56:817][  0]LogMeshUtilities: No automatic mesh merging module available
[2016.02.24-20.25.57:095][  0]LogInit: WinSock: version 1.1 (2.2), MaxSocks=32767, MaxUdp=65467
[2016.02.24-20.25.57:881][  0]UdpMessaging: Initializing bridge on interface 0.0.0.0:0 to multicast group 230.0.0.1:6666.
[2016.02.24-20.25.58:002][  0]LogAssetRegistry: FAssetRegistry took 0.0117 seconds to start up
[2016.02.24-20.25.58:235][  0]SourceControl: Info Source control is disabled
[2016.02.24-20.25.58:277][  0]SourceControl: Info Source control is disabled
[2016.02.24-20.25.58:285][  0]SourceControl: Info Source control is disabled
[2016.02.24-20.25.58:291][  0]SourceControl: Info Source control is disabled
[2016.02.24-20.25.58:489][  0]LogObj: 28633 objects as part of root set at end of initial load.
[2016.02.24-20.25.58:489][  0]LogUObjectAllocator: 6099744 out of 0 bytes used by permanent object pool.
[2016.02.24-20.25.58:558][  0]LogEngine: Initializing Engine...
[2016.02.24-20.25.58:560][  0]LogHMD: Can't find Oculus library dev build: is proper Runtime installed? Version: 0.8.0.0
[2016.02.24-20.25.58:560][  0]LogHMD: SteamVR failed to initialize.  Err: 110
[2016.02.24-20.25.58:739][  0]LogAIModule: Creating AISystem for world NewWorld
[2016.02.24-20.25.58:744][  0]LogInit: XAudio2 using 'Speakers (2- High Definition Audio Device)' : 2 channels at 44.1 kHz using 16 bits per sample (channel mask 0x3)
[2016.02.24-20.25.58:753][  0]LogInit: FAudioDevice initialized.
[2016.02.24-20.25.58:788][  0]LogDerivedDataCache: Saved boot cache 0.04s 41MB C:/Users/Shaun Goh/AppData/Local/UnrealEngine/4.10/DerivedDataCache/Boot.ddc.
[2016.02.24-20.25.58:797][  0]LogInit: Texture streaming: Enabled
[2016.02.24-20.25.58:808][  0]LogAnalytics: Creating configured Analytics provider AnalyticsET
[2016.02.24-20.25.58:808][  0]LogAnalytics: [UEEditor.Rocket.Release] APIServer = http://et2.epicgames.com/ET2/. AppVersion = 4.10.2-2818068+++depot+UE4-Releases+4.10
[2016.02.24-20.25.58:808][  0]LogAnalytics: [UEEditor.Rocket.Release] SetUserId 7722ef384c4720144d202ca43fb8678d|30f4ab32c514423f9162b30ccdae0155|99934fa0-303e-4f28-b544-4cacd01c1c5b
[2016.02.24-20.25.58:808][  0]LogAnalytics: [UEEditor.Rocket.Release] AnalyticsET::StartSession
[2016.02.24-20.25.58:814][  0]LogInit: Transaction tracking system initialized
[2016.02.24-20.25.58:844][  0]BlueprintLog: New page: Editor Load
[2016.02.24-20.25.58:918][  0]LocalizationService: Info Localization service is disabled
[2016.02.24-20.25.58:981][  0]LogConsoleResponse:Display: 
[2016.02.24-20.25.59:125][  0]LogCook:Display: Done creating registry. It took  0.00s.
[2016.02.24-20.25.59:181][  0]LogFileCache: Scanning file cache for directory 'D:/MMLS/TGD2251 - GAME PHYSICS/Assignment2/ThirdPersonPunch/Content/' took 0.01s
[2016.02.24-20.25.59:181][  0]SourceControl: Info Source control is disabled
[2016.02.24-20.25.59:181][  0]Cmd: MAP LOAD FILE="../../../../../MMLS/TGD2251 - GAME PHYSICS/Assignment2/ThirdPersonPunch/Content/StarterContent/Maps/Minimal_Default.umap" TEMPLATE=0 SHOWPROGRESS=1 FEATURELEVEL=3
[2016.02.24-20.25.59:182][  0]LightingResults: New page: Lighting Build
[2016.02.24-20.25.59:183][  0]MapCheck: New page: Map Check
[2016.02.24-20.25.59:183][  0]LightingResults: New page: Lighting Build
[2016.02.24-20.25.59:204][  0]LogParticles: Destroying 0 GPU particle simulations for FXSystem 0x000000F6A4BCAAC0
[2016.02.24-20.25.59:798][  0]LogAIModule: Creating AISystem for world Minimal_Default
[2016.02.24-20.25.59:810][  0]LogEditorServer: Finished looking for orphan Actors (0.000 secs)
[2016.02.24-20.25.59:811][  0]Cmd: MAP CHECKDEP NOCLEARLOG
[2016.02.24-20.25.59:887][  0]MapCheck: Info Map check complete: 0 Error(s), 0 Warning(s), took 75.613ms to complete.
[2016.02.24-20.25.59:887][  0]LogFileHelpers: Loading map 'Minimal_Default' took 0.705
[2016.02.24-20.26.00:028][  0]LogCollectionManager: Loaded 0 collections in 0.004432 seconds
[2016.02.24-20.26.00:066][  0]LogFileCache: Scanning file cache for directory 'D:/MMLS/TGD2251 - GAME PHYSICS/Assignment2/ThirdPersonPunch/Saved/Collections/' took 0.01s
[2016.02.24-20.26.00:066][  0]LogFileCache: Scanning file cache for directory 'D:/MMLS/TGD2251 - GAME PHYSICS/Assignment2/ThirdPersonPunch/Content/Developers/ShaunGoh/Collections/' took 0.01s
[2016.02.24-20.26.00:066][  0]LogFileCache: Scanning file cache for directory 'D:/MMLS/TGD2251 - GAME PHYSICS/Assignment2/ThirdPersonPunch/Content/Collections/' took 0.01s
[2016.02.24-20.26.00:066][  0]LogCollectionManager: Rebuilt the GUID cache for 0 collections in 0.000001 seconds
[2016.02.24-20.26.00:074][  0]LogContentBrowser: Native class hierarchy populated in 0.0078 seconds. Added 1893 classes and 338 folders.
[2016.02.24-20.26.00:078][  0]LogContentBrowser: Native class hierarchy updated for 'WidgetCarousel' in 0.0002 seconds. Added 0 classes and 0 folders.
[2016.02.24-20.26.00:115][  0]LogContentBrowser: Native class hierarchy updated for 'AddContentDialog' in 0.0004 seconds. Added 0 classes and 0 folders.
[2016.02.24-20.26.00:118][  0]LogContentBrowser: Native class hierarchy updated for 'SceneOutliner' in 0.0004 seconds. Added 1 classes and 2 folders.
[2016.02.24-20.26.00:144][  0]LogCrashTracker: Crashtracker disabled due to settings.
[2016.02.24-20.26.00:148][  0]LogUObjectGlobals:Warning: Failed to find object 'Class None.'
[2016.02.24-20.26.00:175][  0]LogLoad: Full Startup: 6.20 seconds (BP compile: 0.11 seconds)
[2016.02.24-20.26.00:186][  0]LogOcInput: Can't find Oculus library dev build: is proper Runtime installed? Version: 0.8.0.0
[2016.02.24-20.26.00:251][  0]LogContentStreaming: Texture pool size now 200 MB
[2016.02.24-20.26.00:404][  0]LogRenderer: Reallocating scene render targets to support 1208x644 (Frame:2).
[2016.02.24-20.26.01:423][  5]LogAssetRegistry: Asset discovery search completed in 3.4325 seconds
[2016.02.24-20.26.01:423][  5]LogCollectionManager: Rebuilt the object cache for 0 collections in 0.000001 seconds (found 0 objects)
[2016.02.24-20.26.01:423][  5]LogCollectionManager: Fixed up redirectors for 0 collections in 0.000014 seconds (updated 0 objects)
[2016.02.24-20.26.21:204][446]LogLinker:Warning: Asset '../../../Engine/Content/ArtTools/RenderToTexture/Macros/RenderToTextureMacros.uasset' has been saved with empty engine version. The asset will be loaded but may be incompatible.
[2016.02.24-20.26.21:651][446]LogContentBrowser: Native class hierarchy updated for 'BlueprintGraph' in 0.0028 seconds. Added 107 classes and 0 folders.
[2016.02.24-20.26.21:739][446]LogSkeletalMesh: InitArticulated: Bodies already created (/Engine/Transient.DebugSkelMeshComponent_0) - call TermArticulated first.
[2016.02.24-20.26.47:584][947]LogContentBrowser:Verbose: The majority of assets in the view are of type: AnimSequence
[2016.02.24-20.27.17:745][484]LogEditorViewport: Clicking on Actor (context menu): BP_Sky_Sphere_C (BP_Sky_Sphere)
[2016.02.24-20.36.00:693][337]LogActorComponent: UnregisterComponent: (/Engine/Transient.CharMoveComp) Not registered. Aborting.
[2016.02.24-20.36.00:745][337]LogFileHelpers: Editor autosave (incl. sublevels) for '/Game/StarterContent/Maps/Minimal_Default' took 0.053
[2016.02.24-20.36.00:749][337]OBJ SavePackage: Generating thumbnails for [1] asset(s) in package [/Game/Character/Animation/NewAnimBlueprint] ([1] browsable assets)...
[2016.02.24-20.36.00:773][337]OBJ SavePackage:     Rendered thumbnail for [AnimBlueprint /Game/Character/Animation/NewAnimBlueprint.NewAnimBlueprint]
[2016.02.24-20.36.00:773][337]OBJ SavePackage: Finished generating thumbnails for package [/Game/Character/Animation/NewAnimBlueprint]
[2016.02.24-20.36.00:850][337]LogSavePackage: Save=66.476273ms
[2016.02.24-20.36.00:850][337]LogSavePackage: Moving '../../../../../MMLS/TGD2251 - GAME PHYSICS/Assignment2/ThirdPersonPunch/Saved/NewAnimBlueprint_Auto12C71DCBF4D556F8AFE5AA89715B6CE1F.tmp' to '../../../../../MMLS/TGD2251 - GAME PHYSICS/Assignment2/ThirdPersonPunch/Saved/Autosaves/Game/Character/Animation/NewAnimBlueprint_Auto1.uasset'
[2016.02.24-20.36.00:853][337]LogSavePackage: Total save time: 79.574931ms
[2016.02.24-20.36.00:853][337]LogSavePackage:Display: Finished SavePackage ../../../../../MMLS/TGD2251 - GAME PHYSICS/Assignment2/ThirdPersonPunch/Saved/Autosaves/Game/Character/Animation/NewAnimBlueprint_Auto1.uasset
[2016.02.24-20.36.00:853][337]LogFileHelpers: Auto-saving content packages took 0.108
[2016.02.24-20.47.35:967][314]LogFileHelpers: Editor autosave (incl. sublevels) for '/Game/StarterContent/Maps/Minimal_Default' took 0.075
[2016.02.24-20.47.35:983][314]OBJ SavePackage: Generating thumbnails for [1] asset(s) in package [/Game/Character/Animation/NewAnimBlueprint] ([1] browsable assets)...
[2016.02.24-20.47.35:999][314]OBJ SavePackage:     Rendered thumbnail for [AnimBlueprint /Game/Character/Animation/NewAnimBlueprint.NewAnimBlueprint]
[2016.02.24-20.47.36:000][314]OBJ SavePackage: Finished generating thumbnails for package [/Game/Character/Animation/NewAnimBlueprint]
[2016.02.24-20.47.36:511][314]LogSavePackage: Save=493.585602ms
[2016.02.24-20.47.36:511][314]LogSavePackage: Moving '../../../../../