[2016.02.25-01.10.25:082][  0]Log file open, 02/25/16 09:10:25
[2016.02.25-01.10.25:082][  0]LogInit:Display: Running engine for game: ThirdPersonPunch
[2016.02.25-01.10.25:082][  0]LogPlatformFile: Not using cached read wrapper
[2016.02.25-01.10.25:082][  0]LogInit:Display: RandInit(2072396743) SRandInit(2072396745).
[2016.02.25-01.10.25:082][  0]LogTaskGraph: Started task graph with 4 named threads and 5 total threads.
[2016.02.25-01.10.25:082][  0]LogStats: Stats thread started at 0.071512
[2016.02.25-01.10.25:082][  0]LogInit: Version: 4.10.2-2818068+++depot+UE4-Releases+4.10
[2016.02.25-01.10.25:082][  0]LogInit: API Version: 2758231
[2016.02.25-01.10.25:082][  0]LogInit: Compiled (64-bit): Jan  6 2016 17:36:42
[2016.02.25-01.10.25:082][  0]LogInit: Compiled with Visual C++: 19.00.23026.00
[2016.02.25-01.10.25:082][  0]LogInit: Build Configuration: Development
[2016.02.25-01.10.25:082][  0]LogInit: Branch Name: ++depot+UE4-Releases+4.10
[2016.02.25-01.10.25:082][  0]LogInit: Command line: -HTTP=WinInet
[2016.02.25-01.10.25:082][  0]LogInit: Base directory: D:/Epic Games/4.10/Engine/Binaries/Win64/
[2016.02.25-01.10.25:082][  0]LogInit: Rocket: 1
[2016.02.25-01.10.25:092][  0]LogInit: Presizing for 0 objects not considered by GC, pre-allocating 0 bytes.
[2016.02.25-01.10.25:099][  0]LogInit: Object subsystem initialized
[2016.02.25-01.10.25:100][  0]LogInit: Selected Device Profile: [Windows]
[2016.02.25-01.10.25:100][  0]LogInit: Applying CVar settings loaded from the selected device profile: [Windows]
[2016.02.25-01.10.25:108][  0]LogInit: Computer: DESKTOP-63HJ9HN
[2016.02.25-01.10.25:108][  0]LogInit: User: ShaunGoh
[2016.02.25-01.10.25:108][  0]LogInit: CPU Page size=4096, Cores=2
[2016.02.25-01.10.25:108][  0]LogInit: High frequency timer resolution =3.609370 MHz
[2016.02.25-01.10.25:108][  0]LogMemory: Memory total: Physical=7.9GB (8GB approx)
[2016.02.25-01.10.25:108][  0]LogMemory: Platform Memory Stats for Windows
[2016.02.25-01.10.25:108][  0]LogMemory: Process Physical Memory: 55.73 MB used, 55.73 MB peak
[2016.02.25-01.10.25:108][  0]LogMemory: Process Virtual Memory: 55.54 MB used, 55.54 MB peak
[2016.02.25-01.10.25:108][  0]LogMemory: Physical Memory: 4460.29 MB used, 8113.81 MB total
[2016.02.25-01.10.25:108][  0]LogMemory: Virtual Memory: 376.54 MB used, 134217728.00 MB total
[2016.02.25-01.10.25:137][  0]LogTextLocalizationManager: No specific translations for ('en-US') exist, so ('en') translations will be used.
[2016.02.25-01.10.25:510][  0]LogD3D11RHI: Found D3D11 adapter 0: Intel(R) HD Graphics 530 (Feature Level 11_0)
[2016.02.25-01.10.25:510][  0]LogD3D11RHI: Adapter has 128MB of dedicated video memory, 0MB of dedicated system memory, and 4056MB of shared system memory, 1 output[s]
[2016.02.25-01.10.25:511][  0]LogD3D11RHI: Found D3D11 adapter 1: Microsoft Basic Render Driver (Feature Level 11_0)
[2016.02.25-01.10.25:511][  0]LogD3D11RHI: Adapter has 0MB of dedicated video memory, 0MB of dedicated system memory, and 4056MB of shared system memory, 0 output[s]
[2016.02.25-01.10.25:511][  0]LogD3D11RHI: Chosen D3D11 Adapter Id = 0
[2016.02.25-01.10.25:515][  0]LogD3D11RHI: !Direct3DDevice
[2016.02.25-01.10.25:515][  0]LogRHI: Texture pool is 1361 MB (70% of 1945 MB)
[2016.02.25-01.10.25:520][  0]LogD3D11RHI: Async texture creation enabled
[2016.02.25-01.10.25:523][  0]LogShaderCompilers: Guid format shader working directory is -22 characters bigger than the processId version (../../../../../MMLS/TGD2251 - GAME PHYSICS/Assignment2/ThirdPersonPunch/Intermediate/Shaders/WorkingDirectory/5928/).
[2016.02.25-01.10.25:523][  0]LogShaderCompilers: Cleaned the shader compiler working directory 'C:/Users/SHAUNG~1/AppData/Local/Temp/UnrealShaderWorkingDir/3E7EFEC54791F1BBFE8C55BE2279BF12/'.
[2016.02.25-01.10.25:523][  0]LogShaderCompilers:Display: Using Local Shader Compiler.
[2016.02.25-01.10.26:286][  0]LogTemp:Display: Loaded TP AllDesktopTargetPlatform
[2016.02.25-01.10.26:289][  0]LogTemp:Display: Loaded TP WindowsClientTargetPlatform
[2016.02.25-01.10.26:292][  0]LogTemp:Display: Loaded TP WindowsNoEditorTargetPlatform
[2016.02.25-01.10.26:295][  0]LogTemp:Display: Loaded TP WindowsServerTargetPlatform
[2016.02.25-01.10.26:301][  0]LogTemp:Display: Loaded TP WindowsTargetPlatform
[2016.02.25-01.10.26:304][  0]LogTemp:Display: Loaded TP AndroidTargetPlatform
[2016.02.25-01.10.26:306][  0]LogTemp:Display: Loaded TP Android_ASTCTargetPlatform
[2016.02.25-01.10.26:308][  0]LogTemp:Display: Loaded TP Android_ATCTargetPlatform
[2016.02.25-01.10.26:310][  0]LogTemp:Display: Loaded TP Android_DXTTargetPlatform
[2016.02.25-01.10.26:312][  0]LogTemp:Display: Loaded TP Android_ETC1TargetPlatform
[2016.02.25-01.10.26:315][  0]LogTemp:Display: Loaded TP Android_ETC2TargetPlatform
[2016.02.25-01.10.26:320][  0]LogTemp:Display: Loaded TP Android_MultiTargetPlatform
[2016.02.25-01.10.26:320][  0]LogTemp:Display: Loaded TP Android_PVRTCTargetPlatform
[2016.02.25-01.10.26:320][  0]LogTemp:Display: Loaded TP HTML5TargetPlatform
[2016.02.25-01.10.26:336][  0]LogTemp:Display: Loaded TP IOSTargetPlatform
[2016.02.25-01.10.26:338][  0]LogTemp:Display: Loaded TP LinuxNoEditorTargetPlatform
[2016.02.25-01.10.26:340][  0]LogTemp:Display: Loaded TP LinuxServerTargetPlatform
[2016.02.25-01.10.26:342][  0]LogTemp:Display: Loaded TP LinuxTargetPlatform
[2016.02.25-01.10.26:342][  0]LogTargetPlatformManager:Display: Building Assets For Windows
[2016.02.25-01.10.26:393][  0]LogDerivedDataCache:Display: Max Cache Size: 512 MB
[2016.02.25-01.10.26:443][  0]LogDerivedDataCache: Loaded boot cache 0.05s 41MB C:/Users/Shaun Goh/AppData/Local/UnrealEngine/4.10/DerivedDataCache/Boot.ddc.
[2016.02.25-01.10.26:443][  0]LogDerivedDataCache:Display: Loaded Boot cache: C:/Users/Shaun Goh/AppData/Local/UnrealEngine/4.10/DerivedDataCache/Boot.ddc
[2016.02.25-01.10.26:443][  0]LogDerivedDataCache: FDerivedDataBackendGraph:  Pak pak cache file ../../../../../MMLS/TGD2251 - GAME PHYSICS/Assignment2/ThirdPersonPunch/DerivedDataCache/DDC.ddp not found, will not use a pak cache.
[2016.02.25-01.10.26:443][  0]LogDerivedDataCache: Unable to find inner node Pak for hierarchical cache Hierarchy.
[2016.02.25-01.10.26:443][  0]LogDerivedDataCache: FDerivedDataBackendGraph:  CompressedPak pak cache file ../../../../../MMLS/TGD2251 - GAME PHYSICS/Assignment2/ThirdPersonPunch/DerivedDataCache/Compressed.ddp not found, will not use a pak cache.
[2016.02.25-01.10.26:443][  0]LogDerivedDataCache: Unable to find inner node CompressedPak for hierarchical cache Hierarchy.
[2016.02.25-01.10.26:490][  0]LogDerivedDataCache:Display: Pak cache opened for reading ../../../Engine/DerivedDataCache/Compressed.ddp.
[2016.02.25-01.10.26:502][  0]LogDerivedDataCache: Using Local data cache path C:/Users/Shaun Goh/AppData/Local/UnrealEngine/Common/DerivedDataCache: Writable
[2016.02.25-01.10.26:651][  0]LogInit: Selected Device Profile: [Windows]
[2016.02.25-01.10.26:653][  0]LogContentStreaming: Texture pool size is 0.000000MB
[2016.02.25-01.10.26:746][  0]LogMeshUtilities: No automatic mesh reduction module available
[2016.02.25-01.10.26:746][  0]LogMeshUtilities: No automatic mesh merging module available
[2016.02.25-01.10.26:963][  0]LogInit: WinSock: version 1.1 (2.2), MaxSocks=32767, MaxUdp=65467
[2016.02.25-01.10.27:578][  0]UdpMessaging: Initializing bridge on interface 0.0.0.0:0 to multicast group 230.0.0.1:6666.
[2016.02.25-01.10.27:665][  0]LogAssetRegistry: FAssetRegistry took 0.0106 seconds to start up
[2016.02.25-01.10.27:816][  0]SourceControl: Info Source control is disabled
[2016.02.25-01.10.27:855][  0]SourceControl: Info Source control is disabled
[2016.02.25-01.10.27:868][  0]SourceControl: Info Source control is disabled
[2016.02.25-01.10.27:882][  0]SourceControl: Info Source control is disabled
[2016.02.25-01.10.28:075][  0]LogObj: 28633 objects as part of root set at end of initial load.
[2016.02.25-01.10.28:075][  0]LogUObjectAllocator: 6099744 out of 0 bytes used by permanent object pool.
[2016.02.25-01.10.28:120][  0]LogEngine: Initializing Engine...
[2016.02.25-01.10.28:122][  0]LogHMD: Can't find Oculus library dev build: is proper Runtime installed? Version: 0.8.0.0
[2016.02.25-01.10.28:123][  0]LogHMD: SteamVR failed to initialize.  Err: 110
[2016.02.25-01.10.28:244][  0]LogAIModule: Creating AISystem for world NewWorld
[2016.02.25-01.10.28:248][  0]LogInit: XAudio2 using 'Speakers (2- High Definition Audio Device)' : 2 channels at 44.1 kHz using 16 bits per sample (channel mask 0x3)
[2016.02.25-01.10.28:255][  0]LogInit: FAudioDevice initialized.
[2016.02.25-01.10.28:281][  0]LogDerivedDataCache: Saved boot cache 0.03s 41MB C:/Users/Shaun Goh/AppData/Local/UnrealEngine/4.10/DerivedDataCache/Boot.ddc.
[2016.02.25-01.10.28:287][  0]LogInit: Texture streaming: Enabled
[2016.02.25-01.10.28:290][  0]LogAnalytics: Creating configured Analytics provider AnalyticsET
[2016.02.25-01.10.28:290][  0]LogAnalytics: [UEEditor.Rocket.Release] APIServer = http://et2.epicgames.com/ET2/. AppVersion = 4.10.2-2818068+++depot+UE4-Releases+4.10
[2016.02.25-01.10.28:290][  0]LogAnalytics: [UEEditor.Rocket.Release] SetUserId 7722ef384c4720144d202ca43fb8678d|30f4ab32c514423f9162b30ccdae0155|99934fa0-303e-4f28-b544-4cacd01c1c5b
[2016.02.25-01.10.28:290][  0]LogAnalytics: [UEEditor.Rocket.Release] AnalyticsET::StartSession
[2016.02.25-01.10.28:296][  0]LogInit: Transaction tracking system initialized
[2016.02.25-01.10.28:313][  0]BlueprintLog: New page: Editor Load
[2016.02.25-01.10.28:368][  0]LocalizationService: Info Localization service is disabled
[2016.02.25-01.10.28:423][  0]LogConsoleResponse:Display: 
[2016.02.25-01.10.28:533][  0]LogCook:Display: Done creating registry. It took  0.00s.
[2016.02.25-01.10.28:574][  0]LogFileCache: Scanning file cache for directory 'D:/MMLS/TGD2251 - GAME PHYSICS/Assignment2/ThirdPersonPunch/Content/' took 0.01s
[2016.02.25-01.10.28:574][  0]SourceControl: Info Source control is disabled
[2016.02.25-01.10.28:574][  0]Cmd: MAP LOAD FILE="../../../../../MMLS/TGD2251 - GAME PHYSICS/Assignment2/ThirdPersonPunch/Content/StarterContent/Maps/Minimal_Default.umap" TEMPLATE=0 SHOWPROGRESS=1 FEATURELEVEL=3
[2016.02.25-01.10.28:574][  0]LightingResults: New page: Lighting Build
[2016.02.25-01.10.28:576][  0]MapCheck: New page: Map Check
[2016.02.25-01.10.28:576][  0]LightingResults: New page: Lighting Build
[2016.02.25-01.10.28:591][  0]LogParticles: Destroying 0 GPU particle simulations for FXSystem 0x0000008FC228AAC0
[2016.02.25-01.10.28:999][  0]LogAIModule: Creating AISystem for world Minimal_Default
[2016.02.25-01.10.29:011][  0]LogEditorServer: Finished looking for orphan Actors (0.000 secs)
[2016.02.25-01.10.29:011][  0]Cmd: MAP CHECKDEP NOCLEARLOG
[2016.02.25-01.10.29:059][  0]MapCheck: Info Map check complete: 0 Error(s), 0 Warning(s), took 47.765ms to complete.
[2016.02.25-01.10.29:059][  0]LogFileHelpers: Loading map 'Minimal_Default' took 0.486
[2016.02.25-01.10.29:157][  0]LogCollectionManager: Loaded 0 collections in 0.001017 seconds
[2016.02.25-01.10.29:195][  0]LogFileCache: Scanning file cache for directory 'D:/MMLS/TGD2251 - GAME PHYSICS/Assignment2/ThirdPersonPunch/Saved/Collections/' took 0.01s
[2016.02.25-01.10.29:195][  0]LogFileCache: Scanning file cache for directory 'D:/MMLS/TGD2251 - GAME PHYSICS/Assignment2/ThirdPersonPunch/Content/Developers/ShaunGoh/Collections/' took 0.01s
[2016.02.25-01.10.29:195][  0]LogFileCache: Scanning file cache for directory 'D:/MMLS/TGD2251 - GAME PHYSICS/Assignment2/ThirdPersonPunch/Content/Collections/' took 0.01s
[2016.02.25-01.10.29:195][  0]LogCollectionManager: Rebuilt the GUID cache for 0 collections in 0.000001 seconds
[2016.02.25-01.10.29:201][  0]LogContentBrowser: Native class hierarchy populated in 0.0055 seconds. Added 1893 classes and 338 folders.
[2016.02.25-01.10.29:208][  0]LogContentBrowser: Native class hierarchy updated for 'WidgetCarousel' in 0.0002 seconds. Added 0 classes and 0 folders.
[2016.02.25-01.10.29:240][  0]LogContentBrowser: Native class hierarchy updated for 'AddContentDialog' in 0.0002 seconds. Added 0 classes and 0 folders.
[2016.02.25-01.10.29:243][  0]LogContentBrowser: Native class hierarchy updated for 'SceneOutliner' in 0.0002 seconds. Added 1 classes and 2 folders.
[2016.02.25-01.10.29:260][  0]LogCrashTracker: Crashtracker disabled due to settings.
[2016.02.25-01.10.29:262][  0]LogUObjectGlobals:Warning: Failed to find object 'Class None.'
[2016.02.25-01.10.29:289][  0]LogLoad: Full Startup: 4.58 seconds (BP compile: 0.09 seconds)
[2016.02.25-01.10.29:300][  0]LogOcInput: Can't find Oculus library dev build: is proper Runtime installed? Version: 0.8.0.0
[2016.02.25-01.10.29:375][  0]LogContentStreaming: Texture pool size now 200 MB
[2016.02.25-01.10.29:506][  0]LogRenderer: Reallocating scene render targets to support 1208x644 (Frame:2).
[2016.02.25-01.10.30:647][  4]LogAssetRegistry: Asset discovery search completed in 2.9929 seconds
[2016.02.25-01.10.30:647][  4]LogCollectionManager: Rebuilt the object cache for 0 collections in 0.000001 seconds (found 0 objects)
[2016.02.25-01.10.30:647][  4]LogCollectionManager: Fixed up redirectors for 0 collections in 0.000017 seconds (updated 0 objects)
[2016.02.25-01.10.46:298][366]LogLinker:Warning: Asset '../../../Engine/Content/ArtTools/RenderToTexture/Macros/RenderToTextureMacros.uasset' has been saved with empty engine version. The asset will be loaded but may be incompatible.
[2016.02.25-01.10.46:708][366]LogContentBrowser: Native class hierarchy updated for 'BlueprintGraph' in 0.0005 seconds. Added 107 classes and 0 folders.
[2016.02.25-01.10.46:791][366]LogSkeletalMesh: InitArticulated: Bodies already created (/Engine/Transient.DebugSkelMeshComponent_0) - call TermArticulated first.
[2016.02.25-01.11.02:184][647]BlueprintLog: New page: Compile NewAnimBlueprint
[2016.02.25-01.11.02:397][647]LogActorComponent: UnregisterComponent: (/Engine/Transient.CharMoveComp) Not registered. Aborting.
[2016.02.25-01.11.02:450][647]BlueprintEditorCompileResults: Info [0037.74] Compile of NewAnimBlueprint successful! [in 266 ms]
[2016.02.25-01.11.03:269][658]LogSavePackage: Save=79.728592ms
[2016.02.25-01.11.03:269][658]LogSavePackage: Moving '../../../../../MMLS/TGD2251 - GAME PHYSICS/Assignment2/ThirdPersonPunch/Saved/NewAnimBlueprint6E36DA9B4C5769872A5CEE8BC498E7E0.tmp' to '../../../../../MMLS/TGD2251 - GAME PHYSICS/Assignment2/ThirdPersonPunch/Content/Character/Animation/NewAnimBlueprint.uasset'
[2016.02.25-01.11.03:270][658]LogSavePackage: Total save time: 88.799153ms
[2016.02.25-01.11.03:270][658]LogSavePackage:Display: Finished SavePackage ../../../../../MMLS/TGD2251 - GAME PHYSICS/Assignment2/ThirdPersonPunch/Content/Character/Animation/NewAnimBlueprint.uasset
[2016.02.25-01.11.08:769][793]LogBlueprintUserMessages: Early PlayInEditor Detection: Level '/Game/StarterContent/Maps/Minimal_Default.Minimal_Default:PersistentLevel' has LevelScriptBlueprint '/Game/StarterContent/Maps/Minimal_Default.Minimal_Default:PersistentLevel.Minimal_Default' with GeneratedClass '/Game/StarterContent/Maps/Minimal_Default.Minimal_Default_C' with ClassGeneratedBy '/Game/StarterContent/Maps/Minimal_Default.Minimal_Default:PersistentLevel.Minimal_Default'
[2016.02.25-01.11.08:769][793]LogPlayLevel: PlayLevel: No blueprints needed recompiling
[2016.02.25-01.11.08:769][793]PIE: New page: PIE session: Minimal_Default (Feb 25, 2016, 5:11:08 PM)
[2016.02.25-01.11.08:769][793]LogPlayLevel: Creating play world package: /Game/StarterContent/Maps/UEDPIE_0_Minimal_Default
[2016.02.25-01.11.08:780][793]LogPlayLevel: PIE: StaticDuplicateObject took: (0.011566s)
[2016.02.25-01.11.08:781][793]LogAIModule: Creating AISystem for world Minimal_Default
[2016.02.25-01.11.08:781][793]LogPlayLevel: PIE: World Init took: (0.000931s)
[2016.02.25-01.11.08:782][793]LogPlayLevel: PIE: Created PIE world by copying editor world from /Game/StarterContent/Maps/Minimal_Default.Minimal_Default to /Game/StarterContent/Maps/UEDPIE_0_Minimal_Default.Minimal_Default (0.012723s)
[2016.02.25-01.11.08:814][793]LogParticles: Destroying 0 GPU particle simulations for FXSystem 0x0000008FFA03EB60
[2016.02.25-01.11.08:814][793]LogParticles: Destroying 0 GPU particle simulations for FXSystem 0x0000008FFA03E5C0
[2016.02.25-01.11.08:815][793]LogParticles: Destroying 0 GPU particle simulations for FXSystem 0x0000008F84193100
[2016.02.25-01.11.08:820][793]LogInit: XAudio2 using 'Speakers (2- High Definition Audio Device)' : 2 channels at 44.1 kHz using 16 bits per sample (channel mask 0x3)
[2016.02.25-01.11.08:825][793]LogInit: FAudioDevice initialized.
[2016.02.25-01.11.08:870][793]LogWorld: Game class is 'MyGame_C'
[2016.02.25-01.11.08:872][793]LogWorld: Bringing World /Game/StarterContent/Maps/UEDPIE_0_Minimal_Default.Minimal_Default up for play (max tick rate 0) at 2016.02.25-09.11.08
[2016.02.25-01.11.08:872][793]LogActor:Warning: GameSession /Game/StarterContent/Maps/UEDPIE_0_Minimal_Default.Minimal_Default:PersistentLevel.GameSession_0 has natively added scene component(s), but none of them were set as the actor's RootComponent - picking one arbitrarily
[2016.02.25-01.11.08:872][793]LogActor:Warning: GameNetworkManager /Game/StarterContent/Maps/UEDPIE_0_Minimal_Default.Minimal_Default:PersistentLevel.GameNetworkManager_0 has natively added scene component(s), but none of them were set as the actor's RootComponent - picking one arbitrarily
[2016.02.25-01.11.08:873][793]LogWorld: Bringing up level for play took: 0.002611
[2016.02.25-01.11.08:874][793]PIE: Info Play in editor start time for /Game/StarterContent/Maps/UEDPIE_0_Minimal_Default -0.274
[2016.02.25-01.11.08:874][793]LogBlueprintUserMessages: Late PlayInEditor Detection: Level '/Game/StarterContent/Maps/Minimal_Default.Minimal_Default:PersistentLevel' has LevelScriptBlueprint '/Game/StarterContent/Maps/Minimal_Default.Minimal_Default:PersistentLevel.Minimal_Default' with GeneratedClass '/Game/StarterContent/Maps/Minimal_Default.Minimal_Default_C' with ClassGeneratedBy '/Game/StarterContent/Maps/Minimal_Default.Minimal_Default:PersistentLevel.Minimal_Default'
[2016.02.25-01.11.16:921][148]LogBlueprintUserMessages: Early EndPlayMap Detection: Level '/Game/StarterContent/Maps/Minimal_Default.Minimal_Default:PersistentLevel' has LevelScriptBlueprint '/Game/StarterContent/Maps/Minimal_Default.Minimal_Default:PersistentLevel.Minimal_Default' with GeneratedClass '/Game/StarterContent/Maps/Minimal_Default.Minimal_Default_C' with ClassGeneratedBy '/Game/StarterContent/Maps/Minimal_Default.Minimal_Default:PersistentLevel.Minimal_Default'
[2016.02.25-01.11.16:971][148]LogBlueprintUserMessages: Late EndPlayMap Detection: Level '/Game/StarterContent/Maps/Minimal_Default.Minimal_Default:PersistentLevel' has LevelScriptBlueprint '/Game/StarterContent/Maps/Minimal_Default.Minimal_Default:PersistentLevel.Minimal_Default' with GeneratedClass '/Game/StarterContent/Maps/Minimal_Default.Minimal_Default_C' with ClassGeneratedBy '/Game/StarterContent/Maps/Minimal_Default.Minimal_Default:PersistentLevel.Minimal_Default'
[2016.02.25-01.11.17:020][148]LogParticles: Destroying 0 GPU particle simulations for FXSystem 0x0000008F881CAC00
[2016.02.25-01.11.42:018][699]LogBlueprintUserMessages: Early PlayInEditor Detection: Level '/Game/StarterContent/Maps/Minimal_Default.Minimal_Default:PersistentLevel' has LevelScriptBlueprint '/Game/StarterContent/Maps/Minimal_Default.Minimal_Default:PersistentLevel.Minimal_Default' with GeneratedClass '/Game/StarterContent/Maps/Minimal_Default.Minimal_Default_C' with ClassGeneratedBy '/Game/StarterContent/Maps/Minimal_Default.Minimal_Default:PersistentLevel.Minimal_Default'
[2016.02.25-01.11.42:018][699]LogPlayLevel: PlayLevel: No blueprints needed recompiling
[2016.02.25-01.11.42:018][699]PIE: New page: PIE session: Minimal_Default (Feb 25, 2016, 5:11:42 PM)
[2016.02.25-01.11.42:018][699]LogPlayLevel: Creating play world package: /Game/StarterContent/Maps/UEDPIE_0_Minimal_Default
[2016.02.25-01.11.42:037][699]LogPlayLevel: PIE: StaticDuplicateObject took: (0.019186s)
[2016.02.25-01.11.42:038][699]LogAIModule: Creating AISystem for world Minimal_Default
[2016.02.25-01.11.42:038][699]LogPlayLevel: PIE: World Init took: (0.000876s)
[2016.02.25-01.11.42:038][699]LogPlayLevel: PIE: Created PIE world by copy