[2016.02.24-19.43.49:603][  0]Log file open, 02/25/16 03:43:49
[2016.02.24-19.43.49:603][  0]LogInit:Display: Running engine for game: ThirdPersonPunch
[2016.02.24-19.43.49:603][  0]LogPlatformFile: Not using cached read wrapper
[2016.02.24-19.43.49:603][  0]LogInit:Display: RandInit(1176223622) SRandInit(1176223637).
[2016.02.24-19.43.49:603][  0]LogTaskGraph: Started task graph with 4 named threads and 5 total threads.
[2016.02.24-19.43.49:603][  0]LogStats: Stats thread started at 0.065185
[2016.02.24-19.43.49:603][  0]LogInit: Version: 4.10.2-2818068+++depot+UE4-Releases+4.10
[2016.02.24-19.43.49:603][  0]LogInit: API Version: 2758231
[2016.02.24-19.43.49:603][  0]LogInit: Compiled (64-bit): Jan  6 2016 17:36:42
[2016.02.24-19.43.49:603][  0]LogInit: Compiled with Visual C++: 19.00.23026.00
[2016.02.24-19.43.49:603][  0]LogInit: Build Configuration: Development
[2016.02.24-19.43.49:603][  0]LogInit: Branch Name: ++depot+UE4-Releases+4.10
[2016.02.24-19.43.49:603][  0]LogInit: Command line: -HTTP=WinInet
[2016.02.24-19.43.49:603][  0]LogInit: Base directory: D:/Epic Games/4.10/Engine/Binaries/Win64/
[2016.02.24-19.43.49:603][  0]LogInit: Rocket: 1
[2016.02.24-19.43.49:618][  0]LogInit: Presizing for 0 objects not considered by GC, pre-allocating 0 bytes.
[2016.02.24-19.43.49:636][  0]LogInit: Object subsystem initialized
[2016.02.24-19.43.49:637][  0]LogInit: Selected Device Profile: [Windows]
[2016.02.24-19.43.49:637][  0]LogInit: Applying CVar settings loaded from the selected device profile: [Windows]
[2016.02.24-19.43.49:661][  0]LogInit: Computer: DESKTOP-63HJ9HN
[2016.02.24-19.43.49:661][  0]LogInit: User: ShaunGoh
[2016.02.24-19.43.49:661][  0]LogInit: CPU Page size=4096, Cores=2
[2016.02.24-19.43.49:661][  0]LogInit: High frequency timer resolution =3.609378 MHz
[2016.02.24-19.43.49:661][  0]LogMemory: Memory total: Physical=7.9GB (8GB approx)
[2016.02.24-19.43.49:661][  0]LogMemory: Platform Memory Stats for Windows
[2016.02.24-19.43.49:661][  0]LogMemory: Process Physical Memory: 55.41 MB used, 55.41 MB peak
[2016.02.24-19.43.49:661][  0]LogMemory: Process Virtual Memory: 57.44 MB used, 57.44 MB peak
[2016.02.24-19.43.49:661][  0]LogMemory: Physical Memory: 4966.66 MB used, 8113.81 MB total
[2016.02.24-19.43.49:661][  0]LogMemory: Virtual Memory: 378.47 MB used, 134217728.00 MB total
[2016.02.24-19.43.49:698][  0]LogTextLocalizationManager: No specific translations for ('en-US') exist, so ('en') translations will be used.
[2016.02.24-19.43.50:175][  0]LogD3D11RHI: Found D3D11 adapter 0: Intel(R) HD Graphics 530 (Feature Level 11_0)
[2016.02.24-19.43.50:175][  0]LogD3D11RHI: Adapter has 128MB of dedicated video memory, 0MB of dedicated system memory, and 4056MB of shared system memory, 1 output[s]
[2016.02.24-19.43.50:177][  0]LogD3D11RHI: Found D3D11 adapter 1: Microsoft Basic Render Driver (Feature Level 11_0)
[2016.02.24-19.43.50:177][  0]LogD3D11RHI: Adapter has 0MB of dedicated video memory, 0MB of dedicated system memory, and 4056MB of shared system memory, 0 output[s]
[2016.02.24-19.43.50:177][  0]LogD3D11RHI: Chosen D3D11 Adapter Id = 0
[2016.02.24-19.43.50:181][  0]LogD3D11RHI: !Direct3DDevice
[2016.02.24-19.43.50:181][  0]LogRHI: Texture pool is 1361 MB (70% of 1945 MB)
[2016.02.24-19.43.50:185][  0]LogD3D11RHI: Async texture creation enabled
[2016.02.24-19.43.50:193][  0]LogShaderCompilers: Guid format shader working directory is -22 characters bigger than the processId version (../../../../../MMLS/TGD2251 - GAME PHYSICS/Assignment2/ThirdPersonPunch/Intermediate/Shaders/WorkingDirectory/7900/).
[2016.02.24-19.43.50:193][  0]LogShaderCompilers: Cleaned the shader compiler working directory 'C:/Users/SHAUNG~1/AppData/Local/Temp/UnrealShaderWorkingDir/20C85CF64875D6DF227D678119813FEE/'.
[2016.02.24-19.43.50:193][  0]LogShaderCompilers:Display: Using Local Shader Compiler.
[2016.02.24-19.43.51:088][  0]LogTemp:Display: Loaded TP AllDesktopTargetPlatform
[2016.02.24-19.43.51:092][  0]LogTemp:Display: Loaded TP WindowsClientTargetPlatform
[2016.02.24-19.43.51:103][  0]LogTemp:Display: Loaded TP WindowsNoEditorTargetPlatform
[2016.02.24-19.43.51:106][  0]LogTemp:Display: Loaded TP WindowsServerTargetPlatform
[2016.02.24-19.43.51:109][  0]LogTemp:Display: Loaded TP WindowsTargetPlatform
[2016.02.24-19.43.51:113][  0]LogTemp:Display: Loaded TP AndroidTargetPlatform
[2016.02.24-19.43.51:115][  0]LogTemp:Display: Loaded TP Android_ASTCTargetPlatform
[2016.02.24-19.43.51:117][  0]LogTemp:Display: Loaded TP Android_ATCTargetPlatform
[2016.02.24-19.43.51:119][  0]LogTemp:Display: Loaded TP Android_DXTTargetPlatform
[2016.02.24-19.43.51:121][  0]LogTemp:Display: Loaded TP Android_ETC1TargetPlatform
[2016.02.24-19.43.51:124][  0]LogTemp:Display: Loaded TP Android_ETC2TargetPlatform
[2016.02.24-19.43.51:135][  0]LogTemp:Display: Loaded TP Android_MultiTargetPlatform
[2016.02.24-19.43.51:135][  0]LogTemp:Display: Loaded TP Android_PVRTCTargetPlatform
[2016.02.24-19.43.51:136][  0]LogTemp:Display: Loaded TP HTML5TargetPlatform
[2016.02.24-19.43.51:153][  0]LogTemp:Display: Loaded TP IOSTargetPlatform
[2016.02.24-19.43.51:156][  0]LogTemp:Display: Loaded TP LinuxNoEditorTargetPlatform
[2016.02.24-19.43.51:158][  0]LogTemp:Display: Loaded TP LinuxServerTargetPlatform
[2016.02.24-19.43.51:163][  0]LogTemp:Display: Loaded TP LinuxTargetPlatform
[2016.02.24-19.43.51:164][  0]LogTargetPlatformManager:Display: Building Assets For Windows
[2016.02.24-19.43.51:220][  0]LogDerivedDataCache:Display: Max Cache Size: 512 MB
[2016.02.24-19.43.51:283][  0]LogDerivedDataCache: Loaded boot cache 0.06s 41MB C:/Users/Shaun Goh/AppData/Local/UnrealEngine/4.10/DerivedDataCache/Boot.ddc.
[2016.02.24-19.43.51:283][  0]LogDerivedDataCache:Display: Loaded Boot cache: C:/Users/Shaun Goh/AppData/Local/UnrealEngine/4.10/DerivedDataCache/Boot.ddc
[2016.02.24-19.43.51:283][  0]LogDerivedDataCache: FDerivedDataBackendGraph:  Pak pak cache file ../../../../../MMLS/TGD2251 - GAME PHYSICS/Assignment2/ThirdPersonPunch/DerivedDataCache/DDC.ddp not found, will not use a pak cache.
[2016.02.24-19.43.51:283][  0]LogDerivedDataCache: Unable to find inner node Pak for hierarchical cache Hierarchy.
[2016.02.24-19.43.51:283][  0]LogDerivedDataCache: FDerivedDataBackendGraph:  CompressedPak pak cache file ../../../../../MMLS/TGD2251 - GAME PHYSICS/Assignment2/ThirdPersonPunch/DerivedDataCache/Compressed.ddp not found, will not use a pak cache.
[2016.02.24-19.43.51:283][  0]LogDerivedDataCache: Unable to find inner node CompressedPak for hierarchical cache Hierarchy.
[2016.02.24-19.43.51:339][  0]LogDerivedDataCache:Display: Pak cache opened for reading ../../../Engine/DerivedDataCache/Compressed.ddp.
[2016.02.24-19.43.51:350][  0]LogDerivedDataCache: Using Local data cache path C:/Users/Shaun Goh/AppData/Local/UnrealEngine/Common/DerivedDataCache: Writable
[2016.02.24-19.43.51:549][  0]LogInit: Selected Device Profile: [Windows]
[2016.02.24-19.43.51:551][  0]LogContentStreaming: Texture pool size is 0.000000MB
[2016.02.24-19.43.51:673][  0]LogMeshUtilities: No automatic mesh reduction module available
[2016.02.24-19.43.51:673][  0]LogMeshUtilities: No automatic mesh merging module available
[2016.02.24-19.43.51:931][  0]LogInit: WinSock: version 1.1 (2.2), MaxSocks=32767, MaxUdp=65467
[2016.02.24-19.43.52:663][  0]UdpMessaging: Initializing bridge on interface 0.0.0.0:0 to multicast group 230.0.0.1:6666.
[2016.02.24-19.43.52:755][  0]LogAssetRegistry: FAssetRegistry took 0.0108 seconds to start up
[2016.02.24-19.43.52:894][  0]SourceControl: Info Source control is disabled
[2016.02.24-19.43.52:935][  0]SourceControl: Info Source control is disabled
[2016.02.24-19.43.52:945][  0]SourceControl: Info Source control is disabled
[2016.02.24-19.43.52:958][  0]SourceControl: Info Source control is disabled
[2016.02.24-19.43.53:162][  0]LogObj: 28633 objects as part of root set at end of initial load.
[2016.02.24-19.43.53:162][  0]LogUObjectAllocator: 6099744 out of 0 bytes used by permanent object pool.
[2016.02.24-19.43.53:230][  0]LogEngine: Initializing Engine...
[2016.02.24-19.43.53:236][  0]LogHMD: Can't find Oculus library dev build: is proper Runtime installed? Version: 0.8.0.0
[2016.02.24-19.43.53:237][  0]LogHMD: SteamVR failed to initialize.  Err: 110
[2016.02.24-19.43.53:379][  0]LogAIModule: Creating AISystem for world NewWorld
[2016.02.24-19.43.53:386][  0]LogInit: XAudio2 using 'Speakers (2- High Definition Audio Device)' : 2 channels at 44.1 kHz using 16 bits per sample (channel mask 0x3)
[2016.02.24-19.43.53:393][  0]LogInit: FAudioDevice initialized.
[2016.02.24-19.43.53:432][  0]LogDerivedDataCache: Saved boot cache 0.04s 41MB C:/Users/Shaun Goh/AppData/Local/UnrealEngine/4.10/DerivedDataCache/Boot.ddc.
[2016.02.24-19.43.53:442][  0]LogInit: Texture streaming: Enabled
[2016.02.24-19.43.53:446][  0]LogAnalytics: Creating configured Analytics provider AnalyticsET
[2016.02.24-19.43.53:446][  0]LogAnalytics: [UEEditor.Rocket.Release] APIServer = http://et2.epicgames.com/ET2/. AppVersion = 4.10.2-2818068+++depot+UE4-Releases+4.10
[2016.02.24-19.43.53:446][  0]LogAnalytics: [UEEditor.Rocket.Release] SetUserId 7722ef384c4720144d202ca43fb8678d|30f4ab32c514423f9162b30ccdae0155|99934fa0-303e-4f28-b544-4cacd01c1c5b
[2016.02.24-19.43.53:446][  0]LogAnalytics: [UEEditor.Rocket.Release] AnalyticsET::StartSession
[2016.02.24-19.43.53:457][  0]LogInit: Transaction tracking system initialized
[2016.02.24-19.43.53:485][  0]BlueprintLog: New page: Editor Load
[2016.02.24-19.43.53:719][  0]LocalizationService: Info Localization service is disabled
[2016.02.24-19.43.53:790][  0]LogConsoleResponse:Display: 
[2016.02.24-19.43.53:951][  0]LogCook:Display: Done creating registry. It took  0.00s.
[2016.02.24-19.43.53:997][  0]LogFileCache: Scanning file cache for directory 'D:/MMLS/TGD2251 - GAME PHYSICS/Assignment2/ThirdPersonPunch/Content/' took 0.01s
[2016.02.24-19.43.53:997][  0]SourceControl: Info Source control is disabled
[2016.02.24-19.44.00:780][  0]LogWindowsTextInputMethodSystem:Display: IME system now deactivated.
[2016.02.24-19.44.00:812][  0]LogWindowsTextInputMethodSystem:Display: IME system now deactivated.
[2016.02.24-19.44.10:723][  0]LogWindowsTextInputMethodSystem:Display: IME system now deactivated.
[2016.02.24-19.44.10:736][  0]LogWindowsTextInputMethodSystem:Display: IME system now deactivated.
[2016.02.24-19.44.10:737][  0]Cmd: MAP LOAD FILE="../../../../../MMLS/TGD2251 - GAME PHYSICS/Assignment2/ThirdPersonPunch/Content/StarterContent/Maps/Minimal_Default.umap" TEMPLATE=0 SHOWPROGRESS=1 FEATURELEVEL=3
[2016.02.24-19.44.10:738][  0]LightingResults: New page: Lighting Build
[2016.02.24-19.44.10:770][  0]MapCheck: New page: Map Check
[2016.02.24-19.44.10:770][  0]LightingResults: New page: Lighting Build
[2016.02.24-19.44.10:812][  0]LogParticles: Destroying 0 GPU particle simulations for FXSystem 0x000000DA5576F6A0
[2016.02.24-19.44.11:855][  0]LogAIModule: Creating AISystem for world Minimal_Default
[2016.02.24-19.44.11:941][  0]LogEditorServer: Finished looking for orphan Actors (0.000 secs)
[2016.02.24-19.44.11:942][  0]Cmd: MAP CHECKDEP NOCLEARLOG
[2016.02.24-19.44.12:037][  0]MapCheck: Info Map check complete: 0 Error(s), 0 Warning(s), took 94.655ms to complete.
[2016.02.24-19.44.12:037][  0]LogFileHelpers: Loading map 'Minimal_Default' took 1.299
[2016.02.24-19.44.12:039][  0]LogWindowsTextInputMethodSystem:Display: IME system now deactivated.
[2016.02.24-19.44.12:107][  0]LogCollectionManager: Loaded 0 collections in 0.000910 seconds
[2016.02.24-19.44.12:153][  0]LogFileCache: Scanning file cache for directory 'D:/MMLS/TGD2251 - GAME PHYSICS/Assignment2/ThirdPersonPunch/Saved/Collections/' took 0.01s
[2016.02.24-19.44.12:153][  0]LogFileCache: Scanning file cache for directory 'D:/MMLS/TGD2251 - GAME PHYSICS/Assignment2/ThirdPersonPunch/Content/Developers/ShaunGoh/Collections/' took 0.01s
[2016.02.24-19.44.12:153][  0]LogFileCache: Scanning file cache for directory 'D:/MMLS/TGD2251 - GAME PHYSICS/Assignment2/ThirdPersonPunch/Content/Collections/' took 0.01s
[2016.02.24-19.44.12:153][  0]LogCollectionManager: Rebuilt the GUID cache for 0 collections in 0.00