[2016.02.24-19.44.53:441][  0]Log file open, 02/25/16 03:44:53
[2016.02.24-19.44.53:441][  0]LogInit:Display: Running engine for game: ThirdPersonPunch
[2016.02.24-19.44.53:441][  0]LogPlatformFile: Not using cached read wrapper
[2016.02.24-19.44.53:441][  0]LogInit:Display: RandInit(1407275742) SRandInit(1407275774).
[2016.02.24-19.44.53:441][  0]LogTaskGraph: Started task graph with 4 named threads and 5 total threads.
[2016.02.24-19.44.53:441][  0]LogStats: Stats thread started at 0.083117
[2016.02.24-19.44.53:441][  0]LogInit: Version: 4.10.2-2818068+++depot+UE4-Releases+4.10
[2016.02.24-19.44.53:441][  0]LogInit: API Version: 2758231
[2016.02.24-19.44.53:442][  0]LogInit: Compiled (64-bit): Jan  6 2016 17:36:42
[2016.02.24-19.44.53:442][  0]LogInit: Compiled with Visual C++: 19.00.23026.00
[2016.02.24-19.44.53:442][  0]LogInit: Build Configuration: Development
[2016.02.24-19.44.53:442][  0]LogInit: Branch Name: ++depot+UE4-Releases+4.10
[2016.02.24-19.44.53:442][  0]LogInit: Command line: -HTTP=WinInet
[2016.02.24-19.44.53:442][  0]LogInit: Base directory: D:/Epic Games/4.10/Engine/Binaries/Win64/
[2016.02.24-19.44.53:442][  0]LogInit: Rocket: 1
[2016.02.24-19.44.53:453][  0]LogInit: Presizing for 0 objects not considered by GC, pre-allocating 0 bytes.
[2016.02.24-19.44.53:459][  0]LogInit: Object subsystem initialized
[2016.02.24-19.44.53:460][  0]LogInit: Selected Device Profile: [Windows]
[2016.02.24-19.44.53:460][  0]LogInit: Applying CVar settings loaded from the selected device profile: [Windows]
[2016.02.24-19.44.53:481][  0]LogInit: Computer: DESKTOP-63HJ9HN
[2016.02.24-19.44.53:481][  0]LogInit: User: ShaunGoh
[2016.02.24-19.44.53:481][  0]LogInit: CPU Page size=4096, Cores=2
[2016.02.24-19.44.53:482][  0]LogInit: High frequency timer resolution =3.609378 MHz
[2016.02.24-19.44.53:482][  0]LogMemory: Memory total: Physical=7.9GB (8GB approx)
[2016.02.24-19.44.53:482][  0]LogMemory: Platform Memory Stats for Windows
[2016.02.24-19.44.53:482][  0]LogMemory: Process Physical Memory: 55.35 MB used, 55.35 MB peak
[2016.02.24-19.44.53:482][  0]LogMemory: Process Virtual Memory: 57.45 MB used, 57.45 MB peak
[2016.02.24-19.44.53:482][  0]LogMemory: Physical Memory: 4983.60 MB used, 8113.81 MB total
[2016.02.24-19.44.53:482][  0]LogMemory: Virtual Memory: 378.47 MB used, 134217728.00 MB total
[2016.02.24-19.44.53:526][  0]LogTextLocalizationManager: No specific translations for ('en-US') exist, so ('en') translations will be used.
[2016.02.24-19.44.54:055][  0]LogD3D11RHI: Found D3D11 adapter 0: Intel(R) HD Graphics 530 (Feature Level 11_0)
[2016.02.24-19.44.54:055][  0]LogD3D11RHI: Adapter has 128MB of dedicated video memory, 0MB of dedicated system memory, and 4056MB of shared system memory, 1 output[s]
[2016.02.24-19.44.54:056][  0]LogD3D11RHI: Found D3D11 adapter 1: Microsoft Basic Render Driver (Feature Level 11_0)
[2016.02.24-19.44.54:056][  0]LogD3D11RHI: Adapter has 0MB of dedicated video memory, 0MB of dedicated system memory, and 4056MB of shared system memory, 0 output[s]
[2016.02.24-19.44.54:056][  0]LogD3D11RHI: Chosen D3D11 Adapter Id = 0
[2016.02.24-19.44.54:064][  0]LogD3D11RHI: !Direct3DDevice
[2016.02.24-19.44.54:064][  0]LogRHI: Texture pool is 1361 MB (70% of 1945 MB)
[2016.02.24-19.44.54:070][  0]LogD3D11RHI: Async texture creation enabled
[2016.02.24-19.44.54:080][  0]LogShaderCompilers: Guid format shader working directory is -21 characters bigger than the processId version (../../../../../MMLS/TGD2251 - GAME PHYSICS/Assignment2/ThirdPersonPunch/Intermediate/Shaders/WorkingDirectory/508/).
[2016.02.24-19.44.54:080][  0]LogShaderCompilers: Cleaned the shader compiler working directory 'C:/Users/SHAUNG~1/AppData/Local/Temp/UnrealShaderWorkingDir/A459644649F91711EF4EBEB7D052ECDE/'.
[2016.02.24-19.44.54:080][  0]LogShaderCompilers:Display: Using Local Shader Compiler.
[2016.02.24-19.44.54:951][  0]LogTemp:Display: Loaded TP AllDesktopTargetPlatform
[2016.02.24-19.44.54:954][  0]LogTemp:Display: Loaded TP WindowsClientTargetPlatform
[2016.02.24-19.44.54:957][  0]LogTemp:Display: Loaded TP WindowsNoEditorTargetPlatform
[2016.02.24-19.44.54:963][  0]LogTemp:Display: Loaded TP WindowsServerTargetPlatform
[2016.02.24-19.44.54:967][  0]LogTemp:Display: Loaded TP WindowsTargetPlatform
[2016.02.24-19.44.54:969][  0]LogTemp:Display: Loaded TP AndroidTargetPlatform
[2016.02.24-19.44.54:976][  0]LogTemp:Display: Loaded TP Android_ASTCTargetPlatform
[2016.02.24-19.44.54:979][  0]LogTemp:Display: Loaded TP Android_ATCTargetPlatform
[2016.02.24-19.44.54:980][  0]LogTemp:Display: Loaded TP Android_DXTTargetPlatform
[2016.02.24-19.44.54:982][  0]LogTemp:Display: Loaded TP Android_ETC1TargetPlatform
[2016.02.24-19.44.54:984][  0]LogTemp:Display: Loaded TP Android_ETC2TargetPlatform
[2016.02.24-19.44.54:988][  0]LogTemp:Display: Loaded TP Android_MultiTargetPlatform
[2016.02.24-19.44.54:988][  0]LogTemp:Display: Loaded TP Android_PVRTCTargetPlatform
[2016.02.24-19.44.54:989][  0]LogTemp:Display: Loaded TP HTML5TargetPlatform
[2016.02.24-19.44.55:006][  0]LogTemp:Display: Loaded TP IOSTargetPlatform
[2016.02.24-19.44.55:009][  0]LogTemp:Display: Loaded TP LinuxNoEditorTargetPlatform
[2016.02.24-19.44.55:012][  0]LogTemp:Display: Loaded TP LinuxServerTargetPlatform
[2016.02.24-19.44.55:014][  0]LogTemp:Display: Loaded TP LinuxTargetPlatform
[2016.02.24-19.44.55:014][  0]LogTargetPlatformManager:Display: Building Assets For Windows
[2016.02.24-19.44.55:073][  0]LogDerivedDataCache:Display: Max Cache Size: 512 MB
[2016.02.24-19.44.55:129][  0]LogDerivedDataCache: Loaded boot cache 0.06s 41MB C:/Users/Shaun Goh/AppData/Local/UnrealEngine/4.10/DerivedDataCache/Boot.ddc.
[2016.02.24-19.44.55:129][  0]LogDerivedDataCache:Display: Loaded Boot cache: C:/Users/Shaun Goh/AppData/Local/UnrealEngine/4.10/DerivedDataCache/Boot.ddc
[2016.02.24-19.44.55:129][  0]LogDerivedDataCache: FDerivedDataBackendGraph:  Pak pak cache file ../../../../../MMLS/TGD2251 - GAME PHYSICS/Assignment2/ThirdPersonPunch/DerivedDataCache/DDC.ddp not found, will not use a pak cache.
[2016.02.24-19.44.55:129][  0]LogDerivedDataCache: Unable to find inner node Pak for hierarchical cache Hierarchy.
[2016.02.24-19.44.55:129][  0]LogDerivedDataCache: FDerivedDataBackendGraph:  CompressedPak pak cache file ../../../../../MMLS/TGD2251 - GAME PHYSICS/Assignment2/ThirdPersonPunch/DerivedDataCache/Compressed.ddp not found, will not use a pak cache.
[2016.02.24-19.44.55:129][  0]LogDerivedDataCache: Unable to find inner node CompressedPak for hierarchical cache Hierarchy.
[2016.02.24-19.44.55:190][  0]LogDerivedDataCache:Display: Pak cache opened for reading ../../../Engine/DerivedDataCache/Compressed.ddp.
[2016.02.24-19.44.55:202][  0]LogDerivedDataCache: Using Local data cache path C:/Users/Shaun Goh/AppData/Local/UnrealEngine/Common/DerivedDataCache: Writable
[2016.02.24-19.44.55:385][  0]LogInit: Selected Device Profile: [Windows]
[2016.02.24-19.44.55:387][  0]LogContentStreaming: Texture pool size is 0.000000MB
[2016.02.24-19.44.55:500][  0]LogMeshUtilities: No automatic mesh reduction module available
[2016.02.24-19.44.55:500][  0]LogMeshUtilities: No automatic mesh merging module available
[2016.02.24-19.44.55:767][  0]LogInit: WinSock: version 1.1 (2.2), MaxSocks=32767, MaxUdp=65467
[2016.02.24-19.44.56:506][  0]UdpMessaging: Initializing bridge on interface 0.0.0.0:0 to multicast group 230.0.0.1:6666.
[2016.02.24-19.44.56:598][  0]LogAssetRegistry: FAssetRegistry took 0.0113 seconds to start up
[2016.02.24-19.44.56:758][  0]SourceControl: Info Source control is disabled
[2016.02.24-19.44.56:806][  0]SourceControl: Info Source control is disabled
[2016.02.24-19.44.56:819][  0]SourceControl: Info Source control is disabled
[2016.02.24-19.44.56:828][  0]SourceControl: Info Source control is disabled
[2016.02.24-19.44.57:017][  0]LogObj: 28633 objects as part of root set at end of initial load.
[2016.02.24-19.44.57:017][  0]LogUObjectAllocator: 6099744 out of 0 bytes used by permanent object pool.
[2016.02.24-19.44.57:072][  0]LogEngine: Initializing Engine...
[2016.02.24-19.44.57:073][  0]LogHMD: Can't find Oculus library dev build: is proper Runtime installed? Version: 0.8.0.0
[2016.02.24-19.44.57:074][  0]LogHMD: SteamVR failed to initialize.  Err: 110
[2016.02.24-19.44.57:232][  0]LogAIModule: Creating AISystem for world NewWorld
[2016.02.24-19.44.57:237][  0]LogInit: XAudio2 using 'Speakers (2- High Definition Audio Device)' : 2 channels at 44.1 kHz using 16 bits per sample (channel mask 0x3)
[2016.02.24-19.44.57:249][  0]LogInit: FAudioDevice initialized.
[2016.02.24-19.44.57:284][  0]LogDerivedDataCache: Saved boot cache 0.04s 41MB C:/Users/Shaun Goh/AppData/Local/UnrealEngine/4.10/DerivedDataCache/Boot.ddc.
[2016.02.24-19.44.57:290][  0]LogInit: Texture streaming: Enabled
[2016.02.24-19.44.57:295][  0]LogAnalytics: Creating configured Analytics provider AnalyticsET
[2016.02.24-19.44.57:295][  0]LogAnalytics: [UEEditor.Rocket.Release] APIServer = http://et2.epicgames.com/ET2/. AppVersion = 4.10.2-2818068+++depot+UE4-Releases+4.10
[2016.02.24-19.44.57:295][  0]LogAnalytics: [UEEditor.Rocket.Release] SetUserId 7722ef384c4720144d202ca43fb8678d|30f4ab32c514423f9162b30ccdae0155|99934fa0-303e-4f28-b544-4cacd01c1c5b
[2016.02.24-19.44.57:296][  0]LogAnalytics: [UEEditor.Rocket.Release] AnalyticsET::StartSession
[2016.02.24-19.44.57:304][  0]LogInit: Transaction tracking system initialized
[2016.02.24-19.44.57:331][  0]BlueprintLog: New page: Editor Load
[2016.02.24-19.44.57:389][  0]LocalizationService: Info Localization service is disabled
[2016.02.24-19.44.57:456][  0]LogConsoleResponse:Display: 
[2016.02.24-19.44.57:597][  0]LogCook:Display: Done creating registry. It took  0.00s.
[2016.02.24-19.44.57:635][  0]LogFileCache: Scanning file cache for directory 'D:/MMLS/TGD2251 - GAME PHYSICS/Assignment2/ThirdPersonPunch/Content/' took 0.01s
[2016.02.24-19.44.57:635][  0]SourceControl: Info Source control is disabled
[2016.02.24-19.44.57:636][  0]Cmd: MAP LOAD FILE="../../../../../MMLS/TGD2251 - GAME PHYSICS/Assignment2/ThirdPersonPunch/Content/StarterContent/Maps/Minimal_Default.umap" TEMPLATE=0 SHOWPROGRESS=1 FEATURELEVEL=3
[2016.02.24-19.44.57:636][  0]LightingResults: New page: Lighting Build
[2016.02.24-19.44.57:638][  0]MapCheck: New page: Map Check
[2016.02.24-19.44.57:638][  0]LightingResults: New page: Lighting Build
[2016.02.24-19.44.57:655][  0]LogParticles: Destroying 0 GPU particle simulations for FXSystem 0x000000BA2A426AC0
[2016.02.24-19.44.58:142][  0]LogAIModule: Creating AISystem for world Minimal_Default
[2016.02.24-19.44.58:155][  0]LogEditorServer: Finished looking for orphan Actors (0.000 secs)
[2016.02.24-19.44.58:156][  0]Cmd: MAP CHECKDEP NOCLEARLOG
[2016.02.24-19.44.58:222][  0]MapCheck: Info Map check complete: 0 Error(s), 0 Warning(s), took 66.386ms to complete.
[2016.02.24-19.44.58:222][  0]LogFileHelpers: Loading map 'Minimal_Default' took 0.586
[2016.02.24-19.44.58:319][  0]LogCollectionManager: Loaded 0 collections in 0.000921 seconds
[2016.02.24-19.44.58:356][  0]LogFileCache: Scanning file cache for directory 'D:/MMLS/TGD2251 - GAME PHYSICS/Assignment2/ThirdPersonPunch/Saved/Collections/' took 0.01s
[2016.02.24-19.44.58:356][  0]LogFileCache: Scanning file cache for directory 'D:/MMLS/TGD2251 - GAME PHYSICS/Assignment2/ThirdPersonPunch/Content/Developers/ShaunGoh/Collections/' took 0.01s
[2016.02.24-19.44.58:356][  0]LogFileCache: Scanning file cache for directory 'D:/MMLS/TGD2251 - GAME PHYSICS/Assignment2/ThirdPersonPunch/Content/Collections/' took 0.01s
[2016.02.24-19.44.58:356][  0]LogCollectionManager: Rebuilt the GUID cache for 0 collections in 0.000001 seconds
[2016.02.24-19.44.58:363][  0]LogContentBrowser: Native class hierarchy populated in 0.0068 seconds. Added 1893 classes and 338 folders.
[2016.02.24-19.44.58:367][  0]LogContentBrowser: Native class hierarchy updated for 'WidgetCarousel' in 0.0003 seconds. Added 0 classes and 0 folders.
[2016.02.24-19.44.58:420][  0]LogContentBrowser: Native class hierarchy updated for 'AddContentDialog' in 0.0003 seconds. Added 0 classes and 0 folders.
[2016.02.24-19.44.58:423][  0]LogContentBrowser: Native class hierarchy updated for 'SceneOutliner' in 0.0003 seconds. Added 1 classes and 2 folders.
[2016.02.24-19.44.58:446][  0]LogCrashTracker: Crashtracker disabled due to settings.
[2016.02.24-19.44.58:450][  0]LogUObjectGlobals:Warning: Failed to find object 'Class None.'
[2016.02.24-19.44.58:476][  0]LogLoad: Full Startup: 5.48 seconds (BP compile: 0.10 seconds)
[2016.02.24-19.44.58:486][  0]LogOcInput: Can't find Oculus library dev build: is proper Runtime installed? Version: 0.8.0.0
[2016.02.24-19.44.58:590][  0]LogContentStreaming: Texture pool size now 200 MB
[2016.02.24-19.44.58:757][  0]LogRenderer: Reallocating scene render targets to support 1208x644 (Frame:2).
[2016.02.24-19.44.59:842][  4]LogAssetRegistry: Asset discovery search completed in 3.2547 seconds
[2016.02.24-19.44.59:842][  4]LogCollectionManager: Rebuilt the object cache for 0 collections in 0.000001 seconds (found 0 objects)
[2016.02.24-19.44.59:842][  4]LogCollectionManager: Fixed up redirectors for 0 collections in 0.000038 seconds (updated 0 objects)
[2016.02.24-19.49.45:994][898]LogLinker:Warning: Asset '../../../Engine/Content/ArtTools/RenderToTexture/Macros/RenderToTextureMacros.uasset' has been saved with empty engine version. The asset will be loaded but may be incompatible.
[2016.02.24-19.49.46:446][898]LogContentBrowser: Native class hierarchy updated for 'BlueprintGraph' in 0.0005 seconds. Added 107 classes and 0 folders.
[2016.02.24-19.57.20:248][767]LogActorComponent: UnregisterComponent: (/Engine/Transient.CharMoveComp) Not registered. Aborting.
[2016.02.24-19.57.20:313][767]LogFileHelpers: Editor autosave (incl. sublevels) for '/Game/StarterContent/Maps/Minimal_Default' took 0.064
[2016.02.24-19.57.20:316][767]OBJ SavePackage: Generating thumbnails for [1] asset(s) in package [/Game/Character/CharacterBP] ([1] browsable assets)...
[2016.02.24-19.57.20:333][767]OBJ SavePackage:     Rendered thumbnail for [Blueprint /Game/Character/CharacterBP.CharacterBP]
[2016.02.24-19.57.20:333][767]OBJ SavePackage: Finished generating thumbnails for package [/Game/Character/CharacterBP]
[2016.02.24-19.57.20:422][767]LogSavePackage: Save=76.865601ms
[2016.02.24-19.57.20:422][767]LogSavePackage: Moving '../../../../../MMLS/TGD2251 - GAME PHYSICS/Assignment2/ThirdPersonPunch/Saved/CharacterBP_Auto156ECE2824E51123F97F3C891D29ACE23.tmp' to '../../../../../MMLS/TGD2251 - GAME PHYSICS/Assignment2/ThirdPersonPunch/Saved/Autosaves/Game/Character/CharacterBP_Auto1.uasset'
[2016.02.24-19.57.20:423][767]LogSavePackage: Total save time: 88.351786ms
[2016.02.24-19.57.20:423][767]LogSavePackage:Display: Finished SavePackage ../../../../../MMLS/TGD2251 - GAME PHYSICS/Assignment2/ThirdPersonPunch/Saved/Autosaves/Game/Character/CharacterBP_Auto1.uasset
[2016.02.24-19.57.20:423][767]LogFileHelpers: Auto-saving content packages took 0.110
[2016.02.24-19.58.33:078][ 87]LogActorComponent: UnregisterComponent: (/Engine/Transient.CharMoveComp) Not registered. Aborting.
[2016.02.24-19.58.34:066][104]LogActorComponent: UnregisterComponent: (/Engine/Transient.CharacterMovementComponent_0) Not registered. Aborting.
[2016.02.24-19.58.34:805][118]LogActorComponent: UnregisterComponent: (/Engine/Transient.CharacterMovementComponent_1) Not registered. Aborting.
[2016.02.24-19.58.35:837][137]LogActorComponent: UnregisterComponent: (/Engine/Transient.CharacterMovementComponent_2) Not registered. Aborting.
[2016.02.24-19.58.39:559][205]LogActorComponent: UnregisterComponent: (/Engine/Transient.CharacterMovementComponent_3) Not registered. Aborting.
[2016.02.24-19.58.40:592][224]LogActorComponent: UnregisterComponent: (/Engine/Transient.CharacterMovementComponent_4) Not registered. Aborting.
[2016.02.24-20.00.16:520][213]LogActorComponent: UnregisterComponent: (/Engine/Transient.CharacterMovementComponent_5) Not registered. Aborting.
[2016.02.24-20.00.24:083][297]BlueprintLog: New page: Compile CharacterBP
[2016.02.24-20.00.24:406][297]LogActorComponent: UnregisterComponent: (/Engine/Transient.CharacterMovementComponent_6) Not registered. Aborting.
[2016.02.24-20.00.24:651][297]BlueprintEditorCompileResults: Info [0931.66] Compile of CharacterBP successful! [in 567 ms]
[2016.02.24-20.00.25:609][312]Cmd: OBJ SAVEPACKAGE PACKAGE="/Game/Character/CharacterBP" FILE="../../../../../MMLS/TGD2251 - GAME PHYSICS/Assignment2/ThirdPersonPunch/Content/Character/CharacterBP.uasset" SILENT=true
[2016.02.24-20.00.25:960][312]LogSavePackage: Save=316.748199ms
[2016.02.24-20.00.25:960][312]LogSavePackage: Moving '../../../../../MMLS/TGD2251 - GAME PHYSICS/Assignment2/ThirdPersonPunch/Saved/CharacterBP897F6F7940156684D47893B7EC8C2DC8.tmp' to '../../../../../MMLS/TGD2251 - GAME PHYSICS/Assignment2/ThirdPersonPunch/Content/Character/CharacterBP.uasset'
[2016.02.24-20.00.25:981][312]LogSavePackage: Total save time: 339.799546ms
[2016.02.24-20.00.25:981][312]LogSavePackage:Display: Finished SavePackage ../../../../../MMLS/TGD2251 - GAME PHYSICS/Assignment2/ThirdPersonPunch/Content/Character/CharacterBP.uasset
[2016.02.24-20.00.45:165][668]LogSkeletalMesh: InitArticulated: Bodies already created (/Engine/Transient.DebugSkelMeshComponent_0) - call TermArticulated first.
[2016.02.24-20.12.21:239][588]LogEditorTransaction: Undo Delete current selection
[2016.02.24-20.12.37:430][734]LogEditorTransaction: Undo Add Node
[2016.02.24-20.13.39:106][535]LogActorComponent: UnregisterComponent: (/Engine/Transient.CharMoveComp) Not registered. Aborting.
[2016.02.24-20.13.39:457][535]LogSavePackage: Save=223.775681ms
[2016.02.24-20.13.39:457][535]LogSavePackage: Moving '../../../../../MMLS/TGD2251 - GAME PHYSICS/Assignment2/ThirdPersonPunch/Saved/Minimal_Default_Auto205B2932141C0EA09B456D59547FF19B4.tmp' to '../../../../../MMLS/TGD2251 - GAME PHYSICS/Assignment2/ThirdPersonPunch/Saved/Autosaves/Game/StarterContent/Maps/Minimal_Default_Auto2.umap'
[2016.02.24-20.13.39:458][535]LogSavePackage: Total save time: 232.914090ms
[2016.02.24-20.13.39:458][535]LogSavePackage:Display: Finished SavePackage ../../../../../MMLS/TGD2251 - GAME PHYSICS/Assignment2/ThirdPersonPunch/Saved/Autosaves/Game/StarterContent/Maps/Minimal_Default_Auto2.umap
[2016.02.24-20.13.39:460][535]LogFileHelpers: Editor autosave (incl. sublevels) for '/Game/StarterContent/Maps/Minimal_Default' took 0.354
[2016.02.24-20.13.39:460][535]LogFileHelpers: Editor autosave (incl. sublevels) for all levels took 0.354
[2016.02.24-20.13.39:468][535]OBJ SavePackage: Generating thumbnails for [1] asset(s) in package [/Game/Character/Animation/NewAnimBlueprint] ([1] browsable assets)...
[2016.02.24-20.13.39:493][535]OBJ SavePackage:     Rendered thumbnail for [AnimBlueprint /Game/Character/Animation/NewAnimBlueprint.NewAnimBlueprint]
[2016.02.24-20.13.39:493][535]OBJ SavePackage: Finished generating thumbnails for package [/Game/Character/Animation/NewAnimBlueprint]
[2016.02.24-20.13.39:635][535]LogSavePackage: Save=130.896790ms
[2016.02.24-20.13.39:635][535]LogSavePackage: Moving '../../../../../MMLS/TGD2251 - GAME PHYSICS/Assignment2/ThirdPersonPunch/Saved/NewAnimBlueprint_Auto2A97B147A4A795C0DE47D8483F4E73473.tmp' to '../../../../../MMLS/TGD2251 - GAME PHYSICS/Assignment2/ThirdPersonPunch/Saved/Autosaves/Game/Character/Animation/NewAnimBlueprint_Auto2.uasset'
[2016.02.24-20.13.39:636][535]LogSavePackage: Total save time: 142.896090ms
[2016.02.24-20.13.39:636][535]LogSavePackage:Display: Finished SavePackage ../../../../../MMLS/TGD2251 - GAME PHYSICS/Assignment2/ThirdPersonPunch/Saved/Autosaves/Game/Character/Animation/NewAnimBlueprint_Auto2.uasset
[2016.02.24-20.13.39:636][535]LogFileHelpers: Auto-saving content packages took 0.175
[2016.02.24-20.22.14:071][407]LogSavePackage: Save=147.269974ms
[2016.02.24-20.22.14:075][407]LogSavePackage: Moving '../../../../../MMLS/TGD2251 - GAME PHYSICS/Assignment2/ThirdPersonPunch/Saved/SK_Mannequin_Skeleton51CE2619497956CDA690E69590902A79.tmp' to '../../../../../MMLS/TGD2251 - GAME PHYSICS/Assignment2/ThirdPersonPunch/Content/Character/SK_Mannequin_Skeleton.uasset'
[2016.02.24-20.22.14:079][407]LogSavePackage: Total save time: 263.526846ms
[2016.02.24-20.22.14:079][407]LogSavePackage:Display: Finished SavePackage ../../../../../MMLS/TGD2251 - GAME PHYSICS/Assignment2/ThirdPersonPunch/Content/Character/SK_Mannequin_Skeleton.uasset
[2016.02.24-20.22.32:327][566]LogBlueprintUserMessages: Early PlayInEditor Detection: Level '/Game/StarterContent/Maps/Minimal_Default.Minimal_Default:PersistentLevel' has LevelScriptBlueprint '/Game/StarterContent/Maps/Minimal_Default.Minimal_Default:PersistentLevel.Minimal_Default' with GeneratedClass '/Game/StarterContent/Maps/Minimal_Default.Minimal_Default_C' with ClassGeneratedBy '/Game/StarterContent/Maps/Minimal_Default.Minimal_Default:PersistentLevel.Minimal_Default'
[2016.02.24-20.22.32:328][566]BlueprintLog: New page: Pre-Play auto-recompile
[2016.02.24-20.22.32:357][566]LogPlayLevel: [PlayLevel] Compiling NewAnimBlueprint before play...
[2016.02.24-20.22.32:872][566]LogPlayLevel: PlayLevel: Blueprint regeneration took 544 ms (1 blueprints)
[2016.02.24-20.22.33:013][566]PIE: New page: PIE session: Minimal_Default (Feb 25, 2016, 12:22:33 PM)
[2016.02.24-20.22.33:014][566]LogPlayLevel: Creating play world package: /Game/StarterContent/Maps/UEDPIE_0_Minimal_Default
[2016.02.24-20.22.33:043][566]LogPlayLevel: PIE: StaticDuplicateObject took: (0.029175s)
[2016.02.24-20.22.33:044][566]LogAIModule: Creating AISystem for world Minimal_Default
[2016.02.24-20.22.33:044][566]LogPlayLevel: PIE: World Init took: (0.001455s)
[2016.02.24-20.22.33:045][566]LogPlayLevel: PIE: Created PIE world by copying editor world from /Game/StarterContent/Maps/Minimal_Default.Minimal_Default to /Game/StarterContent/Maps/UEDPIE_0_Minimal_Default.Minimal_Default (0.031100s)
[2016.02.24-20.22.33:216][566]LogInit: XAudio2 using 'Speakers (2- High Definition Audio Device)' : 2 channels at 44.1 kHz using 16 bits per sample (channel mask 0x3)
[2016.02.24-20.22.33:228][566]LogInit: FAudioDevice initialized.
[2016.02.24-20.22.33:390][566]LogWorld: Game class is 'MyGame_C'
[2016.02.24-20.22.33:407][566]LogWorld: Bringing World /Game/StarterContent/Maps/UEDPIE_0_Minimal_Default.Minimal_Default up for play (max tick rate 0) at 2016.02.25-04.22.33
[2016.02.24-20.22.33:407][566]LogActor:Warning: GameSession /Game/StarterContent/Maps/UEDPIE_0_Minimal_Default.Minimal_Default:PersistentLevel.GameSession_0 has natively added scene component(s), but none of them were set as the actor's RootComponent - picking one arbitrarily
[2016.02.24-20.22.33:407][566]LogActor:Warning: GameNetworkManager /Game/StarterContent/Maps/UEDPIE_0_Minimal_Default.Minimal_Default:PersistentLevel.GameNetworkManager_0 has natively added scene component(s), but none of them were set as the actor's RootComponent - picking one arbitrarily
[2016.02.24-20.22.33:408][566]LogWorld: Bringing up level for play took: 0.014267
[2016.02.24-20.22.33:410][566]PIE: Info Play in editor start time for /Game/StarterContent/Maps/UEDPIE_0_Minimal_Default 0.278
[2016.02.24-20.22.33:410][566]LogBlueprintUserMessages: Late PlayInEditor Detection: Level '/Game/StarterContent/Maps/Minimal_Default.Minimal_Default:PersistentLevel' has LevelScriptBlueprint '/Game/StarterContent/Maps/Minimal_Default.Minimal_Default:PersistentLevel.Minimal_Default' with GeneratedClass '/Game/StarterContent/Maps/Minimal_Default.Minimal_Default_C' with ClassGeneratedBy '/Game/StarterContent/Maps/Minimal_Default.Minimal_Default:PersistentLevel.Minimal_Default'
[2016.02.24-20.23.08:677][ 10]LogBlueprintUserMessages: Early EndPlayMap Detection: Level '/Game/StarterContent/Maps/Minimal_Default.Minimal_Default:PersistentLevel' has LevelScriptBlueprint '/Game/StarterContent/Maps/Minimal_Default.Minimal_Default:PersistentLevel.Minimal_Default' with GeneratedClass '/Game/StarterContent/Maps/Minimal_Default.Minimal_Default_C' with ClassGeneratedBy '/Game/StarterContent/Maps/Minimal_Default.Minimal_Default:PersistentLevel.Minimal_Default'
[2016.02.24-20.23.08:746][ 10]LogBlueprintUserMessages: Late EndPlayMap Detection: Level '/Game/StarterContent/Maps/Minimal_Default.Minimal_Default:PersistentLevel' has LevelScriptBlueprint '/Game/StarterContent/Maps/Minimal_Defa