[2016.02.25-01.12.28:569][  0]Log file open, 02/25/16 09:12:28
[2016.02.25-01.12.28:569][  0]LogInit:Display: Running engine for game: ThirdPersonPunch
[2016.02.25-01.12.28:569][  0]LogPlatformFile: Not using cached read wrapper
[2016.02.25-01.12.28:569][  0]LogInit:Display: RandInit(-1776837639) SRandInit(-1776837637).
[2016.02.25-01.12.28:569][  0]LogTaskGraph: Started task graph with 4 named threads and 5 total threads.
[2016.02.25-01.12.28:569][  0]LogStats: Stats thread started at 0.066709
[2016.02.25-01.12.28:569][  0]LogInit: Version: 4.10.2-2818068+++depot+UE4-Releases+4.10
[2016.02.25-01.12.28:569][  0]LogInit: API Version: 2758231
[2016.02.25-01.12.28:569][  0]LogInit: Compiled (64-bit): Jan  6 2016 17:36:42
[2016.02.25-01.12.28:569][  0]LogInit: Compiled with Visual C++: 19.00.23026.00
[2016.02.25-01.12.28:569][  0]LogInit: Build Configuration: Development
[2016.02.25-01.12.28:569][  0]LogInit: Branch Name: ++depot+UE4-Releases+4.10
[2016.02.25-01.12.28:569][  0]LogInit: Command line: -HTTP=WinInet
[2016.02.25-01.12.28:569][  0]LogInit: Base directory: D:/Epic Games/4.10/Engine/Binaries/Win64/
[2016.02.25-01.12.28:569][  0]LogInit: Rocket: 1
[2016.02.25-01.12.28:583][  0]LogInit: Presizing for 0 objects not considered by GC, pre-allocating 0 bytes.
[2016.02.25-01.12.28:588][  0]LogInit: Object subsystem initialized
[2016.02.25-01.12.28:588][  0]LogInit: Selected Device Profile: [Windows]
[2016.02.25-01.12.28:589][  0]LogInit: Applying CVar settings loaded from the selected device profile: [Windows]
[2016.02.25-01.12.28:602][  0]LogInit: Computer: DESKTOP-63HJ9HN
[2016.02.25-01.12.28:602][  0]LogInit: User: ShaunGoh
[2016.02.25-01.12.28:602][  0]LogInit: CPU Page size=4096, Cores=2
[2016.02.25-01.12.28:602][  0]LogInit: High frequency timer resolution =3.609370 MHz
[2016.02.25-01.12.28:602][  0]LogMemory: Memory total: Physical=7.9GB (8GB approx)
[2016.02.25-01.12.28:602][  0]LogMemory: Platform Memory Stats for Windows
[2016.02.25-01.12.28:602][  0]LogMemory: Process Physical Memory: 55.68 MB used, 55.68 MB peak
[2016.02.25-01.12.28:602][  0]LogMemory: Process Virtual Memory: 57.59 MB used, 57.59 MB peak
[2016.02.25-01.12.28:602][  0]LogMemory: Physical Memory: 4403.21 MB used, 8113.81 MB total
[2016.02.25-01.12.28:602][  0]LogMemory: Virtual Memory: 378.47 MB used, 134217728.00 MB total
[2016.02.25-01.12.28:637][  0]LogTextLocalizationManager: No specific translations for ('en-US') exist, so ('en') translations will be used.
[2016.02.25-01.12.29:069][  0]LogD3D11RHI: Found D3D11 adapter 0: Intel(R) HD Graphics 530 (Feature Level 11_0)
[2016.02.25-01.12.29:069][  0]LogD3D11RHI: Adapter has 128MB of dedicated video memory, 0MB of dedicated system memory, and 4056MB of shared system memory, 1 output[s]
[2016.02.25-01.12.29:070][  0]LogD3D11RHI: Found D3D11 adapter 1: Microsoft Basic Render Driver (Feature Level 11_0)
[2016.02.25-01.12.29:070][  0]LogD3D11RHI: Adapter has 0MB of dedicated video memory, 0MB of dedicated system memory, and 4056MB of shared system memory, 0 output[s]
[2016.02.25-01.12.29:070][  0]LogD3D11RHI: Chosen D3D11 Adapter Id = 0
[2016.02.25-01.12.29:073][  0]LogD3D11RHI: !Direct3DDevice
[2016.02.25-01.12.29:073][  0]LogRHI: Texture pool is 1361 MB (70% of 1945 MB)
[2016.02.25-01.12.29:079][  0]LogD3D11RHI: Async texture creation enabled
[2016.02.25-01.12.29:082][  0]LogShaderCompilers: Guid format shader working directory is -21 characters bigger than the processId version (../../../../../MMLS/TGD2251 - GAME PHYSICS/Assignment2/ThirdPersonPunch/Intermediate/Shaders/WorkingDirectory/168/).
[2016.02.25-01.12.29:083][  0]LogShaderCompilers: Cleaned the shader compiler working directory 'C:/Users/SHAUNG~1/AppData/Local/Temp/UnrealShaderWorkingDir/E82F06B449BD8270492D7896978DA291/'.
[2016.02.25-01.12.29:083][  0]LogShaderCompilers:Display: Using Local Shader Compiler.
[2016.02.25-01.12.29:810][  0]LogTemp:Display: Loaded TP AllDesktopTargetPlatform
[2016.02.25-01.12.29:813][  0]LogTemp:Display: Loaded TP WindowsClientTargetPlatform
[2016.02.25-01.12.29:816][  0]LogTemp:Display: Loaded TP WindowsNoEditorTargetPlatform
[2016.02.25-01.12.29:818][  0]LogTemp:Display: Loaded TP WindowsServerTargetPlatform
[2016.02.25-01.12.29:821][  0]LogTemp:Display: Loaded TP WindowsTargetPlatform
[2016.02.25-01.12.29:824][  0]LogTemp:Display: Loaded TP AndroidTargetPlatform
[2016.02.25-01.12.29:826][  0]LogTemp:Display: Loaded TP Android_ASTCTargetPlatform
[2016.02.25-01.12.29:831][  0]LogTemp:Display: Loaded TP Android_ATCTargetPlatform
[2016.02.25-01.12.29:833][  0]LogTemp:Display: Loaded TP Android_DXTTargetPlatform
[2016.02.25-01.12.29:834][  0]LogTemp:Display: Loaded TP Android_ETC1TargetPlatform
[2016.02.25-01.12.29:836][  0]LogTemp:Display: Loaded TP Android_ETC2TargetPlatform
[2016.02.25-01.12.29:840][  0]LogTemp:Display: Loaded TP Android_MultiTargetPlatform
[2016.02.25-01.12.29:840][  0]LogTemp:Display: Loaded TP Android_PVRTCTargetPlatform
[2016.02.25-01.12.29:841][  0]LogTemp:Display: Loaded TP HTML5TargetPlatform
[2016.02.25-01.12.29:857][  0]LogTemp:Display: Loaded TP IOSTargetPlatform
[2016.02.25-01.12.29:859][  0]LogTemp:Display: Loaded TP LinuxNoEditorTargetPlatform
[2016.02.25-01.12.29:864][  0]LogTemp:Display: Loaded TP LinuxServerTargetPlatform
[2016.02.25-01.12.29:867][  0]LogTemp:Display: Loaded TP LinuxTargetPlatform
[2016.02.25-01.12.29:867][  0]LogTargetPlatformManager:Display: Building Assets For Windows
[2016.02.25-01.12.29:914][  0]LogDerivedDataCache:Display: Max Cache Size: 512 MB
[2016.02.25-01.12.29:960][  0]LogDerivedDataCache: Loaded boot cache 0.05s 41MB C:/Users/Shaun Goh/AppData/Local/UnrealEngine/4.10/DerivedDataCache/Boot.ddc.
[2016.02.25-01.12.29:960][  0]LogDerivedDataCache:Display: Loaded Boot cache: C:/Users/Shaun Goh/AppData/Local/UnrealEngine/4.10/DerivedDataCache/Boot.ddc
[2016.02.25-01.12.29:961][  0]LogDerivedDataCache: FDerivedDataBackendGraph:  Pak pak cache file ../../../../../MMLS/TGD2251 - GAME PHYSICS/Assignment2/ThirdPersonPunch/DerivedDataCache/DDC.ddp not found, will not use a pak cache.
[2016.02.25-01.12.29:961][  0]LogDerivedDataCache: Unable to find inner node Pak for hierarchical cache Hierarchy.
[2016.02.25-01.12.29:961][  0]LogDerivedDataCache: FDerivedDataBackendGraph:  CompressedPak pak cache file ../../../../../MMLS/TGD2251 - GAME PHYSICS/Assignment2/ThirdPersonPunch/DerivedDataCache/Compressed.ddp not found, will not use a pak cache.
[2016.02.25-01.12.29:961][  0]LogDerivedDataCache: Unable to find inner node CompressedPak for hierarchical cache Hierarchy.
[2016.02.25-01.12.30:012][  0]LogDerivedDataCache:Display: Pak cache opened for reading ../../../Engine/DerivedDataCache/Compressed.ddp.
[2016.02.25-01.12.30:023][  0]LogDerivedDataCache: Using Local data cache path C:/Users/Shaun Goh/AppData/Local/UnrealEngine/Common/DerivedDataCache: Writable
[2016.02.25-01.12.30:184][  0]LogInit: Selected Device Profile: [Windows]
[2016.02.25-01.12.30:186][  0]LogContentStreaming: Texture pool size is 0.000000MB
[2016.02.25-01.12.30:283][  0]LogMeshUtilities: No automatic mesh reduction module available
[2016.02.25-01.12.30:283][  0]LogMeshUtilities: No automatic mesh merging module available
[2016.02.25-01.12.30:500][  0]LogInit: WinSock: version 1.1 (2.2), MaxSocks=32767, MaxUdp=65467
[2016.02.25-01.12.31:105][  0]UdpMessaging: Initializing bridge on interface 0.0.0.0:0 to multicast group 230.0.0.1:6666.
[2016.02.25-01.12.31:193][  0]LogAssetRegistry: FAssetRegistry took 0.0115 seconds to start up
[2016.02.25-01.12.31:340][  0]SourceControl: Info Source control is disabled
[2016.02.25-01.12.31:374][  0]SourceControl: Info Source control is disabled
[2016.02.25-01.12.31:381][  0]SourceControl: Info Source control is disabled
[2016.02.25-01.12.31:389][  0]SourceControl: Info Source control is disabled
[2016.02.25-01.12.31:532][  0]LogObj: 28633 objects as part of root set at end of initial load.
[2016.02.25-01.12.31:532][  0]LogUObjectAllocator: 6099744 out of 0 bytes used by permanent object pool.
[2016.02.25-01.12.31:580][  0]LogEngine: Initializing Engine...
[2016.02.25-01.12.31:581][  0]LogHMD: Can't find Oculus library dev build: is proper Runtime installed? Version: 0.8.0.0
[2016.02.25-01.12.31:582][  0]LogHMD: SteamVR failed to initialize.  Err: 110
[2016.02.25-01.12.31:702][  0]LogAIModule: Creating AISystem for world NewWorld
[2016.02.25-01.12.31:706][  0]LogInit: XAudio2 using 'Speakers (2- High Definition Audio Device)' : 2 channels at 44.1 kHz using 16 bits per sample (channel mask 0x3)
[2016.02.25-01.12.31:713][  0]LogInit: FAudioDevice initialized.
[2016.02.25-01.12.31:737][  0]LogDerivedDataCache: Saved boot cache 0.02s 41MB C:/Users/Shaun Goh/AppData/Local/UnrealEngine/4.10/DerivedDataCache/Boot.ddc.
[2016.02.25-01.12.31:742][  0]LogInit: Texture streaming: Enabled
[2016.02.25-01.12.31:747][  0]LogAnalytics: Creating configured Analytics provider AnalyticsET
[2016.02.25-01.12.31:747][  0]LogAnalytics: [UEEditor.Rocket.Release] APIServer = http://et2.epicgames.com/ET2/. AppVersion = 4.10.2-2818068+++depot+UE4-Releases+4.10
[2016.02.25-01.12.31:747][  0]LogAnalytics: [UEEditor.Rocket.Release] SetUserId 7722ef384c4720144d202ca43fb8678d|30f4ab32c514423f9162b30ccdae0155|99934fa0-303e-4f28-b544-4cacd01c1c5b
[2016.02.25-01.12.31:747][  0]LogAnalytics: [UEEditor.Rocket.Release] AnalyticsET::StartSession
[2016.02.25-01.12.31:754][  0]LogInit: Transaction tracking system initialized
[2016.02.25-01.12.31:774][  0]BlueprintLog: New page: Editor Load
[2016.02.25-01.12.31:831][  0]LocalizationService: Info Localization service is disabled
[2016.02.25-01.12.31:881][  0]LogConsoleResponse:Display: 
[2016.02.25-01.12.32:001][  0]LogCook:Display: Done creating registry. It took  0.00s.
[2016.02.25-01.12.32:031][  0]LogFileCache: Scanning file cache for directory 'D:/MMLS/TGD2251 - GAME PHYSICS/Assignment2/ThirdPersonPunch/Content/' took 0.01s
[2016.02.25-01.12.32:031][  0]SourceControl: Info Source control is disabled
[2016.02.25-01.12.32:032][  0]Cmd: MAP LOAD FILE="../../../../../MMLS/TGD2251 - GAME PHYSICS/Assignment2/ThirdPersonPunch/Content/StarterContent/Maps/Minimal_Default.umap" TEMPLATE=0 SHOWPROGRESS=1 FEATURELEVEL=3
[2016.02.25-01.12.32:034][  0]LightingResults: New page: Lighting Build
[2016.02.25-01.12.32:035][  0]MapCheck: New page: Map Check
[2016.02.25-01.12.32:035][  0]LightingResults: New page: Lighting Build
[2016.02.25-01.12.32:050][  0]LogParticles: Destroying 0 GPU particle simulations for FXSystem 0x00000052C1076AC0
[2016.02.25-01.12.32:494][  0]LogAIModule: Creating AISystem for world Minimal_Default
[2016.02.25-01.12.32:507][  0]LogEditorServer: Finished looking for orphan Actors (0.000 secs)
[2016.02.25-01.12.32:507][  0]Cmd: MAP CHECKDEP NOCLEARLOG
[2016.02.25-01.12.32:570][  0]MapCheck: Info Map check complete: 0 Error(s), 0 Warning(s), took 62.911ms to complete.
[2016.02.25-01.12.32:570][  0]LogFileHelpers: Loading map 'Minimal_Default' took 0.539
[2016.02.25-01.12.32:659][  0]LogCollectionManager: Loaded 0 collections in 0.001035 seconds
[2016.02.25-01.12.32:696][  0]LogFileCache: Scanning file cache for directory 'D:/MMLS/TGD2251 - GAME PHYSICS/Assignment2/ThirdPersonPunch/Saved/Collections/' took 0.01s
[2016.02.25-01.12.32:696][  0]LogFileCache: Scanning file cache for directory 'D:/MMLS/TGD2251 - GAME PHYSICS/Assignment2/ThirdPersonPunch/Content/Developers/ShaunGoh/Collections/' took 0.01s
[2016.02.25-01.12.32:696][  0]LogFileCache: Scanning file cache for directory 'D:/MMLS/TGD2251 - GAME PHYSICS/Assignment2/ThirdPersonPunch/Content/Collections/' took 0.01s
[2016.02.25-01.12.32:696][  0]LogCollectionManager: Rebuilt the GUID cache for 0 collections in 0.000001 seconds
[2016.02.25-01.12.32:704][  0]LogContentBrowser: Native class hierarchy populated in 0.0085 seconds. Added 1893 classes and 338 folders.
[2016.02.25-01.12.32:708][  0]LogContentBrowser: Native class hierarchy updated for 'WidgetCarousel' in 0.0002 seconds. Added 0 classes and 0 folders.
[2016.02.25-01.12.32:739][  0]LogContentBrowser: Native class hierarchy updated for 'AddContentDialog' in 0.0003 seconds. Added 0 classes and 0 folders.
[2016.02.25-01.12.32:741][  0]LogContentBrowser: Native class hierarchy updated for 'SceneOutliner' in 0.0003 seconds. Added 1 classes and 2 folders.
[2016.02.25-01.12.32:758][  0]LogCrashTracker: Crashtracker disabled due to settings.
[2016.02.25-01.12.32:761][  0]LogUObjectGlobals:Warning: Failed to find object 'Class None.'
[2016.02.25-01.12.32:792][  0]LogLoad: Full Startup: 4.58 seconds (BP compile: 0.08 seconds)
[2016.02.25-01.12.32:806][  0]LogOcInput: Can't find Oculus library dev build: is proper Runtime installed? Version: 0.8.0.0
[2016.02.25-01.12.32:876][  0]LogContentStreaming: Texture pool size now 200 MB
[2016.02.25-01.12.32:999][  0]LogRenderer: Reallocating scene render targets to support 1208x644 (Frame:2).
[2016.02.25-01.12.34:096][  4]LogAssetRegistry: Asset discovery search completed in 2.9142 seconds
[2016.02.25-01.12.34:096][  4]LogCollectionManager: Rebuilt the object cache for 0 collections in 0.000001 seconds (found 0 objects)
[2016.02.25-01.12.34:096][  4]LogCollectionManager: Fixed up redirectors for 0 collections in 0.000020 seconds (updated 0 objects)
[2016.02.25-01.12.36:250][ 58]LogBlueprintUserMessages: Early PlayInEditor Detection: Level '/Game/StarterContent/Maps/Minimal_Default.Minimal_Default:PersistentLevel' has LevelScriptBlueprint '/Game/StarterContent/Maps/Minimal_Default.Minimal_Default:PersistentLevel.Minimal_Default' with GeneratedClass '/Game/StarterContent/Maps/Minimal_Default.Minimal_Default_C' with ClassGeneratedBy '/Game/StarterContent/Maps/Minimal_Default.Minimal_Default:PersistentLevel.Minimal_Default'
[2016.02.25-01.12.36:250][ 58]LogPlayLevel: PlayLevel: No blueprints needed recompiling
[2016.02.25-01.12.36:250][ 58]PIE: New page: PIE session: Minimal_Default (Feb 25, 2016, 5:12:36 PM)
[2016.02.25-01.12.36:250][ 58]LogPlayLevel: Creating play world package: /Game/StarterContent/Maps/UEDPIE_0_Minimal_Default
[2016.02.25-01.12.36:269][ 58]LogPlayLevel: PIE: StaticDuplicateObject took: (0.018893s)
[2016.02.25-01.12.36:271][ 58]LogAIModule: Creating AISystem for world Minimal_Default
[2016.02.25-01.12.36:271][ 58]LogPlayLevel: PIE: World Init took: (0.001777s)
[2016.02.25-01.12.36:271][ 58]LogPlayLevel: PIE: Created PIE world by copying editor world from /Game/StarterContent/Maps/Minimal_Default.Minimal_Default to /Game/StarterContent/Maps/UEDPIE_0_Minimal_Default.Minimal_Default (0.021092s)
[2016.02.25-01.12.36:272][ 58]LogActorComponent: UnregisterComponent: (/Engine/Transient.CharMoveComp) Not registered. Aborting.
[2016.02.25-01.12.36:312][ 58]LogInit: XAudio2 using 'Speakers (2- High Definition Audio Device)' : 2 channels at 44.1 kHz using 16 bits per sample (channel mask 0x3)
[2016.02.25-01.12.36:317][ 58]LogInit: FAudioDevice initialized.
[2016.02.25-01.12.36:365][ 58]LogWorld: Game class is 'MyGame_C'
[2016.02.25-01.12.36:367][ 58]LogWorld: Bringing World /Game/StarterContent/Maps/UEDPIE_0_Minimal_Default.Minimal_Default up for play (max tick rate 0) at 2016.02.25-09.12.36
[2016.02.25-01.12.36:367][ 58]LogActor:Warning: GameSession /Game/StarterContent/Maps/UEDPIE_0_Minimal_Default.Minimal_Default:PersistentLevel.GameSession_0 has natively added scene component(s), but none of them were set as the actor's RootComponent - picking one arbitrarily
[2016.02.25-01.12.36:368][ 58]LogActor:Warning: GameNetworkManager /Game/StarterContent/Maps/UEDPIE_0_Minimal_Default.Minimal_Default:PersistentLevel.GameNetworkManager_0 has natively added scene component(s), but none of them were set as the actor's RootComponent - picking one arbitrarily
[2016.02.25-01.12.36:368][ 58]LogWorld: Bringing up level for play took: 0.002539
[2016.02.25-01.12.36:369][ 58]PIE: Info Play in editor start time for /Game/StarterContent/Maps/UEDPIE_0_Minimal_Default -0.779
[2016.02.25-01.12.36:369][ 58]LogBlueprintUserMessages: Late PlayInEditor Detection: Level '/Game/StarterContent/Maps/Minimal_Default.Minimal_Default:PersistentLevel' has LevelScriptBlueprint '/Game/StarterContent/Maps/Minimal_Default.Minimal_Default:PersistentLevel.Minimal_Default' with GeneratedClass '/Game/StarterContent/Maps/Minimal_Default.Mi