Log file open, 02/25/16 09:41:20
LogInit:Display: Running engine for game: ThirdPersonPunch
LogPlatformFile: Not using cached read wrapper
LogInit:Display: RandInit(1198275206) SRandInit(1198275208).
LogTaskGraph: Started task graph with 4 named threads and 5 total threads.
LogStats: Stats thread started at 0.697669
LogConfig:Warning: Failed to saved backup for config[Game]
LogConfig:Warning: Failed to saved backup for config[Editor]
[2016.02.25-01.41.21:231][  0]LogInit: Version: 4.10.2-2818068+++depot+UE4-Releases+4.10
[2016.02.25-01.41.21:231][  0]LogInit: API Version: 2758231
[2016.02.25-01.41.21:231][  0]LogInit: Compiled (64-bit): Jan  6 2016 17:36:42
[2016.02.25-01.41.21:231][  0]LogInit: Compiled with Visual C++: 19.00.23026.00
[2016.02.25-01.41.21:231][  0]LogInit: Build Configuration: Development
[2016.02.25-01.41.21:231][  0]LogInit: Branch Name: ++depot+UE4-Releases+4.10
[2016.02.25-01.41.21:231][  0]LogInit: Command line:  
[2016.02.25-01.41.21:231][  0]LogInit: Base directory: C:/Program Files (x86)/Epic Games/4.10/Engine/Binaries/Win64/
[2016.02.25-01.41.21:231][  0]LogInit: Rocket: 1
[2016.02.25-01.41.21:282][  0]LogInit: Using libcurl 7.41.0
[2016.02.25-01.41.21:282][  0]LogInit:  - built for x86_64-pc-win32
[2016.02.25-01.41.21:282][  0]LogInit:  - supports SSL with WinSSL
[2016.02.25-01.41.21:282][  0]LogInit:  - other features:
[2016.02.25-01.41.21:282][  0]LogInit:      CURL_VERSION_SSL
[2016.02.25-01.41.21:282][  0]LogInit:      CURL_VERSION_IPV6
[2016.02.25-01.41.21:282][  0]LogInit:      CURL_VERSION_ASYNCHDNS
[2016.02.25-01.41.21:282][  0]LogInit:      CURL_VERSION_LARGEFILE
[2016.02.25-01.41.21:282][  0]LogInit:      CURL_VERSION_IDN
[2016.02.25-01.41.21:282][  0]LogInit:  CurlRequestOptions (configurable via config and command line):
[2016.02.25-01.41.21:282][  0]LogInit:  - bVerifyPeer = true  - Libcurl will verify peer certificate
[2016.02.25-01.41.21:282][  0]LogInit:  - bUseHttpProxy = false  - Libcurl will NOT use HTTP proxy
[2016.02.25-01.41.21:282][  0]LogInit:  - bDontReuseConnections = false  - Libcurl will reuse connections
[2016.02.25-01.41.21:282][  0]LogInit:  - CertBundlePath = nullptr  - Libcurl will use whatever was configured at build time.
[2016.02.25-01.41.21:385][  0]LogInit: Presizing for 0 objects not considered by GC, pre-allocating 0 bytes.
[2016.02.25-01.41.21:431][  0]LogInit: Object subsystem initialized
[2016.02.25-01.41.21:503][  0]LogInit: Selected Device Profile: [Windows]
[2016.02.25-01.41.21:503][  0]LogInit: Applying CVar settings loaded from the selected device profile: [Windows]
[2016.02.25-01.41.21:541][  0]LogInit: Computer: SHAUN
[2016.02.25-01.41.21:541][  0]LogInit: User: shaun
[2016.02.25-01.41.21:541][  0]LogInit: CPU Page size=4096, Cores=2
[2016.02.25-01.41.21:541][  0]LogInit: High frequency timer resolution =2.533315 MHz
[2016.02.25-01.41.21:541][  0]LogMemory: Memory total: Physical=11.9GB (12GB approx)
[2016.02.25-01.41.21:541][  0]LogMemory: Platform Memory Stats for Windows
[2016.02.25-01.41.21:541][  0]LogMemory: Process Physical Memory: 55.64 MB used, 55.64 MB peak
[2016.02.25-01.41.21:541][  0]LogMemory: Process Virtual Memory: 57.47 MB used, 57.47 MB peak
[2016.02.25-01.41.21:541][  0]LogMemory: Physical Memory: 2428.30 MB used, 12143.52 MB total
[2016.02.25-01.41.21:541][  0]LogMemory: Virtual Memory: 382.71 MB used, 134217728.00 MB total
[2016.02.25-01.41.22:343][  0]LogTextLocalizationManager: No specific translations for ('en-US') exist, so ('en') translations will be used.
[2016.02.25-01.41.23:069][  0]LogD3D11RHI: Found D3D11 adapter 0: NVIDIA GeForce GT 740M       (Feature Level 11_0)
[2016.02.25-01.41.23:069][  0]LogD3D11RHI: Adapter has 1997MB of dedicated video memory, 0MB of dedicated system memory, and 6071MB of shared system memory, 1 output[s]
[2016.02.25-01.41.23:073][  0]LogD3D11RHI: Found D3D11 adapter 1: Intel(R) HD Graphics 4000 (Feature Level 11_0)
[2016.02.25-01.41.23:073][  0]LogD3D11RHI: Adapter has 32MB of dedicated video memory, 0MB of dedicated system memory, and 1760MB of shared system memory, 0 output[s]
[2016.02.25-01.41.23:075][  0]LogD3D11RHI: Found D3D11 adapter 2: Microsoft Basic Render Driver (Feature Level 11_0)
[2016.02.25-01.41.23:075][  0]LogD3D11RHI: Adapter has 0MB of dedicated video memory, 0MB of dedicated system memory, and 6071MB of shared system memory, 0 output[s]
[2016.02.25-01.41.23:075][  0]LogD3D11RHI: Chosen D3D11 Adapter Id = 0
[2016.02.25-01.41.23:080][  0]LogD3D11RHI: !Direct3DDevice
[2016.02.25-01.41.23:080][  0]LogRHI: Texture pool is 1361 MB (70% of 1945 MB)
[2016.02.25-01.41.23:101][  0]LogD3D11RHI: Async texture creation enabled
[2016.02.25-01.41.23:117][  0]LogShaderCompilers: Guid format shader working directory is -45 characters bigger than the processId version (../../../../../../Users/shaun/Documents/TGD2251 - GAME PHYSICS/-Uni-Game-Physic-assignment2/Intermediate/Shaders/WorkingDirectory/4908/).
[2016.02.25-01.41.23:117][  0]LogShaderCompilers: Cleaned the shader compiler working directory 'C:/Users/shaun/AppData/Local/Temp/UnrealShaderWorkingDir/5CF66AEB4E3861AB9BFBA8A7C4F20787/'.
[2016.02.25-01.41.23:117][  0]LogShaderCompilers:Display: Using Local Shader Compiler.
[2016.02.25-01.41.29:610][  0]LogTemp:Display: Loaded TP AllDesktopTargetPlatform
[2016.02.25-01.41.29:616][  0]LogTemp:Display: Loaded TP WindowsClientTargetPlatform
[2016.02.25-01.41.29:626][  0]LogTemp:Display: Loaded TP WindowsNoEditorTargetPlatform
[2016.02.25-01.41.29:634][  0]LogTemp:Display: Loaded TP WindowsServerTargetPlatform
[2016.02.25-01.41.29:640][  0]LogTemp:Display: Loaded TP WindowsTargetPlatform
[2016.02.25-01.41.29:647][  0]LogTemp:Display: Loaded TP AndroidTargetPlatform
[2016.02.25-01.41.29:653][  0]LogTemp:Display: Loaded TP Android_ASTCTargetPlatform
[2016.02.25-01.41.29:659][  0]LogTemp:Display: Loaded TP Android_ATCTargetPlatform
[2016.02.25-01.41.29:664][  0]LogTemp:Display: Loaded TP Android_DXTTargetPlatform
[2016.02.25-01.41.29:670][  0]LogTemp:Display: Loaded TP Android_ETC1TargetPlatform
[2016.02.25-01.41.29:674][  0]LogTemp:Display: Loaded TP Android_ETC2TargetPlatform
[2016.02.25-01.41.29:687][  0]LogTemp:Display: Loaded TP Android_MultiTargetPlatform
[2016.02.25-01.41.29:687][  0]LogTemp:Display: Loaded TP Android_PVRTCTargetPlatform
[2016.02.25-01.41.29:688][  0]LogTemp:Display: Loaded TP HTML5TargetPlatform
[2016.02.25-01.41.29:810][  0]LogTemp:Display: Loaded TP IOSTargetPlatform
[2016.02.25-01.41.29:814][  0]LogTemp:Display: Loaded TP LinuxNoEditorTargetPlatform
[2016.02.25-01.41.29:818][  0]LogTemp:Display: Loaded TP LinuxServerTargetPlatform
[2016.02.25-01.41.29:825][  0]LogTemp:Display: Loaded TP LinuxTargetPlatform
[2016.02.25-01.41.29:825][  0]LogTargetPlatformManager:Display: Building Assets For Windows
[2016.02.25-01.41.30:441][  0]LogDerivedDataCache:Display: Max Cache Size: 512 MB
[2016.02.25-01.41.30:818][  0]LogDerivedDataCache: Loaded boot cache 0.36s 44MB C:/Users/shaun/AppData/Local/UnrealEngine/4.10/DerivedDataCache/Boot.ddc.
[2016.02.25-01.41.30:818][  0]LogDerivedDataCache:Display: Loaded Boot cache: C:/Users/shaun/AppData/Local/UnrealEngine/4.10/DerivedDataCache/Boot.ddc
[2016.02.25-01.41.30:828][  0]LogDerivedDataCache: FDerivedDataBackendGraph:  Pak pak cache file ../../../../../../Users/shaun/Documents/TGD2251 - GAME PHYSICS/-Uni-Game-Physic-assignment2/DerivedDataCache/DDC.ddp not found, will not use a pak cache.
[2016.02.25-01.41.30:828][  0]LogDerivedDataCache: Unable to find inner node Pak for hierarchical cache Hierarchy.
[2016.02.25-01.41.30:828][  0]LogDerivedDataCache: FDerivedDataBackendGraph:  CompressedPak pak cache file ../../../../../../Users/shaun/Documents/TGD2251 - GAME PHYSICS/-Uni-Game-Physic-assignment2/DerivedDataCache/Compressed.ddp not found, will not use a pak cache.
[2016.02.25-01.41.30:828][  0]LogDerivedDataCache: Unable to find inner node CompressedPak for hierarchical cache Hierarchy.
[2016.02.25-01.41.31:015][  0]LogDerivedDataCache:Display: Pak cache opened for reading ../../../Engine/DerivedDataCache/Compressed.ddp.
[2016.02.25-01.41.31:046][  0]LogDerivedDataCache: Using Local data cache path C:/Users/shaun/AppData/Local/UnrealEngine/Common/DerivedDataCache: Writable
[2016.02.25-01.41.43:403][  0]LogInit: Selected Device Profile: [Windows]
[2016.02.25-01.41.43:658][  0]LogContentStreaming: Texture pool size is 0.000000MB
[2016.02.25-01.41.45:687][  0]LogMeshUtilities: No automatic mesh reduction module available
[2016.02.25-01.41.45:687][  0]LogMeshUtilities: No automatic mesh merging module available
[2016.02.25-01.41.50:811][  0]LogInit: WinSock: version 1.1 (2.2), MaxSocks=32767, MaxUdp=65467
[2016.02.25-01.42.14:762][  0]UdpMessaging: Initializing bridge on interface 0.0.0.0:0 to multicast group 230.0.0.1:6666.
[2016.02.25-01.42.15:691][  0]LogAssetRegistry: FAssetRegistry took 0.0178 seconds to start up
[2016.02.25-01.42.19:010][  0]SourceControl: Info Source control is disabled
[2016.02.25-01.42.19:145][  0]SourceControl: Info Source control is disabled
[2016.02.25-01.42.19:332][  0]SourceControl: Info Source control is disabled
[2016.02.25-01.42.19:452][  0]SourceControl: Info Source control is disabled
[2016.02.25-01.42.22:430][  0]LogObj: 28633 objects as part of root set at end of initial load.
[2016.02.25-01.42.22:430][  0]LogUObjectAllocator: 6099744 out of 0 bytes used by permanent object pool.
[2016.02.25-01.42.24:512][  0]LogAutomationTest:Warning: Smoke tests took > 1s to run: 1.21s
[2016.02.25-01.42.24:715][  0]LogEngine: Initializing Engine...
[2016.02.25-01.42.24:792][  0]LogHMD: Can't find Oculus library dev build: is proper Runtime installed? Version: 0.8.0.0
[2016.02.25-01.42.24:959][  0]LogHMD: SteamVR failed to initialize.  Err: 110
[2016.02.25-01.42.27:605][  0]LogAIModule: Creating AISystem for world NewWorld
[2016.02.25-01.42.28:370][  0]LogInit: XAudio2 using 'Speakers (Realtek High Definition Audio)' : 2 channels at 48 kHz using 32 bits per sample (channel mask 0x3)
[2016.02.25-01.42.28:836][  0]LogInit: FAudioDevice initialized.
[2016.02.25-01.42.28:863][  0]LogDerivedDataCache: Saved boot cache 0.03s 41MB C:/Users/shaun/AppData/Local/UnrealEngine/4.10/DerivedDataCache/Boot.ddc.
[2016.02.25-01.42.28:875][  0]LogInit: Texture streaming: Enabled
[2016.02.25-01.42.29:055][  0]LogAnalytics: Creating configured Analytics provider AnalyticsET
[2016.02.25-01.42.29:057][  0]LogAnalytics: [UEEditor.Rocket.Release] APIServer = http://et2.epicgames.com/ET2/. AppVersion = 4.10.2-2818068+++depot+UE4-Releases+4.10
[2016.02.25-01.42.29:057][  0]LogAnalytics: [UEEditor.Rocket.Release] SetUserId ab0f508d4ad389497147e28a00be1d3d|30f4ab32c514423f9162b30ccdae0155|d73c59ef-ddd1-478b-b196-781bd0c2c549
[2016.02.25-01.42.29:087][  0]LogAnalytics: [UEEditor.Rocket.Release] AnalyticsET::StartSession
[2016.02.25-01.42.29:989][  0]LogInit: Transaction tracking system initialized
[2016.02.25-01.42.32:462][  0]BlueprintLog: New page: Editor Load
[2016.02.25-01.42.40:164][  0]LocalizationService: Info Localization service is disabled
[2016.02.25-01.42.44:351][  0]LogConsoleResponse:Display: 
[2016.02.25-01.42.49:896][  0]LogFileCache: Scanning file cache for directory 'C:/Users/shaun/Documents/TGD2251 - GAME PHYSICS/-Uni-Game-Physic-assignment2/Content/' took 0.01s
[2016.02.25-01.42.49:896][  0]LogCook:Display: Done creating registry. It took  0.00s.
[2016.02.25-01.42.53:743][  0]SourceControl: Info Source control is disabled
[2016.02.25-01.42.53:927][  0]Cmd: MAP LOAD FILE="../../../../../../Users/shaun/Documents/TGD2251 - GAME PHYSICS/-Uni-Game-Physic-assignment2/Content/StarterContent/Maps/Minimal_Default.umap" TEMPLATE=0 SHOWPROGRESS=1 FEATURELEVEL=3
[2016.02.25-01.42.53:979][  0]LightingResults: New page: Lighting Build
[2016.02.25-01.42.54:547][  0]MapCheck: New page: Map Check
[2016.02.25-01.42.54:547][  0]LightingResults: New page: Lighting Build
[2016.02.25-01.42.55:678][  0]LogParticles: Destroying 0 GPU particle simulations for FXSystem 0x000001FFC6F9FB00
[2016.02.25-01.43.12:948][  0]LogMaterial: Missing cached shader map for material CharacterMaterial, compiling. 
[2016.02.25-01.43.13:138][  0]LogAIModule: Creating AISystem for world Minimal_Default
[2016.02.25-01.43.16:521][  0]LogEditorServer: Finished looking for orphan Actors (0.000 secs)
[2016.02.25-01.43.16:807][  0]Cmd: MAP CHECKDEP NOCLEARLOG
[2016.02.25-01.43.17:026][  0]MapCheck: Info Map check complete: 0 Error(s), 0 Warning(s), took 218.603ms to complete.
[2016.02.25-01.43.17:026][  0]LogFileHelpers: Loading map 'Minimal_Default' took 23.124
[2016.02.25-01.43.22:178][  0]LogCollectionManager: Loaded 0 collections in 0.041340 seconds
[2016.02.25-01.43.23:827][  0]LogFileCache: Scanning file cache for directory 'C:/Users/shaun/Documents/TGD2251 - GAME PHYSICS/-Uni-Game-Physic-assignment2/Saved/Collections/' took 0.01s
[2016.02.25-01.43.23:827][  0]LogFileCache: Scanning file cache for directory 'C:/Users/shaun/Documents/TGD2251 - GAME PHYSICS/-Uni-Game-Physic-assignment2/Content/Developers/shaun/Collections/' took 0.01s
[2016.02.25-01.43.23:827][  0]LogFileCache: Scanning file cache for directory 'C:/Users/shaun/Documents/TGD2251 - GAME PHYSICS/-Uni-Game-Physic-assignment2/Content/Collections/' took 0.01s
[2016.02.25-01.43.23:827][  0]LogCollectionManager: Rebuilt the GUID cache for 0 collections in 0.000003 seconds
[2016.02.25-01.43.23:913][  0]LogContentBrowser: Native class hierarchy populated in 0.0578 seconds. Added 1893 classes and 338 folders.
[2016.02.25-01.43.24:267][  0]LogContentBrowser: Native class hierarchy updated for 'WidgetCarousel' in 0.0006 seconds. Added 0 classes and 0 folders.
[2016.02.25-01.43.32:089][  0]LogContentBrowser: Native class hierarchy updated for 'AddContentDialog' in 0.0006 seconds. Added 0 classes and 0 folders.
[2016.02.25-01.43.32:289][  0]LogContentBrowser: Native class hierarchy updated for 'SceneOutliner' in 0.0006 seconds. Added 1 classes and 2 folders.
[2016.02.25-01.43.33:444][  0]LogCrashTracker: Crashtracker disabled due to settings.
[2016.02.25-01.43.33:677][  0]LogUObjectGlobals:Warning: Failed to find object 'Class None.'
[2016.02.25-01.43.33:769][  0]LogLoad: Full Startup: 135.12 seconds (BP compile: 2.70 seconds)
[2016.02.25-01.43.34:129][  0]LogOcInput: Can't find Oculus library dev build: is proper Runtime installed? Version: 0.8.0.0
[2016.02.25-01.43.34:767][  0]LogContentStreaming: Texture pool size now 1000 MB
[2016.02.25-01.43.35:717][  0]LogRenderer: Reallocating scene render targets to support 856x368 (Frame:2).
[2016.02.25-01.43.42:240][  6]LogAssetRegistry: Asset discovery search completed in 86.5618 seconds
[2016.02.25-01.43.42:348][  6]LogCollectionManager: Rebuilt the object cache for 0 collections in 0.000001 seconds (found 0 objects)
[2016.02.25-01.43.42:348][  6]LogCollectionManager: Fixed up redirectors for 0 collections in 0.034065 seconds (updated 0 objects)
[2016.02.25-01.43.49:215][181]LogBlueprintUserMessages: Early PlayInEditor Detection: Level '/Game/StarterContent/Maps/Minimal_Default.Minimal_Default:PersistentLevel' has LevelScriptBlueprint '/Game/StarterContent/Maps/Minimal_Default.Minimal_Default:PersistentLevel.Minimal_Default' with GeneratedClass '/Game/StarterContent/Maps/Minimal_Default.Minimal_Default_C' with ClassGeneratedBy '/Game/StarterContent/Maps/Minimal_Default.Minimal_Default:PersistentLevel.Minimal_Default'
[2016.02.25-01.43.49:215][181]LogPlayLevel: PlayLevel: No blueprints needed recompiling
[2016.02.25-01.43.49:247][181]PIE: New page: PIE session: Minimal_Default (Feb 25, 2016, 5:43:49 PM)
[2016.02.25-01.43.49:247][181]LogPlayLevel: Creating play world package: /Game/StarterContent/Maps/UEDPIE_0_Minimal_Default
[2016.02.25-01.43.49:289][181]LogPlayLevel: PIE: StaticDuplicateObject took: (0.041225s)
[2016.02.25-01.43.49:289][181]LogAIModule: Creating AISystem for world Minimal_Default
[2016.02.25-01.43.49:290][181]LogPlayLevel: PIE: World Init took: (0.000827s)
[2016.02.25-01.43.49:290][181]LogPlayLevel: PIE: Created PIE world by copying editor world from /Game/StarterContent/Maps/Minimal_Default.Minimal_Default to /Game/StarterContent/Maps/UEDPIE_0_Minimal_Default.Minimal_Default (0.042306s)
[2016.02.25-01.43.49:290][181]LogActorComponent: Unregis