[2016.02.28-11.25.26:388][  0]Log file open, 02/28/16 19:25:26
[2016.02.28-11.25.26:388][  0]LogInit:Display: Running engine for game: ThirdPersonPunch
[2016.02.28-11.25.26:388][  0]LogPlatformFile: Not using cached read wrapper
[2016.02.28-11.25.26:388][  0]LogInit:Display: RandInit(-683227009) SRandInit(-683227006).
[2016.02.28-11.25.26:388][  0]LogTaskGraph: Started task graph with 4 named threads and 5 total threads.
[2016.02.28-11.25.26:388][  0]LogStats: Stats thread started at 0.071472
[2016.02.28-11.25.26:388][  0]LogInit: Version: 4.10.2-2818068+++depot+UE4-Releases+4.10
[2016.02.28-11.25.26:388][  0]LogInit: API Version: 2758231
[2016.02.28-11.25.26:388][  0]LogInit: Compiled (64-bit): Jan  6 2016 17:36:42
[2016.02.28-11.25.26:388][  0]LogInit: Compiled with Visual C++: 19.00.23026.00
[2016.02.28-11.25.26:388][  0]LogInit: Build Configuration: Development
[2016.02.28-11.25.26:388][  0]LogInit: Branch Name: ++depot+UE4-Releases+4.10
[2016.02.28-11.25.26:388][  0]LogInit: Command line: -EpicPortal 
[2016.02.28-11.25.26:388][  0]LogInit: Base directory: C:/Program Files (x86)/Epic Games/4.10/Engine/Binaries/Win64/
[2016.02.28-11.25.26:388][  0]LogInit: Rocket: 1
[2016.02.28-11.25.26:414][  0]LogInit: Using libcurl 7.41.0
[2016.02.28-11.25.26:414][  0]LogInit:  - built for x86_64-pc-win32
[2016.02.28-11.25.26:414][  0]LogInit:  - supports SSL with WinSSL
[2016.02.28-11.25.26:414][  0]LogInit:  - other features:
[2016.02.28-11.25.26:414][  0]LogInit:      CURL_VERSION_SSL
[2016.02.28-11.25.26:414][  0]LogInit:      CURL_VERSION_IPV6
[2016.02.28-11.25.26:414][  0]LogInit:      CURL_VERSION_ASYNCHDNS
[2016.02.28-11.25.26:414][  0]LogInit:      CURL_VERSION_LARGEFILE
[2016.02.28-11.25.26:414][  0]LogInit:      CURL_VERSION_IDN
[2016.02.28-11.25.26:414][  0]LogInit:  CurlRequestOptions (configurable via config and command line):
[2016.02.28-11.25.26:414][  0]LogInit:  - bVerifyPeer = true  - Libcurl will verify peer certificate
[2016.02.28-11.25.26:414][  0]LogInit:  - bUseHttpProxy = false  - Libcurl will NOT use HTTP proxy
[2016.02.28-11.25.26:414][  0]LogInit:  - bDontReuseConnections = false  - Libcurl will reuse connections
[2016.02.28-11.25.26:414][  0]LogInit:  - CertBundlePath = nullptr  - Libcurl will use whatever was configured at build time.
[2016.02.28-11.25.26:424][  0]LogInit: Presizing for 0 objects not considered by GC, pre-allocating 0 bytes.
[2016.02.28-11.25.26:433][  0]LogInit: Object subsystem initialized
[2016.02.28-11.25.26:434][  0]LogInit: Selected Device Profile: [Windows]
[2016.02.28-11.25.26:434][  0]LogInit: Applying CVar settings loaded from the selected device profile: [Windows]
[2016.02.28-11.25.26:496][  0]LogInit: Computer: SHAUN
[2016.02.28-11.25.26:496][  0]LogInit: User: shaun
[2016.02.28-11.25.26:496][  0]LogInit: CPU Page size=4096, Cores=2
[2016.02.28-11.25.26:496][  0]LogInit: High frequency timer resolution =2.533315 MHz
[2016.02.28-11.25.26:496][  0]LogMemory: Memory total: Physical=11.9GB (12GB approx)
[2016.02.28-11.25.26:496][  0]LogMemory: Platform Memory Stats for Windows
[2016.02.28-11.25.26:496][  0]LogMemory: Process Physical Memory: 55.88 MB used, 55.88 MB peak
[2016.02.28-11.25.26:496][  0]LogMemory: Process Virtual Memory: 55.59 MB used, 55.59 MB peak
[2016.02.28-11.25.26:496][  0]LogMemory: Physical Memory: 5973.47 MB used, 12143.52 MB total
[2016.02.28-11.25.26:496][  0]LogMemory: Virtual Memory: 380.79 MB used, 134217728.00 MB total
[2016.02.28-11.25.26:540][  0]LogTextLocalizationManager: No specific translations for ('en-US') exist, so ('en') translations will be used.
[2016.02.28-11.25.27:021][  0]LogD3D11RHI: Found D3D11 adapter 0: NVIDIA GeForce GT 740M       (Feature Level 11_0)
[2016.02.28-11.25.27:021][  0]LogD3D11RHI: Adapter has 1997MB of dedicated video memory, 0MB of dedicated system memory, and 6071MB of shared system memory, 1 output[s]
[2016.02.28-11.25.27:026][  0]LogD3D11RHI: Found D3D11 adapter 1: Intel(R) HD Graphics 4000 (Feature Level 11_0)
[2016.02.28-11.25.27:026][  0]LogD3D11RHI: Adapter has 32MB of dedicated video memory, 0MB of dedicated system memory, and 1760MB of shared system memory, 0 output[s]
[2016.02.28-11.25.27:027][  0]LogD3D11RHI: Found D3D11 adapter 2: Microsoft Basic Render Driver (Feature Level 11_0)
[2016.02.28-11.25.27:028][  0]LogD3D11RHI: Adapter has 0MB of dedicated video memory, 0MB of dedicated system memory, and 6071MB of shared system memory, 0 output[s]
[2016.02.28-11.25.27:028][  0]LogD3D11RHI: Chosen D3D11 Adapter Id = 0
[2016.02.28-11.25.27:034][  0]LogD3D11RHI: !Direct3DDevice
[2016.02.28-11.25.27:034][  0]LogRHI: Texture pool is 1361 MB (70% of 1945 MB)
[2016.02.28-11.25.27:052][  0]LogD3D11RHI: Async texture creation enabled
[2016.02.28-11.25.27:067][  0]LogShaderCompilers: Guid format shader working directory is -46 characters bigger than the processId version (../../../../../../Users/shaun/Documents/TGD2251 - GAME PHYSICS/-Uni-Game-Physic-assignment2/Intermediate/Shaders/WorkingDirectory/11080/).
[2016.02.28-11.25.27:067][  0]LogShaderCompilers: Cleaned the shader compiler working directory 'C:/Users/shaun/AppData/Local/Temp/UnrealShaderWorkingDir/8D70751E4D6604511235EEA2E7A96642/'.
[2016.02.28-11.25.27:067][  0]LogShaderCompilers:Display: Using Local Shader Compiler.
[2016.02.28-11.25.28:188][  0]LogTemp:Display: Loaded TP AllDesktopTargetPlatform
[2016.02.28-11.25.28:195][  0]LogTemp:Display: Loaded TP WindowsClientTargetPlatform
[2016.02.28-11.25.28:202][  0]LogTemp:Display: Loaded TP WindowsNoEditorTargetPlatform
[2016.02.28-11.25.28:209][  0]LogTemp:Display: Loaded TP WindowsServerTargetPlatform
[2016.02.28-11.25.28:219][  0]LogTemp:Display: Loaded TP WindowsTargetPlatform
[2016.02.28-11.25.28:224][  0]LogTemp:Display: Loaded TP AndroidTargetPlatform
[2016.02.28-11.25.28:228][  0]LogTemp:Display: Loaded TP Android_ASTCTargetPlatform
[2016.02.28-11.25.28:233][  0]LogTemp:Display: Loaded TP Android_ATCTargetPlatform
[2016.02.28-11.25.28:237][  0]LogTemp:Display: Loaded TP Android_DXTTargetPlatform
[2016.02.28-11.25.28:241][  0]LogTemp:Display: Loaded TP Android_ETC1TargetPlatform
[2016.02.28-11.25.28:247][  0]LogTemp:Display: Loaded TP Android_ETC2TargetPlatform
[2016.02.28-11.25.28:257][  0]LogTemp:Display: Loaded TP Android_MultiTargetPlatform
[2016.02.28-11.25.28:257][  0]LogTemp:Display: Loaded TP Android_PVRTCTargetPlatform
[2016.02.28-11.25.28:258][  0]LogTemp:Display: Loaded TP HTML5TargetPlatform
[2016.02.28-11.25.28:279][  0]LogTemp:Display: Loaded TP IOSTargetPlatform
[2016.02.28-11.25.28:283][  0]LogTemp:Display: Loaded TP LinuxNoEditorTargetPlatform
[2016.02.28-11.25.28:287][  0]LogTemp:Display: Loaded TP LinuxServerTargetPlatform
[2016.02.28-11.25.28:292][  0]LogTemp:Display: Loaded TP LinuxTargetPlatform
[2016.02.28-11.25.28:292][  0]LogTargetPlatformManager:Display: Building Assets For Windows
[2016.02.28-11.25.28:418][  0]LogDerivedDataCache:Display: Max Cache Size: 512 MB
[2016.02.28-11.25.28:490][  0]LogDerivedDataCache: Loaded boot cache 0.06s 41MB C:/Users/shaun/AppData/Local/UnrealEngine/4.10/DerivedDataCache/Boot.ddc.
[2016.02.28-11.25.28:490][  0]LogDerivedDataCache:Display: Loaded Boot cache: C:/Users/shaun/AppData/Local/UnrealEngine/4.10/DerivedDataCache/Boot.ddc
[2016.02.28-11.25.28:490][  0]LogDerivedDataCache: FDerivedDataBackendGraph:  Pak pak cache file ../../../../../../Users/shaun/Documents/TGD2251 - GAME PHYSICS/-Uni-Game-Physic-assignment2/DerivedDataCache/DDC.ddp not found, will not use a pak cache.
[2016.02.28-11.25.28:490][  0]LogDerivedDataCache: Unable to find inner node Pak for hierarchical cache Hierarchy.
[2016.02.28-11.25.28:491][  0]LogDerivedDataCache: FDerivedDataBackendGraph:  CompressedPak pak cache file ../../../../../../Users/shaun/Documents/TGD2251 - GAME PHYSICS/-Uni-Game-Physic-assignment2/DerivedDataCache/Compressed.ddp not found, will not use a pak cache.
[2016.02.28-11.25.28:491][  0]LogDerivedDataCache: Unable to find inner node CompressedPak for hierarchical cache Hierarchy.
[2016.02.28-11.25.28:576][  0]LogDerivedDataCache:Display: Pak cache opened for reading ../../../Engine/DerivedDataCache/Compressed.ddp.
[2016.02.28-11.25.28:588][  0]LogDerivedDataCache: Using Local data cache path C:/Users/shaun/AppData/Local/UnrealEngine/Common/DerivedDataCache: Writable
[2016.02.28-11.25.28:879][  0]LogInit: Selected Device Profile: [Windows]
[2016.02.28-11.25.28:883][  0]LogContentStreaming: Texture pool size is 0.000000MB
[2016.02.28-11.25.29:039][  0]LogMeshUtilities: No automatic mesh reduction module available
[2016.02.28-11.25.29:039][  0]LogMeshUtilities: No automatic mesh merging module available
[2016.02.28-11.25.29:325][  0]LogInit: WinSock: version 1.1 (2.2), MaxSocks=32767, MaxUdp=65467
[2016.02.28-11.25.30:314][  0]UdpMessaging: Initializing bridge on interface 0.0.0.0:0 to multicast group 230.0.0.1:6666.
[2016.02.28-11.25.30:423][  0]LogAssetRegistry: FAssetRegistry took 0.0109 seconds to start up
[2016.02.28-11.25.30:639][  0]SourceControl: Info Source control is disabled
[2016.02.28-11.25.30:677][  0]SourceControl: Info Source control is disabled
[2016.02.28-11.25.30:696][  0]SourceControl: Info Source control is disabled
[2016.02.28-11.25.30:714][  0]SourceControl: Info Source control is disabled
[2016.02.28-11.25.31:091][  0]LogObj: 28633 objects as part of root set at end of initial load.
[2016.02.28-11.25.31:091][  0]LogUObjectAllocator: 6099752 out of 0 bytes used by permanent object pool.
[2016.02.28-11.25.31:179][  0]LogEngine: Initializing Engine...
[2016.02.28-11.25.31:185][  0]LogHMD: Can't find Oculus library dev build: is proper Runtime installed? Version: 0.8.0.0
[2016.02.28-11.25.31:186][  0]LogHMD: SteamVR failed to initialize.  Err: 110
[2016.02.28-11.25.31:378][  0]LogAIModule: Creating AISystem for world NewWorld
[2016.02.28-11.25.31:384][  0]LogInit: XAudio2 using 'Speakers (Realtek High Definition Audio)' : 2 channels at 48 kHz using 32 bits per sample (channel mask 0x3)
[2016.02.28-11.25.31:396][  0]LogInit: FAudioDevice initialized.
[2016.02.28-11.25.31:424][  0]LogDerivedDataCache: Saved boot cache 0.03s 41MB C:/Users/shaun/AppData/Local/UnrealEngine/4.10/DerivedDataCache/Boot.ddc.
[2016.02.28-11.25.31:431][  0]LogInit: Texture streaming: Enabled
[2016.02.28-11.25.31:440][  0]LogAnalytics: Creating configured Analytics provider AnalyticsET
[2016.02.28-11.25.31:440][  0]LogAnalytics: [UEEditor.Rocket.Release] APIServer = http://et2.epicgames.com/ET2/. AppVersion = 4.10.2-2818068+++depot+UE4-Releases+4.10
[2016.02.28-11.25.31:440][  0]LogAnalytics: [UEEditor.Rocket.Release] SetUserId ab0f508d4ad389497147e28a00be1d3d|30f4ab32c514423f9162b30ccdae0155|d73c59ef-ddd1-478b-b196-781bd0c2c549
[2016.02.28-11.25.31:440][  0]LogAnalytics: [UEEditor.Rocket.Release] AnalyticsET::StartSession
[2016.02.28-11.25.31:464][  0]LogInit: Transaction tracking system initialized
[2016.02.28-11.25.31:510][  0]BlueprintLog: New page: Editor Load
[2016.02.28-11.25.31:656][  0]LocalizationService: Info Localization service is disabled
[2016.02.28-11.25.32:013][  0]LogConsoleResponse:Display: 
[2016.02.28-11.25.32:295][  0]LogFileCache: Scanning file cache for directory 'C:/Users/shaun/Documents/TGD2251 - GAME PHYSICS/-Uni-Game-Physic-assignment2/Content/' took 0.04s
[2016.02.28-11.25.32:295][  0]LogCook:Display: Done creating registry. It took  0.00s.
[2016.02.28-11.25.32:404][  0]SourceControl: Info Source control is disabled
[2016.02.28-11.25.32:404][  0]Cmd: MAP LOAD FILE="../../../../../../Users/shaun/Documents/TGD2251 - GAME PHYSICS/-Uni-Game-Physic-assignment2/Content/StarterContent/Maps/Minimal_Default.umap" TEMPLATE=0 SHOWPROGRESS=1 FEATURELEVEL=3
[2016.02.28-11.25.32:439][  0]LightingResults: New page: Lighting Build
[2016.02.28-11.25.32:444][  0]MapCheck: New page: Map Check
[2016.02.28-11.25.32:444][  0]LightingResults: New page: Lighting Build
[2016.02.28-11.25.32:471][  0]LogParticles: Destroying 0 GPU particle simulations for FXSystem 0x000001445999BB00
[2016.02.28-11.25.39:213][  0]LogAIModule: Creating AISystem for world Minimal_Default
[2016.02.28-11.25.39:735][  0]LogEditorServer: Finished looking for orphan Actors (0.000 secs)
[2016.02.28-11.25.39:799][  0]Cmd: MAP CHECKDEP NOCLEARLOG
[2016.02.28-11.25.39:866][  0]MapCheck: Info Map check complete: 0 Error(s), 0 Warning(s), took 66.028ms to complete.
[2016.02.28-11.25.39:866][  0]LogFileHelpers: Loading map 'Minimal_Default' took 7.461
[2016.02.28-11.25.41:000][  0]LogCollectionManager: Loaded 0 collections in 0.003444 seconds
[2016.02.28-11.25.41:114][  0]LogFileCache: Scanning file cache for directory 'C:/Users/shaun/Documents/TGD2251 - GAME PHYSICS/-Uni-Game-Physic-assignment2/Saved/Collections/' took 0.01s
[2016.02.28-11.25.41:114][  0]LogFileCache: Scanning file cache for directory 'C:/Users/shaun/Documents/TGD2251 - GAME PHYSICS/-Uni-Game-Physic-assignment2/Content/Developers/shaun/Collections/' took 0.01s
[2016.02.28-11.25.41:114][  0]LogFileCache: Scanning file cache for directory 'C:/Users/shaun/Documents/TGD2251 - GAME PHYSICS/-Uni-Game-Physic-assignment2/Content/Collections/' took 0.01s
[2016.02.28-11.25.41:114][  0]LogCollectionManager: Rebuilt the GUID cache for 0 collections in 0.000002 seconds
[2016.02.28-11.25.41:126][  0]LogContentBrowser: Native class hierarchy populated in 0.0112 seconds. Added 1893 classes and 338 folders.
[2016.02.28-11.25.41:234][  0]LogContentBrowser: Native class hierarchy updated for 'WidgetCarousel' in 0.0006 seconds. Added 0 classes and 0 folders.
[2016.02.28-11.25.43:576][  0]LogContentBrowser: Native class hierarchy updated for 'AddContentDialog' in 0.0004 seconds. Added 0 classes and 0 folders.
[2016.02.28-11.25.43:683][  0]LogContentBrowser: Native class hierarchy updated for 'SceneOutliner' in 0.0005 seconds. Added 1 classes and 2 folders.
[2016.02.28-11.25.44:432][  0]LogCrashTracker: Crashtracker disabled due to settings.
[2016.02.28-11.25.44:732][  0]LogUObjectGlobals:Warning: Failed to find object 'Class None.'
[2016.02.28-11.25.44:797][  0]LogLoad: Full Startup: 19.71 seconds (BP compile: 0.39 seconds)
[2016.02.28-11.25.44:815][  0]LogWindowsTextInputMethodSystem:Display: IME system now deactivated.
[2016.02.28-11.25.44:815][  0]LogWindowsTextInputMethodSystem:Display: IME system now deactivated.
[2016.02.28-11.25.44:821][  0]LogOcInput: Can't find Oculus library dev build: is proper Runtime installed? Version: 0.8.0.0
[2016.02.28-11.25.45:708][  0]LogContentStreaming: Texture pool size now 1000 MB
[2016.02.28-11.25.47:340][  0]LogRenderer: Reallocating scene render targets to support 856x368 (Frame:2).
[2016.02.28-11.25.49:767][  5]LogAssetRegistry: Asset discovery search completed in 19.3542 seconds
[2016.02.28-11.25.49:767][  5]LogCollectionManager: Rebuilt the object cache for 0 collections in 0.000001 seconds (found 0 objects)
[2016.02.28-11.25.49:767][  5]LogCollectionManager: Fixed up redirectors for 0 collections in 0.000036 seconds (updated 0 objects)
[2016.02.28-11.25.51:946][ 14]LogBlueprintUserMessages: Early PlayInEditor Detection: Level '/Game/StarterContent/Maps/Minimal_Default.Minimal_Default:PersistentLevel' has LevelScriptBlueprint '/Game/StarterContent/Maps/Minimal_Default.Minimal_Default:PersistentLevel.Minimal_Default' with GeneratedClass '/Game/StarterContent/Maps/Minimal_Default.Minimal_Default_C' with ClassGeneratedBy '/Game/StarterContent/Maps/Minimal_Default.Minimal_Default:PersistentLevel.Minimal_Default'
[2016.02.28-11.25.51:946][ 14]LogPlayLevel: PlayLevel: No blueprints needed recompiling
[2016.02.28-11.25.52:034][ 14]PIE: New page: PIE session: Minimal_Default (Feb 29, 2016, 3:25:51 AM)
[2016.02.28-11.25.52:035][ 14]LogPlayLevel: Creating play world package: /Game/StarterContent/Maps/UEDPIE_0_Minimal_Default
[2016.02.28-11.25.52:082][ 14]LogPlayLevel: PIE: StaticDuplicateObject took: (0.047311s)
[2016.02.28-11.25.52:083][ 14]LogAIModule: Creating AISystem for world Minimal_Default
[2016.02.28-11.25.52:083][ 14]LogPlayLevel: PIE: World Init took: (0.000898s)
[2016.02.28-11.25.52:083][ 14]LogPlayLevel: PIE: Created PIE world by copying editor world from /Game/StarterContent/Maps/Minimal_Default.Minimal_Default to /Game/StarterContent/Maps/UEDPIE_0_Minimal_Default.Minimal_Default (0.048761s)
[2016.02.28-11.25.52:108][ 14]LogActorComponent: UnregisterComponent: (/Engine/Transient.CharMoveComp) Not registered. Aborting.
[2016.02.28-11.25.52:183][ 14]LogInit: XAudio2 using 'Speakers (Realtek High Definition Audio)' : 2 channels at 48 kHz using 32 bits per sample (channel mask 0x3)
[2016.02.28-11.25.52:193][ 14]LogInit: FAudioDevice initialized.
[2016.02.28-11.25.52:461][ 14]LogWorld: Game class is 'MyGame_C'
[2016.02.28-11.25.52:546][ 14]LogWorld: Bringing World /Game/StarterContent/Maps/UEDPIE_0_Minimal_Default.Minimal_Default up for play (max tick rate 60) at 2016.02.28-19.25.52
[2016.02.28-11.25.52:546][ 14]LogActor:Warning: GameSession /Game/StarterContent/Maps/UEDPIE_0_Minimal_Default.Minimal_Default:PersistentLevel.GameSession_0 has natively added scene component(s), but none of them were set as the actor's RootComponent - picking one arbitrarily
[2016.02.28-11.25.52:563][ 14]LogActor:Warning: GameNetworkManager /Game/StarterContent/Maps/UEDPIE_0_Minimal_Default.Minimal_Default:PersistentLevel.GameNetworkManager_0 has natively added scene component(s), but none of them were set as the actor's RootComponent - picking one arbitrarily
[2016.02.28-11.25.52:608][ 14]LogWorld: Bringing up level for play took: 0.066429
[2016.02.28-11.25.52:788][ 14]PIE: Info Play in editor start time for /Game/StarterContent/Maps/UEDPIE_0_Minimal_Default 1.32
[2016.02.28-11.25.52:788][ 14]LogBlueprintUserMessages: Late PlayInEditor Detection: Level '/Game/StarterContent/Maps/Minimal_Default.Minimal_Default:PersistentLevel' has LevelScriptBlueprint '/Game/StarterContent/Maps/Minimal_Default.Minimal_Default:PersistentLevel.Minimal_Default' with GeneratedClass '/Game/StarterContent/Maps/Minimal_Default.Minimal_Default_C' with ClassGeneratedBy '/Game/StarterContent/Maps/Minimal_Default.Minimal_Default:PersistentLevel.Minimal_Default'
[2016.02.28-11.26.05:635][746]LogBlueprintUserMessages: Early EndPlayMap Detection: Level '/Game/StarterContent/Maps/Minimal_Default.Minimal_Default:PersistentLevel' has LevelScriptBlueprint '/Game/StarterContent/Maps/Minimal_Default.Minimal_Default:PersistentLevel.Minimal_Default' with GeneratedClass '/Game/StarterContent/Maps/Minimal_Default.Minimal_Default_C' with ClassGeneratedBy '/Game/StarterContent/Maps/Minimal_Default.Minimal_Default:PersistentLevel.Minimal_Default'
[2016.02.28-11.26.05:749][746]LogBlueprintUserMessages: Late EndPlayMap Detection: Level '/Game/StarterContent/Maps/Minimal_Default.Minimal_Default:PersistentLevel' has LevelScriptBlueprint '/Game/StarterContent/Maps/Minimal_Default.Minimal_Default:PersistentLevel.Minimal_Default' with GeneratedClass '/Game/StarterContent/Maps/Minimal_Default.Minimal_Default_C' with ClassGeneratedBy '/Game/StarterContent/Maps/Minimal_Default.Minimal_Default:PersistentLevel.Minimal_Default'
[2016.02.28-11.26.05:778][746]LogParticles: Destroying 0 GPU particle simulations for FXSystem 0x0000014472250540
[2016.02.28-11.26.06:566][791]LogBlueprintUserMessages: Early PlayInEditor Detection: Level '/Game/StarterContent/Maps/Minimal_Default.Minimal_Default:PersistentLevel' has LevelScriptBlueprint '/Game/StarterContent/Maps/Minimal_Default.Minimal_Default:PersistentLevel.Minimal_Default' with GeneratedClass '/Game/StarterContent/Maps/Minimal_Default.Minimal_Default_C' with ClassGeneratedBy '/Game/StarterContent/Maps/Minimal_Default.Minimal_Default:PersistentLevel.Minimal_Default'
[2016.02.28-11.26.06:566][791]LogPlayLevel: PlayLevel: No blueprints needed recompiling
[2016.02.28-11.26.06:566][791]PIE: New page: PIE session: Minimal_Default (Feb 29, 2016, 3:26:06 AM)
[2016.02.28-11.26.06:566][791]LogPlayLevel: Creating play world package: /Game/StarterContent/Maps/UEDPIE_0_Minimal_Default
[2016.02.28-11.26.06:579][791]LogPlayLevel: PIE: StaticDuplicateObject took: (0.013324s)
[2016.02.28-11.26.06:580][791]LogAIModule: Creating AISystem for world Minimal_Default
[2016.02.28-11.26.06:581][791]LogPlayLevel: PIE: World Init took: (0.001151s)
[2016.02.28-11.26.06:581][791]LogPlayLevel: PIE: Created PIE world by copying editor world from /Game/StarterContent/Maps/Minimal_Default.Minimal_Default to /Game/StarterContent/Maps/UEDPIE_0_Minimal_Default.Minimal_Default (0.014746s)
[2016.02.28-11.26.06:615][791]LogInit: XAudio2 using 'Speakers (Realtek High Definition Audio)' : 2 channels at 48 kHz using 32 bits per sample (channel mask 0x3)
[2016.02.28-11.26.06:624][791]LogInit: FAudioDevice initialized.
[2016.02.28-11.26.06:664][791]LogWorld: Game class is 'MyGame_C'
[2016.02.28-11.26.06:669][791]LogWorld: Bringing World /Game/StarterContent/Maps/UEDPIE_0_Minimal_Default.Minimal_Default up for play (max tick rate 60) at 2016.02.28-19.26.06
[2016.02.28-11.26.06:669][791]LogActor:Warning: GameSession /Game/StarterContent/Maps/UEDPIE_0_Minimal_Default.Minimal_Default:PersistentLevel.GameSession_1 has natively added scene component(s), but none of them were set as the actor's RootComponent - picking one arbitrarily
[2016.02.28-11.26.06:669][791]LogActor:Warning: GameNetworkManager /Game/StarterContent/Maps/UEDPIE_0_Minimal_Default.Minimal_Default:PersistentLevel.GameNetworkManager_1 has natively added scene component(s), but none of them were set as the actor's RootComponent - picking one arbitrarily
[2016.02.28-11.26.06:669][791]LogWorld: Bringing up level for play took: 0.005088
[2016.02.28-11.26.06:671][791]PIE: Info Play in editor start time for /Game/StarterContent/Maps/UEDPIE_0_Minimal_Default -0.797
[2016.02.28-11.26.06:671][791]LogBlueprintUserMessages: Late PlayInEditor Detection: Level '/Game/StarterContent/Maps/Minimal_Default.Minimal_Default:PersistentLevel' has LevelScriptBlueprint '/Game/StarterContent/Maps/Minimal_Default.Minimal_Default:PersistentLevel.Minimal_Default' with GeneratedClass '/Game/StarterContent/Maps/Minimal_Default.Minimal_Default_C' with ClassGeneratedBy '/Game/StarterContent/Maps/Minimal_Default.Minimal_Default:PersistentLevel.Minimal_Default'
[2016.02.28-11.26.07:125][814]LogBlueprintUserMessages: Early EndPlayMap Detection: Level '/Game/StarterContent/Maps/Minimal_Default.Minimal_Default:PersistentLevel' has LevelScriptBlueprint '/Game/StarterContent/Maps/Minimal_Default.Minimal_Default:PersistentLevel.Minimal_Default' with GeneratedClass '/Game/StarterContent/Maps/Minimal_Default.Minimal_Default_C' with ClassGeneratedBy '/Game/StarterContent/Maps/Minimal_Default.Minimal_Default:PersistentLevel.Minimal_Default'
[2016.02.28-11.26.07:172][814]LogBlueprintUserMessages: Late EndPlayMap Detection: Level '/Game/StarterContent/Maps/Minimal_Default.Minimal_Default:PersistentLevel' has LevelScriptBlueprint '/Game/StarterContent/Maps/Minimal_Default.Minimal_Default:PersistentLevel.Minimal_Default' with GeneratedClass '/Game/StarterContent/Maps/Minimal_Default.Minimal_Default_C' with ClassGeneratedBy '/Game/StarterContent/Maps/Minimal_Default.Minimal_Default:PersistentLevel.Minimal_Default'
[2016.02.28-11.26.07:219][815]LogParticles: Destroying 0 GPU particle simulations for FXSystem 0x000001445FAD5DA0
[2016.02.28-11.26.08:757][896]LogBlueprintUserMessages: Early PlayInEditor Detection: Level '/Game/StarterContent/Maps/Minimal_Default.Minimal_Default:PersistentLevel' has LevelScriptBlueprint '/Game/StarterContent/Maps/Minimal_Default.Minimal_Default:PersistentLevel.Minimal_Default' with GeneratedClass '/Game/StarterContent/Maps/Minimal_Default.Minimal_Default_C' with ClassGeneratedBy '/Game/StarterContent/Maps/Minimal_Default.Minimal_Default:PersistentLevel.Minimal_Default'
[2016.02.28-11.26.08:757][896]LogPlayLevel: PlayLevel: No blueprints needed recompiling
[2016.02.28-11.26.08:757][896]PIE: New page: PIE session: Minimal_Default (Feb 29, 2016, 3:26:08 AM)
[2016.02.28-11.26.08:757][896]LogPlayLevel: Creating play world package: /Game/StarterContent/Maps/UEDPIE_0_Minimal_Default
[2016.02.28-11.26.08:767][896]LogPlayLevel: PIE: StaticDuplicateObject took: (0.010363s)
[2016.02.28-11.26.08:768][896]LogAIModule: Creating AISystem for world Minimal_Default
[2016.02.28-11.26.08:769][896]LogPlayLevel: PIE: World Init took: (0.001221s)
[2016.02.28-11.26.08:769][896]LogPlayLevel: PIE: Created PIE world by copying editor world fro