[2016.02.24-16.02.47:727][  0]Log file open, 02/25/16 00:02:47
[2016.02.24-16.02.47:727][  0]LogInit:Display: Running engine for game: ThirdPersonPunch
[2016.02.24-16.02.47:727][  0]LogPlatformFile: Not using cached read wrapper
[2016.02.24-16.02.47:727][  0]LogInit:Display: RandInit(541760687) SRandInit(541760692).
[2016.02.24-16.02.47:727][  0]LogTaskGraph: Started task graph with 4 named threads and 5 total threads.
[2016.02.24-16.02.47:727][  0]LogStats: Stats thread started at 0.377965
[2016.02.24-16.02.47:727][  0]LogInit: Version: 4.10.2-2818068+++depot+UE4-Releases+4.10
[2016.02.24-16.02.47:727][  0]LogInit: API Version: 2758231
[2016.02.24-16.02.47:727][  0]LogInit: Compiled (64-bit): Jan  6 2016 17:36:42
[2016.02.24-16.02.47:727][  0]LogInit: Compiled with Visual C++: 19.00.23026.00
[2016.02.24-16.02.47:727][  0]LogInit: Build Configuration: Development
[2016.02.24-16.02.47:727][  0]LogInit: Branch Name: ++depot+UE4-Releases+4.10
[2016.02.24-16.02.47:727][  0]LogInit: Command line:  /Temp/Autosaves/Game/StarterContent/Maps/UEDPCMinimal_Default -game -PIEVIACONSOLE -ResX=1280 -ResY=720  -Multiprocess -featureleveles2 -faketouches 
[2016.02.24-16.02.47:727][  0]LogInit: Base directory: D:/Epic Games/4.10/Engine/Binaries/Win64/
[2016.02.24-16.02.47:727][  0]LogInit: Rocket: 1
[2016.02.24-16.02.47:893][  0]LogInit: Using libcurl 7.41.0
[2016.02.24-16.02.47:893][  0]LogInit:  - built for x86_64-pc-win32
[2016.02.24-16.02.47:894][  0]LogInit:  - supports SSL with WinSSL
[2016.02.24-16.02.47:894][  0]LogInit:  - other features:
[2016.02.24-16.02.47:894][  0]LogInit:      CURL_VERSION_SSL
[2016.02.24-16.02.47:894][  0]LogInit:      CURL_VERSION_IPV6
[2016.02.24-16.02.47:894][  0]LogInit:      CURL_VERSION_ASYNCHDNS
[2016.02.24-16.02.47:894][  0]LogInit:      CURL_VERSION_LARGEFILE
[2016.02.24-16.02.47:894][  0]LogInit:      CURL_VERSION_IDN
[2016.02.24-16.02.47:896][  0]LogInit:  CurlRequestOptions (configurable via config and command line):
[2016.02.24-16.02.47:896][  0]LogInit:  - bVerifyPeer = true  - Libcurl will verify peer certificate
[2016.02.24-16.02.47:896][  0]LogInit:  - bUseHttpProxy = false  - Libcurl will NOT use HTTP proxy
[2016.02.24-16.02.47:896][  0]LogInit:  - bDontReuseConnections = false  - Libcurl will reuse connections
[2016.02.24-16.02.47:896][  0]LogInit:  - CertBundlePath = nullptr  - Libcurl will use whatever was configured at build time.
[2016.02.24-16.02.48:272][  0]LogInit: Presizing for 0 objects not considered by GC, pre-allocating 0 bytes.
[2016.02.24-16.02.48:295][  0]LogInit: Object subsystem initialized
[2016.02.24-16.02.48:298][  0]LogInit: Selected Device Profile: [Windows]
[2016.02.24-16.02.48:298][  0]LogInit: Applying CVar settings loaded from the selected device profile: [Windows]
[2016.02.24-16.02.48:376][  0]LogInit: Computer: DESKTOP-63HJ9HN
[2016.02.24-16.02.48:376][  0]LogInit: User: ShaunGoh
[2016.02.24-16.02.48:376][  0]LogInit: CPU Page size=4096, Cores=2
[2016.02.24-16.02.48:376][  0]LogInit: High frequency timer resolution =3.609378 MHz
[2016.02.24-16.02.48:376][  0]LogMemory: Memory total: Physical=7.9GB (8GB approx)
[2016.02.24-16.02.48:376][  0]LogMemory: Platform Memory Stats for Windows
[2016.02.24-16.02.48:376][  0]LogMemory: Process Physical Memory: 55.21 MB used, 55.21 MB peak
[2016.02.24-16.02.48:376][  0]LogMemory: Process Virtual Memory: 55.47 MB used, 55.47 MB peak
[2016.02.24-16.02.48:376][  0]LogMemory: Physical Memory: 5549.50 MB used, 8113.81 MB total
[2016.02.24-16.02.48:376][  0]LogMemory: Virtual Memory: 376.58 MB used, 134217728.00 MB total
[2016.02.24-16.02.49:450][  0]LogTextLocalizationManager: No specific translations for ('en-US') exist, so ('en') translations will be used.
[2016.02.24-16.02.51:935][  0]LogD3D11RHI: Found D3D11 adapter 0: Intel(R) HD Graphics 530 (Feature Level 11_0)
[2016.02.24-16.02.51:935][  0]LogD3D11RHI: Adapter has 128MB of dedicated video memory, 0MB of dedicated system memory, and 4056MB of shared system memory, 1 output[s]
[2016.02.24-16.02.51:938][  0]LogD3D11RHI: Found D3D11 adapter 1: Microsoft Basic Render Driver (Feature Level 11_0)
[2016.02.24-16.02.51:938][  0]LogD3D11RHI: Adapter has 0MB of dedicated video memory, 0MB of dedicated system memory, and 4056MB of shared system memory, 0 output[s]
[2016.02.24-16.02.51:938][  0]LogD3D11RHI: Chosen D3D11 Adapter Id = 0
[2016.02.24-16.02.51:955][  0]LogD3D11RHI: !Direct3DDevice
[2016.02.24-16.02.51:955][  0]LogRHI: Texture pool is 1361 MB (70% of 1945 MB)
[2016.02.24-16.02.51:971][  0]LogD3D11RHI: Async texture creation enabled
[2016.02.24-16.02.51:991][  0]LogShaderCompilers: Guid format shader working directory is -22 characters bigger than the processId version (../../../../../MMLS/TGD2251 - GAME PHYSICS/Assignment2/ThirdPersonPunch/Intermediate/Shaders/WorkingDirectory/6912/).
[2016.02.24-16.02.51:993][  0]LogShaderCompilers: Cleaned the shader compiler working directory 'C:/Users/SHAUNG~1/AppData/Local/Temp/UnrealShaderWorkingDir/EE03F7074DF69969ECF53285A405ACFA/'.
[2016.02.24-16.02.51:993][  0]LogShaderCompilers:Display: Using Local Shader Compiler.
[2016.02.24-16.02.59:155][  0]LogTemp:Display: Loaded TP AllDesktopTargetPlatform
[2016.02.24-16.02.59:169][  0]LogTemp:Display: Loaded TP WindowsClientTargetPlatform
[2016.02.24-16.02.59:194][  0]LogTemp:Display: Loaded TP WindowsNoEditorTargetPlatform
[2016.02.24-16.02.59:226][  0]LogTemp:Display: Loaded TP WindowsServerTargetPlatform
[2016.02.24-16.02.59:258][  0]LogTemp:Display: Loaded TP WindowsTargetPlatform
[2016.02.24-16.02.59:283][  0]LogTemp:Display: Loaded TP AndroidTargetPlatform
[2016.02.24-16.02.59:303][  0]LogTemp:Display: Loaded TP Android_ASTCTargetPlatform
[2016.02.24-16.02.59:326][  0]LogTemp:Display: Loaded TP Android_ATCTargetPlatform
[2016.02.24-16.02.59:357][  0]LogTemp:Display: Loaded TP Android_DXTTargetPlatform
[2016.02.24-16.02.59:371][  0]LogTemp:Display: Loaded TP Android_ETC1TargetPlatform
[2016.02.24-16.02.59:393][  0]LogTemp:Display: Loaded TP Android_ETC2TargetPlatform
[2016.02.24-16.02.59:453][  0]LogTemp:Display: Loaded TP Android_MultiTargetPlatform
[2016.02.24-16.02.59:453][  0]LogTemp:Display: Loaded TP Android_PVRTCTargetPlatform
[2016.02.24-16.02.59:456][  0]LogTemp:Display: Loaded TP HTML5TargetPlatform
[2016.02.24-16.02.59:670][  0]LogTemp:Display: Loaded TP IOSTargetPlatform
[2016.02.24-16.02.59:693][  0]LogTemp:Display: Loaded TP LinuxNoEditorTargetPlatform
[2016.02.24-16.02.59:710][  0]LogTemp:Display: Loaded TP LinuxServerTargetPlatform
[2016.02.24-16.02.59:754][  0]LogTemp:Display: Loaded TP LinuxTargetPlatform
[2016.02.24-16.02.59:754][  0]LogTargetPlatformManager:Display: Building Assets For Windows
[2016.02.24-16.03.01:555][  0]LogDerivedDataCache:Display: Max Cache Size: 512 MB
[2016.02.24-16.03.02:094][  0]LogDerivedDataCache: Loaded boot cache 0.54s 41MB C:/Users/Shaun Goh/AppData/Local/UnrealEngine/4.10/DerivedDataCache/Boot.ddc.
[2016.02.24-16.03.02:094][  0]LogDerivedDataCache:Display: Loaded Boot cache: C:/Users/Shaun Goh/AppData/Local/UnrealEngine/4.10/DerivedDataCache/Boot.ddc
[2016.02.24-16.03.02:094][  0]LogDerivedDataCache: FDerivedDataBackendGraph:  Pak pak cache file ../../../../../MMLS/TGD2251 - GAME PHYSICS/Assignment2/ThirdPersonPunch/DerivedDataCache/DDC.ddp not found, will not use a pak cache.
[2016.02.24-16.03.02:094][  0]LogDerivedDataCache: Unable to find inner node Pak for hierarchical cache Hierarchy.
[2016.02.24-16.03.02:094][  0]LogDerivedDataCache: FDerivedDataBackendGraph:  CompressedPak pak cache file ../../../../../MMLS/TGD2251 - GAME PHYSICS/Assignment2/ThirdPersonPunch/DerivedDataCache/Compressed.ddp not found, will not use a pak cache.
[2016.02.24-16.03.02:094][  0]LogDerivedDataCache: Unable to find inner node CompressedPak for hierarchical cache Hierarchy.
[2016.02.24-16.03.02:356][  0]LogDerivedDataCache:Display: Pak cache opened for reading ../../../Engine/DerivedDataCache/Compressed.ddp.
[2016.02.24-16.03.02:369][  0]LogDerivedDataCache: Using Local data cache path C:/Users/Shaun Goh/AppData/Local/UnrealEngine/Common/DerivedDataCache: Writable
[2016.02.24-16.03.