[2016.02.24-21.25.01:533][  0]Log file open, 02/25/16 05:25:01
[2016.02.24-21.25.01:534][  0]LogInit:Display: Running engine for game: ThirdPersonPunch
[2016.02.24-21.25.01:534][  0]LogPlatformFile: Not using cached read wrapper
[2016.02.24-21.25.01:534][  0]LogInit:Display: RandInit(504092753) SRandInit(504092769).
[2016.02.24-21.25.01:534][  0]LogTaskGraph: Started task graph with 4 named threads and 5 total threads.
[2016.02.24-21.25.01:534][  0]LogStats: Stats thread started at 0.077568
[2016.02.24-21.25.01:534][  0]LogInit: Version: 4.10.2-2818068+++depot+UE4-Releases+4.10
[2016.02.24-21.25.01:534][  0]LogInit: API Version: 2758231
[2016.02.24-21.25.01:534][  0]LogInit: Compiled (64-bit): Jan  6 2016 17:36:42
[2016.02.24-21.25.01:534][  0]LogInit: Compiled with Visual C++: 19.00.23026.00
[2016.02.24-21.25.01:534][  0]LogInit: Build Configuration: Development
[2016.02.24-21.25.01:534][  0]LogInit: Branch Name: ++depot+UE4-Releases+4.10
[2016.02.24-21.25.01:534][  0]LogInit: Command line: -HTTP=WinInet
[2016.02.24-21.25.01:534][  0]LogInit: Base directory: D:/Epic Games/4.10/Engine/Binaries/Win64/
[2016.02.24-21.25.01:534][  0]LogInit: Rocket: 1
[2016.02.24-21.25.01:557][  0]LogInit: Presizing for 0 objects not considered by GC, pre-allocating 0 bytes.
[2016.02.24-21.25.01:567][  0]LogInit: Object subsystem initialized
[2016.02.24-21.25.01:568][  0]LogInit: Selected Device Profile: [Windows]
[2016.02.24-21.25.01:568][  0]LogInit: Applying CVar settings loaded from the selected device profile: [Windows]
[2016.02.24-21.25.01:591][  0]LogInit: Computer: DESKTOP-63HJ9HN
[2016.02.24-21.25.01:592][  0]LogInit: User: ShaunGoh
[2016.02.24-21.25.01:592][  0]LogInit: CPU Page size=4096, Cores=2
[2016.02.24-21.25.01:592][  0]LogInit: High frequency timer resolution =3.609370 MHz
[2016.02.24-21.25.01:592][  0]LogMemory: Memory total: Physical=7.9GB (8GB approx)
[2016.02.24-21.25.01:592][  0]LogMemory: Platform Memory Stats for Windows
[2016.02.24-21.25.01:592][  0]LogMemory: Process Physical Memory: 55.75 MB used, 55.75 MB peak
[2016.02.24-21.25.01:592][  0]LogMemory: Process Virtual Memory: 55.50 MB used, 55.50 MB peak
[2016.02.24-21.25.01:592][  0]LogMemory: Physical Memory: 3108.54 MB used, 8113.81 MB total
[2016.02.24-21.25.01:592][  0]LogMemory: Virtual Memory: 381.36 MB used, 134217728.00 MB total
[2016.02.24-21.25.01:625][  0]LogTextLocalizationManager: No specific translations for ('en-US') exist, so ('en') translations will be used.
[2016.02.24-21.25.02:327][  0]LogD3D11RHI: Found D3D11 adapter 0: Intel(R) HD Graphics 530 (Feature Level 11_0)
[2016.02.24-21.25.02:327][  0]LogD3D11RHI: Adapter has 128MB of dedicated video memory, 0MB of dedicated system memory, and 4056MB of shared system memory, 1 output[s]
[2016.02.24-21.25.02:328][  0]LogD3D11RHI: Found D3D11 adapter 1: Microsoft Basic Render Driver (Feature Level 11_0)
[2016.02.24-21.25.02:328][  0]LogD3D11RHI: Adapter has 0MB of dedicated video memory, 0MB of dedicated system memory, and 4056MB of shared system memory, 0 output[s]
[2016.02.24-21.25.02:328][  0]LogD3D11RHI: Chosen D3D11 Adapter Id = 0
[2016.02.24-21.25.02:332][  0]LogD3D11RHI: !Direct3DDevice
[2016.02.24-21.25.02:332][  0]LogRHI: Texture pool is 1361 MB (70% of 1945 MB)
[2016.02.24-21.25.02:339][  0]LogD3D11RHI: Async texture creation enabled
[2016.02.24-21.25.02:344][  0]LogShaderCompilers: Guid format shader working directory is -22 characters bigger than the processId version (../../../../../MMLS/TGD2251 - GAME PHYSICS/Assignment2/ThirdPersonPunch/Intermediate/Shaders/WorkingDirectory/3232/).
[2016.02.24-21.25.02:344][  0]LogShaderCompilers: Cleaned the shader compiler working directory 'C:/Users/SHAUNG~1/AppData/Local/Temp/UnrealShaderWorkingDir/A8C0CCC9494E6A21048969A3D60E9727/'.
[2016.02.24-21.25.02:344][  0]LogShaderCompilers:Display: Using Local Shader Compiler.
[2016.02.24-21.25.03:334][  0]LogTemp:Display: Loaded TP AllDesktopTargetPlatform
[2016.02.24-21.25.03:342][  0]LogTemp:Display: Loaded TP WindowsClientTargetPlatform
[2016.02.24-21.25.03:348][  0]LogTemp:Display: Loaded TP WindowsNoEditorTargetPlatform
[2016.02.24-21.25.03:359][  0]LogTemp:Display: Loaded TP WindowsServerTargetPlatform
[2016.02.24-21.25.03:364][  0]LogTemp:Display: Loaded TP WindowsTargetPlatform
[2016.02.24-21.25.03:367][  0]LogTemp:Display: Loaded TP AndroidTargetPlatform
[2016.02.24-21.25.03:369][  0]LogTemp:Display: Loaded TP Android_ASTCTargetPlatform
[2016.02.24-21.25.03:373][  0]LogTemp:Display: Loaded TP Android_ATCTargetPlatform
[2016.02.24-21.25.03:377][  0]LogTemp:Display: Loaded TP Android_DXTTargetPlatform
[2016.02.24-21.25.03:380][  0]LogTemp:Display: Loaded TP Android_ETC1TargetPlatform
[2016.02.24-21.25.03:386][  0]LogTemp:Display: Loaded TP Android_ETC2TargetPlatform
[2016.02.24-21.25.03:401][  0]LogTemp:Display: Loaded TP Android_MultiTargetPlatform
[2016.02.24-21.25.03:401][  0]LogTemp:Display: Loaded TP Android_PVRTCTargetPlatform
[2016.02.24-21.25.03:402][  0]LogTemp:Display: Loaded TP HTML5TargetPlatform
[2016.02.24-21.25.03:422][  0]LogTemp:Display: Loaded TP IOSTargetPlatform
[2016.02.24-21.25.03:429][  0]LogTemp:Display: Loaded TP LinuxNoEditorTargetPlatform
[2016.02.24-21.25.03:433][  0]LogTemp:Display: Loaded TP LinuxServerTargetPlatform
[2016.02.24-21.25.03:443][  0]LogTemp:Display: Loaded TP LinuxTargetPlatform
[2016.02.24-21.25.03:443][  0]LogTargetPlatformManager:Display: Building Assets For Windows
[2016.02.24-21.25.03:521][  0]LogDerivedDataCache:Display: Max Cache Size: 512 MB
[2016.02.24-21.25.03:585][  0]LogDerivedDataCache: Loaded boot cache 0.06s 41MB C:/Users/Shaun Goh/AppData/Local/UnrealEngine/4.10/DerivedDataCache/Boot.ddc.
[2016.02.24-21.25.03:585][  0]LogDerivedDataCache:Display: Loaded Boot cache: C:/Users/Shaun Goh/AppData/Local/UnrealEngine/4.10/DerivedDataCache/Boot.ddc
[2016.02.24-21.25.03:585][  0]LogDerivedDataCache: FDerivedDataBackendGraph:  Pak pak cache file ../../../../../MMLS/TGD2251 - GAME PHYSICS/Assignment2/ThirdPersonPunch/DerivedDataCache/DDC.ddp not found, will not use a pak cache.
[2016.02.24-21.25.03:585][  0]LogDerivedDataCache: Unable to find inner node Pak for hierarchical cache Hierarchy.
[2016.02.24-21.25.03:585][  0]LogDerivedDataCache: FDerivedDataBackendGraph:  CompressedPak pak cache file ../../../../../MMLS/TGD2251 - GAME PHYSICS/Assignment2/ThirdPersonPunch/DerivedDataCache/Compressed.ddp not found, will not use a pak cache.
[2016.02.24-21.25.03:585][  0]LogDerivedDataCache: Unable to find inner node CompressedPak for hierarchical cache Hierarchy.
[2016.02.24-21.25.03:651][  0]LogDerivedDataCache:Display: Pak cache opened for reading ../../../Engine/DerivedDataCache/Compressed.ddp.
[2016.02.24-21.25.03:666][  0]LogDerivedDataCache: Using Local data cache path C:/Users/Shaun Goh/AppData/Local/UnrealEngine/Common/DerivedDataCache: Writable
[2016.02.24-21.25.03:866][  0]LogInit: Selected Device Profile: [Windows]
[2016.02.24-21.25.03:868][  0]LogContentStreaming: Texture pool size is 0.000000MB
[2016.02.24-21.25.03:978][  0]LogMeshUtilities: No automatic mesh reduction module available
[2016.02.24-21.25.03:979][  0]LogMeshUtilities: No automatic mesh merging module available
[2016.02.24-21.25.04:246][  0]LogInit: WinSock: version 1.1 (2.2), MaxSocks=32767, MaxUdp=65467
[2016.02.24-21.25.04:967][  0]UdpMessaging: Initializing bridge on interface 0.0.0.0:0 to multicast group 230.0.0.1:6666.
[2016.02.24-21.25.05:056][  0]LogAssetRegistry: FAssetRegistry took 0.0109 seconds to start up
[2016.02.24-21.25.05:219][  0]SourceControl: Info Source control is disabled
[2016.02.24-21.25.05:252][  0]SourceControl: Info Source control is disabled
[2016.02.24-21.25.05:266][  0]SourceControl: Info Source control is disabled
[2016.02.24-21.25.05:272][  0]SourceControl: Info Source control is disabled
[2016.02.24-21.25.05:517][  0]LogObj: 28633 objects as part of root set at end of initial load.
[2016.02.24-21.25.05:517][  0]LogUObjectAllocator: 6099744 out of 0 bytes used by permanent object pool.
[2016.02.24-21.25.05:577][  0]LogEngine: Initializing Engine...
[2016.02.24-21.25.05:579][  0]LogHMD: Can't find Oculus library dev build: is proper Runtime installed? Version: 0.8.0.0
[2016.02.24-21.25.05:579][  0]LogHMD: SteamVR failed to initialize.  Err: 110
[2016.02.24-21.25.05:714][  0]LogAIModule: Creating AISystem for world NewWorld
[2016.02.24-21.25.05:721][  0]LogInit: XAudio2 using 'Speakers (2- High Definition Audio Device)' : 2 channels at 44.1 kHz using 16 bits per sample (channel mask 0x3)
[2016.02.24-21.25.05:735][  0]LogInit: FAudioDevice initialized.
[2016.02.24-21.25.05:768][  0]LogDerivedDataCache: Saved boot cache 0.03s 41MB C:/Users/Shaun Goh/AppData/Local/UnrealEngine/4.10/DerivedDataCache/Boot.ddc.
[2016.02.24-21.25.05:782][  0]LogInit: Texture streaming: Enabled
[2016.02.24-21.25.05:787][  0]LogAnalytics: Creating configured Analytics provider AnalyticsET
[2016.02.24-21.25.05:787][  0]LogAnalytics: [UEEditor.Rocket.Release] APIServer = http://et2.epicgames.com/ET2/. AppVersion = 4.10.2-2818068+++depot+UE4-Releases+4.10
[2016.02.24-21.25.05:787][  0]LogAnalytics: [UEEditor.Rocket.Release] SetUserId 7722ef384c4720144d202ca43fb8678d|30f4ab32c514423f9162b30ccdae0155|99934fa0-303e-4f28-b544-4cacd01c1c5b
[2016.02.24-21.25.05:787][  0]LogAnalytics: [UEEditor.Rocket.Release] AnalyticsET::StartSession
[2016.02.24-21.25.05:798][  0]LogInit: Transaction tracking system initialized
[2016.02.24-21.25.05:827][  0]BlueprintLog: New page: Editor Load
[2016.02.24-21.25.05:911][  0]LocalizationService: Info Localization service is disabled
[2016.02.24-21.25.05:976][  0]LogConsoleResponse:Display: 
[2016.02.24-21.25.06:129][  0]LogFileCache: Scanning file cache for directory 'D:/MMLS/TGD2251 - GAME PHYSICS/Assignment2/ThirdPersonPunch/Content/' took 0.02s
[2016.02.24-21.25.06:129][  0]LogCook:Display: Done creating registry. It took  0.00s.
[2016.02.24-21.25.06:168][  0]SourceControl: Info Source control is disabled
[2016.02.24-21.25.06:168][  0]Cmd: MAP LOAD FILE="../../../../../MMLS/TGD2251 - GAME PHYSICS/Assignment2/ThirdPersonPunch/Content/StarterContent/Maps/Minimal_Default.umap" TEMPLATE=0 SHOWPROGRESS=1 FEATURELEVEL=3
[2016.02.24-21.25.06:210][  0]LightingResults: New page: Lighting Build
[2016.02.24-21.25.06:212][  0]MapCheck: New page: Map Check
[2016.02.24-21.25.06:212][  0]LightingResults: New page: Lighting Build
[2016.02.24-21.25.06:233][  0]LogParticles: Destroying 0 GPU particle simulations for FXSystem 0x0000003AAAEFEAC0
[2016.02.24-21.25.07:995][  0]LogAIModule: Creating AISystem for world Minimal_Default
[2016.02.24-21.25.08:118][  0]LogEditorServer: Finished looking for orphan Actors (0.000 secs)
[2016.02.24-21.25.08:132][  0]Cmd: MAP CHECKDEP NOCLEARLOG
[2016.02.24-21.25.08:171][  0]MapCheck: Info Map check complete: 0 Error(s), 0 Warning(s), took 39.057ms to complete.
[2016.02.24-21.25.08:171][  0]LogFileHelpers: Loading map 'Minimal_Default' took 2.003
[2016.02.24-21.25.08:509][  0]LogCollectionManager: Loaded 0 collections in 0.003465 seconds
[2016.02.24-21.25.08:585][  0]LogFileCache: Scanning file cache for directory 'D:/MMLS/TGD2251 - GAME PHYSICS/Assignment2/ThirdPersonPunch/Saved/Collections/' took 0.01s
[2016.02.24-21.25.08:585][  0]LogFileCache: Scanning file cache for directory 'D:/MMLS/TGD2251 - GAME PHYSICS/Assignment2/ThirdPersonPunch/Content/Developers/ShaunGoh/Collections/' took 0.01s
[2016.02.24-21.25.08:585][  0]LogFileCache: Scanning file cache for directory 'D:/MMLS/TGD2251 - GAME PHYSICS/Assignment2/ThirdPersonPunch/Content/Collections/' took 0.01s
[2016.02.24-21.25.08:585][  0]LogCollectionManager: Rebuilt the GUID cache for 0 collections in 0.000002 seconds
[2016.02.24-21.25.08:605][  0]LogContentBrowser: Native class hierarchy populated in 0.0072 seconds. Added 1893 classes and 338 folders.
[2016.02.24-21.25.08:652][  0]LogContentBrowser: Native class hierarchy updated for 'WidgetCarousel' in 0.0004 seconds. Added 0 classes and 0 folders.
[2016.02.24-21.25.09:605][  0]LogContentBrowser: Native class hierarchy updated for 'AddContentDialog' in 0.0002 seconds. Added 0 classes and 0 folders.
[2016.02.24-21.25.09:646][  0]LogContentBrowser: Native class hierarchy updated for 'SceneOutliner' in 0.0003 seconds. Added 1 classes and 2 folders.
[2016.02.24-21.25.09:916][  0]LogCrashTracker: Crashtracker disabled due to settings.
[2016.02.24-21.25.10:003][  0]LogUObjectGlobals:Warning: Failed to find object 'Class None.'
[2016.02.24-21.25.10:050][  0]LogLoad: Full Startup: 9.29 seconds (BP compile: 0.16 seconds)
[2016.02.24-21.25.10:062][  0]LogOcInput: Can't find Oculus library dev build: is proper Runtime installed? Version: 0.8.0.0
[2016.02.24-21.25.10:309][  0]LogContentStreaming: Texture pool size now 200 MB
[2016.02.24-21.25.10:693][  0]LogRenderer: Reallocating scene render targets to support 1208x644 (Frame:2).
[2016.02.24-21.25.12:030][  5]LogAssetRegistry: Asset discovery search completed in 6.9849 seconds
[2016.02.24-21.25.12:030][  5]LogCollectionManager: Rebuilt the object cache for 0 collections in 0.000002 seconds (found 0 objects)
[2016.02.24-21.25.12:030][  5]LogCollectionManager: Fixed up redirectors for 0 collections in 0.000060 seconds (updated 0 objects)
[2016.02.24-21.25.20:488][232]LogBlueprintUserMessages: Early PlayInEditor Detection: Level '/Game/StarterContent/Maps/Minimal_Default.Minimal_Default:PersistentLevel' has LevelScriptBlueprint '/Game/StarterContent/Maps/Minimal_Default.Minimal_Default:PersistentLevel.Minimal_Default' with GeneratedClass '/Game/StarterContent/Maps/Minimal_Default.Minimal_Default_C' with ClassGeneratedBy '/Game/StarterContent/Maps/Minimal_Default.Minimal_Default:PersistentLevel.Minimal_Default'
[2016.02.24-21.25.20:488][232]LogPlayLevel: PlayLevel: No blueprints needed recompiling
[2016.02.24-21.25.20:507][232]PIE: New page: PIE session: Minimal_Default (Feb 25, 2016, 1:25:20 PM)
[2016.02.24-21.25.20:507][232]LogPlayLevel: Creating play world package: /Game/StarterContent/Maps/UEDPIE_0_Minimal_Default
[2016.02.24-21.25.20:538][232]LogPlayLevel: PIE: StaticDuplicateObject took: (0.031223s)
[2016.02.24-21.25.20:539][232]LogAIModule: Creating AISystem for world Minimal_Default
[2016.02.24-21.25.20:539][232]LogPlayLevel: PIE: World Init took: (0.000811s)
[2016.02.24-21.25.20:539][232]LogPlayLevel: PIE: Created PIE world by copying editor world from /Game/StarterContent/Maps/Minimal_Default.Minimal_Default to /Game/StarterContent/Maps/UEDPIE_0_Minimal_Default.Minimal_Default (0.032310s)
[2016.02.24-21.25.20:545][232]LogActorComponent: UnregisterComponent: (/Engine/Transient.CharMoveComp) Not registered. Aborting.
[2016.02.24-21.25.20:594][232]LogInit: XAudio2 using 'Speakers (2- High Definition Audio Device)' : 2 channels at 44.1 kHz using 16 bits per sample (channel mask 0x3)
[2016.02.24-21.25.20:599][232]LogInit: FAudioDevice initialized.
[2016.02.24-21.25.20:716][232]LogWorld: Game class is 'MyGame_C'
[2016.02.24-21.25.20:741][232]LogWorld: Bringing World /Game/StarterContent/Maps/UEDPIE_0_Minimal_Default.Minimal_Default up for play (max tick rate 0) at 2016.02.25-05.25.20
[2016.02.24-21.25.20:741][232]LogActor:Warning: GameSession /Game/StarterContent/Maps/UEDPIE_0_Minimal_Default.Minimal_Default:PersistentLevel.GameSession_0 has natively added scene component(s), but none of them were set as the actor's RootComponent - picking one arbitrarily
[2016.02.24-21.25.20:741][232]LogActor:Warning: GameNetworkManager /Game/StarterContent/Maps/UEDPIE_0_Minimal_Default.Minimal_Default:PersistentLevel.GameNetworkManager_0 has natively added scene component(s), but none of them were set as the actor's RootComponent - picking one arbitrarily
[2016.02.24-21.25.20:765][232]LogWorld: Bringing up level for play took: 0.027689
[2016.02.24-21.25.20:801][232]PIE: Info Play in editor start time for /Game/StarterContent/Maps/UEDPIE_0_Minimal_Default -0.347
[2016.02.24-21.25.20:801][232]LogBlueprintUserMessages: Late PlayInEditor Detection: Level '/Game/StarterContent/Maps/Minimal_Default.Minimal_Default:PersistentLevel' has LevelScriptBlueprint '/Game/StarterContent/Maps/Minimal_Default.Minimal_Default:PersistentLevel.Minimal_Default' with GeneratedClass '/Game/StarterContent/Maps/Minimal_Default.Minimal_Default_C' with ClassGeneratedBy '/Game/StarterContent/Maps/Minimal_Default.Minimal_Default:PersistentLevel.Minimal_Default'
[2016.02.24-21.25.35:078][838]LogBlueprintUserMessages: Early EndPlayMap Detection: Level '/Game/StarterContent/Maps/Minimal_Default.Minimal_Default:PersistentLevel' has LevelScriptBlueprint '/Game/StarterContent/Maps/Minimal_Default.Minimal_Default:PersistentLevel.Minimal_Default' with GeneratedClass '/Game/StarterContent/Maps/Minimal_Default.Minimal_Default_C' with ClassGeneratedBy '/Game/StarterContent/Maps/Minimal_Default.Minimal_Default:PersistentLevel.Minimal_Default'
[2016.02.24-21.25.35:169][838]LogBlueprintUserMessages: Late EndPlayMap Detection: Level '/Game/StarterContent/Maps/Minimal_Default.Minimal_Default:PersistentLevel' has LevelScriptBlueprint '/Game/StarterContent/Maps/Minimal_Default.Minimal_Default:PersistentLevel.Minimal_Default' with GeneratedClass '/Game/StarterContent/Maps/Minimal_Default.Minimal_Default_C' with ClassGeneratedBy '/Game/StarterContent/Maps/Minimal_Default.Minimal_Default:PersistentLevel.Minimal_Default'
[2016.02.24-21.25.35:198][838]LogParticles: Destroying 0 GPU particle simulations for FXSystem 0x0000003AC6B618A0
[2016.02.24-21.25.36:083][863]LogBlueprintUserMessages: Early PlayInEditor Detection: Level '/Game/StarterContent/Maps/Minimal_Default.Minimal_Default:PersistentLevel' has LevelScriptBlueprint '/Game/StarterContent/Maps/Minimal_Default.Minimal_Default:PersistentLevel.Minimal_Default' with GeneratedClass '/Game/StarterContent/Maps/Minimal_Default.Minimal_Default_C' with ClassGeneratedBy '/Game/StarterContent/Maps/Minimal_Default.Minimal_Default:PersistentLevel.Minimal_Default'
[2016.02.24-21.25.36:083][863]LogPlayLevel: PlayLevel: No blueprints needed recompiling
[2016.02.24-21.25.36:083][863]PIE: New page: PIE session: Minimal_Default (Feb 25, 2016, 1:25:36 PM)
[2016.02.24-21.25.36:083][863]LogPlayLevel: Creating play world package: /Game/StarterContent/Maps/UEDPIE_0_Minimal_Default
[2016.02.24-21.25.36:098][863]LogPlayLevel: PIE: StaticDuplicateObject took: (0.014277s)
[2016.02.24-21.25.36:100][863]LogAIModule: Creating AISystem for world Minimal_Default
[2016.02.24-21.25.36:101][863]LogPlayLevel: PIE: World Init took: (0.002590s)
[2016.02.24-21.25.36:101][863]LogPlayLevel: PIE: Created PIE world by copying editor world from /Game/StarterContent/Maps/Minimal_Default.Minimal_Default to /Game/StarterContent/Maps/UEDPIE_0_Minimal_Default.Minimal_Default (0.017544s)
[2016.02.24-21.25.36:154][863]LogInit: XAudio2 using 'Speakers (2- High Definition Audio Device)' : 2 channels at 44.1 kHz using 16 bits per sample (channel mask 0x3)
[2016.02.24-21.25.36:171][863]LogInit: FAudioDevice initialized.
[2016.02.24-21.25.36:218][863]LogWorld: Game class is 'MyGame_C'
[2016.02.24-21.25.36:222][863]LogWorld: Bringing World /Game/StarterContent/Maps/UEDPIE_0_Minimal_Default.Minimal_Default up for play (max tick rate 0) at 2016.02.25-05.25.36
[2016.02.24-21.25.36:222][863]LogActor:Warning: GameSession /Game/StarterContent/Maps/UEDPIE_0_Minimal_Default.Minimal_Default:PersistentLevel.GameSession_1 has natively added scene component(s), but none of them were set as the actor's RootComponent - picking one arbitrarily
[2016.02.24-21.25.36:222][863]LogActor:Warning: GameNetworkManager /Game/StarterContent/Maps/UEDPIE_0_Minimal_Default.Minimal_Default:PersistentLevel.GameNetworkManager_1 has natively added scene component(s), but none of them were set as the actor's RootComponent - picking one arbitrarily
[2016.02.24-21.25.36:222][863]LogWorld: Bringing up level for play took: 0.003878
[2016.02.24-21.25.36:223][863]PIE: Info Play in editor start time for /Game/StarterContent/Maps/UEDPIE_0_Minimal_Default 1.075
[2016.02.24-21.25.36:223][863]LogBlueprintUserMessages: Late PlayInEditor Detection: Level '/Game/StarterContent/Maps/Minimal_Default.Minimal_Default:PersistentLevel' has LevelScriptBlueprint '/Game/StarterContent/Maps/Minimal_Default.Minimal_Default:PersistentLevel.Minimal_Default' with GeneratedClass '/Game/StarterContent/Maps/Minimal_Defau